2019-11-20 09:29:03 INFO  cic.cs.unb.ca.jnetpcap.worker.TrafficFlowWorker    Pcap is listening...
2019-11-20 09:29:18 DEBUG cic.cs.unb.ca.jnetpcap.FlowGenerator    FlagFIN current has 21 flow
2019-11-20 09:29:18 DEBUG cic.cs.unb.ca.jnetpcap.FlowGenerator    FlagFIN current has 21 flow
2019-11-20 09:29:18 DEBUG cic.cs.unb.ca.jnetpcap.FlowGenerator    FlagFIN current has 24 flow
2019-11-20 09:29:18 DEBUG cic.cs.unb.ca.jnetpcap.FlowGenerator    FlagFIN current has 24 flow
2019-11-20 09:29:40 DEBUG cic.cs.unb.ca.jnetpcap.FlowGenerator    FlagFIN current has 30 flow
2019-11-20 09:29:41 DEBUG cic.cs.unb.ca.jnetpcap.FlowGenerator    FlagFIN current has 40 flow
2019-11-20 09:29:49 DEBUG cic.cs.unb.ca.jnetpcap.FlowGenerator    FlagFIN current has 62 flow
2019-11-20 09:29:49 DEBUG cic.cs.unb.ca.jnetpcap.FlowGenerator    FlagFIN current has 62 flow
2019-11-20 09:29:49 DEBUG cic.cs.unb.ca.jnetpcap.FlowGenerator    FlagFIN current has 64 flow
2019-11-20 09:29:49 DEBUG cic.cs.unb.ca.jnetpcap.FlowGenerator    FlagFIN current has 63 flow
2019-11-20 09:29:49 DEBUG cic.cs.unb.ca.jnetpcap.FlowGenerator    FlagFIN current has 62 flow
2019-11-20 09:29:49 DEBUG cic.cs.unb.ca.jnetpcap.FlowGenerator    FlagFIN current has 63 flow
2019-11-20 09:29:49 DEBUG cic.cs.unb.ca.jnetpcap.FlowGenerator    FlagFIN current has 64 flow
2019-11-20 09:29:49 DEBUG cic.cs.unb.ca.jnetpcap.FlowGenerator    FlagFIN current has 65 flow
2019-11-20 09:29:49 DEBUG cic.cs.unb.ca.jnetpcap.FlowGenerator    FlagFIN current has 65 flow
2019-11-20 09:29:50 DEBUG cic.cs.unb.ca.jnetpcap.FlowGenerator    FlagFIN current has 67 flow
2019-11-20 09:29:50 DEBUG cic.cs.unb.ca.jnetpcap.FlowGenerator    FlagFIN current has 66 flow
2019-11-20 09:29:50 DEBUG cic.cs.unb.ca.jnetpcap.FlowGenerator    FlagFIN current has 66 flow
2019-11-20 09:29:50 DEBUG cic.cs.unb.ca.jnetpcap.FlowGenerator    FlagFIN current has 67 flow
2019-11-20 09:30:10 DEBUG cic.cs.unb.ca.jnetpcap.FlowGenerator    FlagFIN current has 67 flow
2019-11-20 09:30:10 DEBUG cic.cs.unb.ca.jnetpcap.FlowGenerator    FlagFIN current has 69 flow
2019-11-20 09:30:15 DEBUG cic.cs.unb.ca.jnetpcap.FlowGenerator    FlagFIN current has 78 flow
2019-11-20 09:30:15 DEBUG cic.cs.unb.ca.jnetpcap.FlowGenerator    FlagFIN current has 78 flow
2019-11-20 09:30:15 DEBUG cic.cs.unb.ca.jnetpcap.FlowGenerator    FlagFIN current has 79 flow
2019-11-20 09:30:15 DEBUG cic.cs.unb.ca.jnetpcap.FlowGenerator    FlagFIN current has 79 flow
2019-11-20 09:30:28 DEBUG cic.cs.unb.ca.jnetpcap.FlowGenerator    FlagFIN current has 81 flow
2019-11-20 09:30:28 DEBUG cic.cs.unb.ca.jnetpcap.FlowGenerator    FlagFIN current has 81 flow
2019-11-20 09:30:28 DEBUG cic.cs.unb.ca.jnetpcap.FlowGenerator    FlagFIN current has 81 flow
2019-11-20 09:30:28 DEBUG cic.cs.unb.ca.jnetpcap.FlowGenerator    FlagFIN current has 80 flow
2019-11-20 09:30:28 DEBUG cic.cs.unb.ca.jnetpcap.FlowGenerator    FlagFIN current has 80 flow
2019-11-20 09:30:28 DEBUG cic.cs.unb.ca.jnetpcap.FlowGenerator    FlagFIN current has 81 flow
2019-11-20 09:30:28 DEBUG cic.cs.unb.ca.jnetpcap.FlowGenerator    FlagFIN current has 81 flow
2019-11-20 09:30:28 DEBUG cic.cs.unb.ca.jnetpcap.FlowGenerator    FlagFIN current has 81 flow
2019-11-20 09:31:00 DEBUG cic.cs.unb.ca.jnetpcap.FlowGenerator    FlagFIN current has 81 flow
2019-11-20 09:31:00 DEBUG cic.cs.unb.ca.jnetpcap.FlowGenerator    FlagFIN current has 81 flow
2019-11-20 09:31:00 DEBUG cic.cs.unb.ca.jnetpcap.FlowGenerator    FlagFIN current has 89 flow
2019-11-20 09:31:00 DEBUG cic.cs.unb.ca.jnetpcap.FlowGenerator    FlagFIN current has 88 flow
2019-11-20 09:31:00 DEBUG cic.cs.unb.ca.jnetpcap.FlowGenerator    FlagFIN current has 89 flow
2019-11-20 09:31:00 DEBUG cic.cs.unb.ca.jnetpcap.FlowGenerator    FlagFIN current has 89 flow
2019-11-20 09:31:00 DEBUG cic.cs.unb.ca.jnetpcap.FlowGenerator    FlagFIN current has 92 flow
2019-11-20 09:31:00 DEBUG cic.cs.unb.ca.jnetpcap.FlowGenerator    FlagFIN current has 92 flow
2019-11-20 09:31:08 DEBUG cic.cs.unb.ca.jnetpcap.FlowGenerator    FlagFIN current has 100 flow
2019-11-20 09:31:08 DEBUG cic.cs.unb.ca.jnetpcap.FlowGenerator    FlagFIN current has 100 flow
2019-11-20 09:31:08 DEBUG cic.cs.unb.ca.jnetpcap.FlowGenerator    Timeout current has 100 flow
2019-11-20 09:31:08 DEBUG cic.cs.unb.ca.jnetpcap.FlowGenerator    Timeout current has 100 flow
2019-11-20 09:31:11 INFO  cic.cs.unb.ca.flow.ui.FlowMonitorPane    Pcap stop listening
2019-11-20 09:31:11 INFO  cic.cs.unb.ca.flow.ui.FlowMonitorPane    path:/home/khizar/CICFlowMeter/data/daily/2019-11-20_Flow.csv
2019-11-20 09:31:13 INFO  cic.cs.unb.ca.jnetpcap.worker.TrafficFlowWorker    Pcap is listening...
2019-11-20 09:32:51 INFO  cic.cs.unb.ca.jnetpcap.worker.TrafficFlowWorker    Pcap is listening...
2019-11-20 09:33:58 DEBUG cic.cs.unb.ca.jnetpcap.FlowGenerator    FlagFIN current has 37 flow
2019-11-20 09:33:58 DEBUG cic.cs.unb.ca.jnetpcap.FlowGenerator    FlagFIN current has 36 flow
2019-11-20 09:33:58 DEBUG cic.cs.unb.ca.jnetpcap.FlowGenerator    FlagFIN current has 37 flow
2019-11-20 09:34:28 DEBUG cic.cs.unb.ca.jnetpcap.FlowGenerator    FlagFIN current has 63 flow
2019-11-20 09:34:28 DEBUG cic.cs.unb.ca.jnetpcap.FlowGenerator    FlagFIN current has 64 flow
2019-11-20 09:34:28 DEBUG cic.cs.unb.ca.jnetpcap.FlowGenerator    FlagFIN current has 64 flow
2019-11-20 09:35:14 DEBUG cic.cs.unb.ca.jnetpcap.FlowGenerator    FlagFIN current has 84 flow
2019-11-20 09:35:14 DEBUG cic.cs.unb.ca.jnetpcap.FlowGenerator    FlagFIN current has 84 flow
2019-11-20 09:36:00 DEBUG cic.cs.unb.ca.jnetpcap.FlowGenerator    FlagFIN current has 97 flow
2019-11-20 09:36:00 DEBUG cic.cs.unb.ca.jnetpcap.FlowGenerator    FlagFIN current has 97 flow
2019-11-20 09:36:00 DEBUG cic.cs.unb.ca.jnetpcap.FlowGenerator    FlagFIN current has 100 flow
2019-11-20 09:36:00 DEBUG cic.cs.unb.ca.jnetpcap.FlowGenerator    FlagFIN current has 100 flow
2019-11-20 09:36:30 DEBUG cic.cs.unb.ca.jnetpcap.FlowGenerator    FlagFIN current has 122 flow
2019-11-20 09:36:30 DEBUG cic.cs.unb.ca.jnetpcap.FlowGenerator    FlagFIN current has 122 flow
2019-11-20 09:36:38 DEBUG cic.cs.unb.ca.jnetpcap.FlowGenerator    FlagFIN current has 130 flow
2019-11-20 09:36:38 DEBUG cic.cs.unb.ca.jnetpcap.FlowGenerator    FlagFIN current has 130 flow
2019-11-20 09:37:01 DEBUG cic.cs.unb.ca.jnetpcap.FlowGenerator    FlagFIN current has 136 flow
2019-11-20 09:37:01 DEBUG cic.cs.unb.ca.jnetpcap.FlowGenerator    FlagFIN current has 136 flow
2019-11-20 09:37:07 DEBUG cic.cs.unb.ca.jnetpcap.FlowGenerator    FlagFIN current has 147 flow
2019-11-20 09:37:07 DEBUG cic.cs.unb.ca.jnetpcap.FlowGenerator    FlagFIN current has 151 flow
2019-11-20 09:37:07 DEBUG cic.cs.unb.ca.jnetpcap.FlowGenerator    FlagFIN current has 151 flow
2019-11-20 09:37:07 DEBUG cic.cs.unb.ca.jnetpcap.FlowGenerator    FlagFIN current has 152 flow
2019-11-20 09:37:07 DEBUG cic.cs.unb.ca.jnetpcap.FlowGenerator    FlagFIN current has 152 flow
2019-11-20 09:37:30 DEBUG cic.cs.unb.ca.jnetpcap.FlowGenerator    FlagFIN current has 164 flow
2019-11-20 09:37:30 DEBUG cic.cs.unb.ca.jnetpcap.FlowGenerator    FlagFIN current has 166 flow
2019-11-20 09:37:30 DEBUG cic.cs.unb.ca.jnetpcap.FlowGenerator    FlagFIN current has 169 flow
2019-11-20 09:37:30 DEBUG cic.cs.unb.ca.jnetpcap.FlowGenerator    FlagFIN current has 170 flow
2019-11-20 09:37:49 DEBUG cic.cs.unb.ca.jnetpcap.FlowGenerator    FlagFIN current has 173 flow
2019-11-20 09:37:49 DEBUG cic.cs.unb.ca.jnetpcap.FlowGenerator    FlagFIN current has 180 flow
2019-11-20 09:37:49 DEBUG cic.cs.unb.ca.jnetpcap.FlowGenerator    FlagFIN current has 180 flow
2019-11-20 09:38:00 DEBUG cic.cs.unb.ca.jnetpcap.FlowGenerator    FlagFIN current has 209 flow
2019-11-20 09:38:00 DEBUG cic.cs.unb.ca.jnetpcap.FlowGenerator    FlagFIN current has 212 flow
2019-11-20 09:38:00 DEBUG cic.cs.unb.ca.jnetpcap.FlowGenerator    FlagFIN current has 213 flow
2019-11-20 09:38:00 DEBUG cic.cs.unb.ca.jnetpcap.FlowGenerator    FlagFIN current has 214 flow
2019-11-20 09:38:00 DEBUG cic.cs.unb.ca.jnetpcap.FlowGenerator    FlagFIN current has 214 flow
2019-11-20 09:38:00 DEBUG cic.cs.unb.ca.jnetpcap.FlowGenerator    FlagFIN current has 215 flow
2019-11-20 09:38:00 DEBUG cic.cs.unb.ca.jnetpcap.FlowGenerator    FlagFIN current has 215 flow
2019-11-20 09:38:00 DEBUG cic.cs.unb.ca.jnetpcap.FlowGenerator    FlagFIN current has 215 flow
2019-11-20 09:38:00 DEBUG cic.cs.unb.ca.jnetpcap.FlowGenerator    FlagFIN current has 215 flow
2019-11-20 09:38:00 DEBUG cic.cs.unb.ca.jnetpcap.FlowGenerator    FlagFIN current has 218 flow
2019-11-20 09:38:00 DEBUG cic.cs.unb.ca.jnetpcap.FlowGenerator    FlagFIN current has 218 flow
2019-11-20 09:38:00 DEBUG cic.cs.unb.ca.jnetpcap.FlowGenerator    FlagFIN current has 217 flow
2019-11-20 09:38:00 DEBUG cic.cs.unb.ca.jnetpcap.FlowGenerator    FlagFIN current has 218 flow
2019-11-20 09:38:21 DEBUG cic.cs.unb.ca.jnetpcap.FlowGenerator    FlagFIN current has 218 flow
2019-11-20 09:38:21 DEBUG cic.cs.unb.ca.jnetpcap.FlowGenerator    FlagFIN current has 221 flow
2019-11-20 09:38:21 DEBUG cic.cs.unb.ca.jnetpcap.FlowGenerator    FlagFIN current has 224 flow
2019-11-20 09:38:21 DEBUG cic.cs.unb.ca.jnetpcap.FlowGenerator    FlagFIN current has 226 flow
2019-11-20 09:38:21 DEBUG cic.cs.unb.ca.jnetpcap.FlowGenerator    FlagFIN current has 228 flow
2019-11-20 09:38:21 DEBUG cic.cs.unb.ca.jnetpcap.FlowGenerator    FlagFIN current has 227 flow
2019-11-20 09:38:21 DEBUG cic.cs.unb.ca.jnetpcap.FlowGenerator    FlagFIN current has 232 flow
2019-11-20 09:38:21 DEBUG cic.cs.unb.ca.jnetpcap.FlowGenerator    FlagFIN current has 234 flow
2019-11-20 09:38:21 DEBUG cic.cs.unb.ca.jnetpcap.FlowGenerator    FlagFIN current has 234 flow
2019-11-20 09:38:21 DEBUG cic.cs.unb.ca.jnetpcap.FlowGenerator    FlagFIN current has 234 flow
2019-11-20 09:38:21 DEBUG cic.cs.unb.ca.jnetpcap.FlowGenerator    FlagFIN current has 233 flow
2019-11-20 09:38:21 DEBUG cic.cs.unb.ca.jnetpcap.FlowGenerator    FlagFIN current has 236 flow
2019-11-20 09:38:21 DEBUG cic.cs.unb.ca.jnetpcap.FlowGenerator    FlagFIN current has 236 flow
2019-11-20 09:38:21 DEBUG cic.cs.unb.ca.jnetpcap.FlowGenerator    FlagFIN current has 235 flow
2019-11-20 09:38:21 DEBUG cic.cs.unb.ca.jnetpcap.FlowGenerator    FlagFIN current has 234 flow
2019-11-20 09:38:21 DEBUG cic.cs.unb.ca.jnetpcap.FlowGenerator    FlagFIN current has 234 flow
2019-11-20 09:38:21 DEBUG cic.cs.unb.ca.jnetpcap.FlowGenerator    FlagFIN current has 237 flow
2019-11-20 09:38:21 DEBUG cic.cs.unb.ca.jnetpcap.FlowGenerator    FlagFIN current has 237 flow
2019-11-20 09:38:21 DEBUG cic.cs.unb.ca.jnetpcap.FlowGenerator    FlagFIN current has 239 flow
2019-11-20 09:38:21 DEBUG cic.cs.unb.ca.jnetpcap.FlowGenerator    FlagFIN current has 242 flow
2019-11-20 09:38:21 DEBUG cic.cs.unb.ca.jnetpcap.FlowGenerator    FlagFIN current has 245 flow
2019-11-20 09:38:21 DEBUG cic.cs.unb.ca.jnetpcap.FlowGenerator    FlagFIN current has 247 flow
2019-11-20 09:38:21 DEBUG cic.cs.unb.ca.jnetpcap.FlowGenerator    FlagFIN current has 249 flow
2019-11-20 09:38:21 DEBUG cic.cs.unb.ca.jnetpcap.FlowGenerator    FlagFIN current has 249 flow
2019-11-20 09:38:21 DEBUG cic.cs.unb.ca.jnetpcap.FlowGenerator    FlagFIN current has 249 flow
2019-11-20 09:38:21 DEBUG cic.cs.unb.ca.jnetpcap.FlowGenerator    FlagFIN current has 253 flow
2019-11-20 09:38:21 DEBUG cic.cs.unb.ca.jnetpcap.FlowGenerator    FlagFIN current has 253 flow
2019-11-20 09:38:21 DEBUG cic.cs.unb.ca.jnetpcap.FlowGenerator    FlagFIN current has 253 flow
2019-11-20 09:38:21 DEBUG cic.cs.unb.ca.jnetpcap.FlowGenerator    FlagFIN current has 254 flow
2019-11-20 09:38:21 DEBUG cic.cs.unb.ca.jnetpcap.FlowGenerator    FlagFIN current has 259 flow
2019-11-20 09:38:21 DEBUG cic.cs.unb.ca.jnetpcap.FlowGenerator    FlagFIN current has 261 flow
2019-11-20 09:38:21 DEBUG cic.cs.unb.ca.jnetpcap.FlowGenerator    FlagFIN current has 264 flow
2019-11-20 09:38:21 DEBUG cic.cs.unb.ca.jnetpcap.FlowGenerator    FlagFIN current has 267 flow
2019-11-20 09:38:21 DEBUG cic.cs.unb.ca.jnetpcap.FlowGenerator    FlagFIN current has 271 flow
2019-11-20 09:38:21 DEBUG cic.cs.unb.ca.jnetpcap.FlowGenerator    FlagFIN current has 279 flow
2019-11-20 09:38:21 DEBUG cic.cs.unb.ca.jnetpcap.FlowGenerator    FlagFIN current has 281 flow
2019-11-20 09:38:21 DEBUG cic.cs.unb.ca.jnetpcap.FlowGenerator    FlagFIN current has 281 flow
2019-11-20 09:38:21 DEBUG cic.cs.unb.ca.jnetpcap.FlowGenerator    FlagFIN current has 280 flow
2019-11-20 09:38:21 DEBUG cic.cs.unb.ca.jnetpcap.FlowGenerator    FlagFIN current has 281 flow
2019-11-20 09:38:21 DEBUG cic.cs.unb.ca.jnetpcap.FlowGenerator    FlagFIN current has 281 flow
2019-11-20 09:38:28 DEBUG cic.cs.unb.ca.jnetpcap.FlowGenerator    FlagFIN current has 286 flow
2019-11-20 09:38:28 DEBUG cic.cs.unb.ca.jnetpcap.FlowGenerator    FlagFIN current has 288 flow
2019-11-20 09:38:28 DEBUG cic.cs.unb.ca.jnetpcap.FlowGenerator    FlagFIN current has 289 flow
2019-11-20 09:38:28 DEBUG cic.cs.unb.ca.jnetpcap.FlowGenerator    FlagFIN current has 291 flow
2019-11-20 09:38:28 DEBUG cic.cs.unb.ca.jnetpcap.FlowGenerator    FlagFIN current has 290 flow
2019-11-20 09:38:28 DEBUG cic.cs.unb.ca.jnetpcap.FlowGenerator    FlagFIN current has 289 flow
2019-11-20 09:38:42 DEBUG cic.cs.unb.ca.jnetpcap.FlowGenerator    FlagFIN current has 308 flow
2019-11-20 09:38:42 DEBUG cic.cs.unb.ca.jnetpcap.FlowGenerator    FlagFIN current has 308 flow
2019-11-20 09:38:42 DEBUG cic.cs.unb.ca.jnetpcap.FlowGenerator    FlagFIN current has 309 flow
2019-11-20 09:38:42 DEBUG cic.cs.unb.ca.jnetpcap.FlowGenerator    FlagFIN current has 318 flow
2019-11-20 09:38:42 DEBUG cic.cs.unb.ca.jnetpcap.FlowGenerator    FlagFIN current has 328 flow
2019-11-20 09:38:42 DEBUG cic.cs.unb.ca.jnetpcap.FlowGenerator    FlagFIN current has 340 flow
2019-11-20 09:38:42 DEBUG cic.cs.unb.ca.jnetpcap.FlowGenerator    FlagFIN current has 340 flow
2019-11-20 09:38:44 DEBUG cic.cs.unb.ca.jnetpcap.FlowGenerator    FlagFIN current has 341 flow
2019-11-20 09:39:00 DEBUG cic.cs.unb.ca.jnetpcap.FlowGenerator    FlagFIN current has 349 flow
2019-11-20 09:39:00 DEBUG cic.cs.unb.ca.jnetpcap.FlowGenerator    FlagFIN current has 362 flow
2019-11-20 09:39:00 DEBUG cic.cs.unb.ca.jnetpcap.FlowGenerator    FlagFIN current has 363 flow
2019-11-20 09:39:00 DEBUG cic.cs.unb.ca.jnetpcap.FlowGenerator    FlagFIN current has 368 flow
2019-11-20 09:39:00 DEBUG cic.cs.unb.ca.jnetpcap.FlowGenerator    FlagFIN current has 369 flow
2019-11-20 09:39:00 DEBUG cic.cs.unb.ca.jnetpcap.FlowGenerator    FlagFIN current has 372 flow
2019-11-20 09:39:00 DEBUG cic.cs.unb.ca.jnetpcap.FlowGenerator    FlagFIN current has 374 flow
2019-11-20 09:39:00 DEBUG cic.cs.unb.ca.jnetpcap.FlowGenerator    FlagFIN current has 383 flow
2019-11-20 09:39:08 DEBUG cic.cs.unb.ca.jnetpcap.FlowGenerator    FlagFIN current has 387 flow
2019-11-20 09:39:08 DEBUG cic.cs.unb.ca.jnetpcap.FlowGenerator    FlagFIN current has 387 flow
2019-11-20 09:39:08 DEBUG cic.cs.unb.ca.jnetpcap.FlowGenerator    FlagFIN current has 387 flow
2019-11-20 09:39:08 DEBUG cic.cs.unb.ca.jnetpcap.FlowGenerator    FlagFIN current has 388 flow
2019-11-20 09:39:08 DEBUG cic.cs.unb.ca.jnetpcap.FlowGenerator    FlagFIN current has 388 flow
2019-11-20 09:39:08 DEBUG cic.cs.unb.ca.jnetpcap.FlowGenerator    FlagFIN current has 398 flow
2019-11-20 09:39:08 DEBUG cic.cs.unb.ca.jnetpcap.FlowGenerator    FlagFIN current has 398 flow
2019-11-20 09:39:08 DEBUG cic.cs.unb.ca.jnetpcap.FlowGenerator    FlagFIN current has 401 flow
2019-11-20 09:39:08 DEBUG cic.cs.unb.ca.jnetpcap.FlowGenerator    FlagFIN current has 401 flow
2019-11-20 09:39:08 DEBUG cic.cs.unb.ca.jnetpcap.FlowGenerator    FlagFIN current has 403 flow
2019-11-20 09:39:08 DEBUG cic.cs.unb.ca.jnetpcap.FlowGenerator    FlagFIN current has 403 flow
2019-11-20 09:39:29 DEBUG cic.cs.unb.ca.jnetpcap.FlowGenerator    FlagFIN current has 404 flow
2019-11-20 09:39:29 DEBUG cic.cs.unb.ca.jnetpcap.FlowGenerator    FlagFIN current has 404 flow
2019-11-20 09:39:29 DEBUG cic.cs.unb.ca.jnetpcap.FlowGenerator    FlagFIN current has 404 flow
2019-11-20 09:39:29 DEBUG cic.cs.unb.ca.jnetpcap.FlowGenerator    FlagFIN current has 406 flow
2019-11-20 09:39:30 DEBUG cic.cs.unb.ca.jnetpcap.FlowGenerator    FlagFIN current has 414 flow
2019-11-20 09:39:30 DEBUG cic.cs.unb.ca.jnetpcap.FlowGenerator    FlagFIN current has 417 flow
2019-11-20 09:39:33 DEBUG cic.cs.unb.ca.jnetpcap.FlowGenerator    FlagFIN current has 426 flow
2019-11-20 09:39:33 DEBUG cic.cs.unb.ca.jnetpcap.FlowGenerator    FlagFIN current has 425 flow
2019-11-20 09:39:33 DEBUG cic.cs.unb.ca.jnetpcap.FlowGenerator    FlagFIN current has 427 flow
2019-11-20 09:39:33 DEBUG cic.cs.unb.ca.jnetpcap.FlowGenerator    FlagFIN current has 427 flow
2019-11-20 09:39:33 DEBUG cic.cs.unb.ca.jnetpcap.FlowGenerator    FlagFIN current has 431 flow
2019-11-20 09:39:40 DEBUG cic.cs.unb.ca.jnetpcap.FlowGenerator    FlagFIN current has 450 flow
2019-11-20 09:39:40 DEBUG cic.cs.unb.ca.jnetpcap.FlowGenerator    FlagFIN current has 450 flow
2019-11-20 09:39:40 DEBUG cic.cs.unb.ca.jnetpcap.FlowGenerator    FlagFIN current has 455 flow
2019-11-20 09:39:40 DEBUG cic.cs.unb.ca.jnetpcap.FlowGenerator    FlagFIN current has 456 flow
2019-11-20 09:39:48 DEBUG cic.cs.unb.ca.jnetpcap.FlowGenerator    FlagFIN current has 456 flow
2019-11-20 09:40:08 DEBUG cic.cs.unb.ca.jnetpcap.FlowGenerator    FlagFIN current has 478 flow
2019-11-20 09:40:08 DEBUG cic.cs.unb.ca.jnetpcap.FlowGenerator    FlagFIN current has 479 flow
2019-11-20 09:40:08 DEBUG cic.cs.unb.ca.jnetpcap.FlowGenerator    FlagFIN current has 496 flow
2019-11-20 09:40:08 DEBUG cic.cs.unb.ca.jnetpcap.FlowGenerator    FlagFIN current has 509 flow
2019-11-20 09:40:10 DEBUG cic.cs.unb.ca.jnetpcap.FlowGenerator    FlagFIN current has 533 flow
2019-11-20 09:40:10 DEBUG cic.cs.unb.ca.jnetpcap.FlowGenerator    FlagFIN current has 533 flow
2019-11-20 09:40:18 DEBUG cic.cs.unb.ca.jnetpcap.FlowGenerator    FlagFIN current has 549 flow
2019-11-20 09:40:18 DEBUG cic.cs.unb.ca.jnetpcap.FlowGenerator    FlagFIN current has 548 flow
2019-11-20 09:40:18 DEBUG cic.cs.unb.ca.jnetpcap.FlowGenerator    Timeout current has 550 flow
2019-11-20 09:40:18 DEBUG cic.cs.unb.ca.jnetpcap.FlowGenerator    FlagFIN current has 554 flow
2019-11-20 09:40:40 DEBUG cic.cs.unb.ca.jnetpcap.FlowGenerator    FlagFIN current has 572 flow
2019-11-20 09:41:10 DEBUG cic.cs.unb.ca.jnetpcap.FlowGenerator    FlagFIN current has 619 flow
2019-11-20 09:41:40 DEBUG cic.cs.unb.ca.jnetpcap.FlowGenerator    Timeout current has 650 flow
2019-11-20 09:42:38 DEBUG cic.cs.unb.ca.jnetpcap.FlowGenerator    FlagFIN current has 709 flow
2019-11-20 09:42:38 DEBUG cic.cs.unb.ca.jnetpcap.FlowGenerator    FlagFIN current has 709 flow
2019-11-20 09:42:40 DEBUG cic.cs.unb.ca.jnetpcap.FlowGenerator    FlagFIN current has 717 flow
2019-11-20 09:42:40 DEBUG cic.cs.unb.ca.jnetpcap.FlowGenerator    FlagFIN current has 717 flow
2019-11-20 09:43:09 DEBUG cic.cs.unb.ca.jnetpcap.FlowGenerator    FlagFIN current has 735 flow
2019-11-20 09:43:09 DEBUG cic.cs.unb.ca.jnetpcap.FlowGenerator    FlagFIN current has 735 flow
2019-11-20 09:44:37 DEBUG cic.cs.unb.ca.jnetpcap.FlowGenerator    FlagFIN current has 783 flow
2019-11-20 09:44:37 DEBUG cic.cs.unb.ca.jnetpcap.FlowGenerator    FlagFIN current has 789 flow
2019-11-20 09:44:49 DEBUG cic.cs.unb.ca.jnetpcap.FlowGenerator    FlagFIN current has 797 flow
2019-11-20 09:44:49 DEBUG cic.cs.unb.ca.jnetpcap.FlowGenerator    FlagFIN current has 797 flow
2019-11-20 09:44:56 DEBUG cic.cs.unb.ca.jnetpcap.FlowGenerator    Timeout current has 800 flow
2019-11-20 09:44:56 DEBUG cic.cs.unb.ca.jnetpcap.FlowGenerator    Timeout current has 800 flow
2019-11-20 09:44:56 DEBUG cic.cs.unb.ca.jnetpcap.FlowGenerator    Timeout current has 800 flow
2019-11-20 09:45:18 DEBUG cic.cs.unb.ca.jnetpcap.FlowGenerator    FlagFIN current has 810 flow
2019-11-20 09:45:18 DEBUG cic.cs.unb.ca.jnetpcap.FlowGenerator    FlagFIN current has 810 flow
2019-11-20 09:46:18 DEBUG cic.cs.unb.ca.jnetpcap.FlowGenerator    Timeout current has 850 flow
2019-11-20 09:46:18 DEBUG cic.cs.unb.ca.jnetpcap.FlowGenerator    Timeout current has 850 flow
2019-11-20 09:46:18 DEBUG cic.cs.unb.ca.jnetpcap.FlowGenerator    FlagFIN current has 854 flow
2019-11-20 09:46:18 DEBUG cic.cs.unb.ca.jnetpcap.FlowGenerator    FlagFIN current has 854 flow
2019-11-20 09:46:43 INFO  cic.cs.unb.ca.flow.ui.FlowMonitorPane    Pcap stop listening
2019-11-20 09:46:43 INFO  cic.cs.unb.ca.flow.ui.FlowMonitorPane    path:/home/khizar/CICFlowMeter/data/daily/2019-11-20_Flow.csv
2019-11-20 09:46:46 INFO  cic.cs.unb.ca.jnetpcap.worker.TrafficFlowWorker    Pcap is listening...
2019-11-20 09:46:48 DEBUG cic.cs.unb.ca.jnetpcap.worker.TrafficFlowWorker    break Packet loop
2019-11-20 09:46:48 DEBUG cic.cs.unb.ca.jnetpcap.FlowGenerator    FlagFIN current has 4 flow
2019-11-20 09:47:06 DEBUG cic.cs.unb.ca.jnetpcap.FlowGenerator    FlagFIN current has 14 flow
2019-11-20 09:47:06 DEBUG cic.cs.unb.ca.jnetpcap.FlowGenerator    FlagFIN current has 16 flow
2019-11-20 09:47:06 DEBUG cic.cs.unb.ca.jnetpcap.FlowGenerator    FlagFIN current has 16 flow
2019-11-20 09:47:06 DEBUG cic.cs.unb.ca.jnetpcap.FlowGenerator    FlagFIN current has 18 flow
2019-11-20 09:47:06 DEBUG cic.cs.unb.ca.jnetpcap.FlowGenerator    FlagFIN current has 26 flow
2019-11-20 09:47:06 DEBUG cic.cs.unb.ca.jnetpcap.FlowGenerator    FlagFIN current has 29 flow
2019-11-20 09:47:10 DEBUG cic.cs.unb.ca.jnetpcap.FlowGenerator    FlagFIN current has 49 flow
2019-11-20 09:47:14 INFO  cic.cs.unb.ca.flow.ui.FlowMonitorPane    Pcap stop listening
2019-11-20 09:47:14 INFO  cic.cs.unb.ca.flow.ui.FlowMonitorPane    path:/home/khizar/CICFlowMeter/data/daily/2019-11-20_Flow.csv
2019-11-20 09:47:16 INFO  cic.cs.unb.ca.jnetpcap.worker.TrafficFlowWorker    Pcap is listening...
2019-11-20 09:47:18 DEBUG cic.cs.unb.ca.jnetpcap.worker.TrafficFlowWorker    break Packet loop
2019-11-20 09:47:18 DEBUG cic.cs.unb.ca.jnetpcap.FlowGenerator    FlagFIN current has 3 flow
