2019-11-21 11:29:41 INFO  cic.cs.unb.ca.jnetpcap.worker.TrafficFlowWorker    Pcap is listening...
2019-11-21 11:30:19 DEBUG cic.cs.unb.ca.jnetpcap.FlowGenerator    FlagFIN current has 120 flow
2019-11-21 11:30:19 DEBUG cic.cs.unb.ca.jnetpcap.FlowGenerator    FlagFIN current has 120 flow
2019-11-21 11:30:26 DEBUG cic.cs.unb.ca.jnetpcap.FlowGenerator    FlagFIN current has 122 flow
2019-11-21 11:30:26 DEBUG cic.cs.unb.ca.jnetpcap.FlowGenerator    FlagFIN current has 137 flow
2019-11-21 11:30:26 DEBUG cic.cs.unb.ca.jnetpcap.FlowGenerator    FlagFIN current has 136 flow
2019-11-21 11:30:40 DEBUG cic.cs.unb.ca.jnetpcap.FlowGenerator    FlagFIN current has 143 flow
2019-11-21 11:30:40 DEBUG cic.cs.unb.ca.jnetpcap.FlowGenerator    FlagFIN current has 142 flow
2019-11-21 11:30:40 DEBUG cic.cs.unb.ca.jnetpcap.FlowGenerator    FlagFIN current has 141 flow
2019-11-21 11:30:40 DEBUG cic.cs.unb.ca.jnetpcap.FlowGenerator    FlagFIN current has 141 flow
2019-11-21 11:30:40 DEBUG cic.cs.unb.ca.jnetpcap.FlowGenerator    FlagFIN current has 142 flow
2019-11-21 11:30:40 DEBUG cic.cs.unb.ca.jnetpcap.FlowGenerator    FlagFIN current has 153 flow
2019-11-21 11:30:40 DEBUG cic.cs.unb.ca.jnetpcap.FlowGenerator    FlagFIN current has 153 flow
2019-11-21 11:30:40 DEBUG cic.cs.unb.ca.jnetpcap.FlowGenerator    FlagFIN current has 156 flow
2019-11-21 11:30:40 DEBUG cic.cs.unb.ca.jnetpcap.FlowGenerator    FlagFIN current has 156 flow
2019-11-21 11:31:04 DEBUG cic.cs.unb.ca.jnetpcap.FlowGenerator    FlagFIN current has 182 flow
2019-11-21 11:31:17 DEBUG cic.cs.unb.ca.jnetpcap.FlowGenerator    FlagFIN current has 203 flow
2019-11-21 11:31:17 DEBUG cic.cs.unb.ca.jnetpcap.FlowGenerator    FlagFIN current has 203 flow
2019-11-21 11:31:47 DEBUG cic.cs.unb.ca.jnetpcap.FlowGenerator    FlagFIN current has 214 flow
2019-11-21 11:31:47 DEBUG cic.cs.unb.ca.jnetpcap.FlowGenerator    FlagFIN current has 214 flow
2019-11-21 11:31:47 DEBUG cic.cs.unb.ca.jnetpcap.FlowGenerator    FlagFIN current has 214 flow
2019-11-21 11:31:47 DEBUG cic.cs.unb.ca.jnetpcap.FlowGenerator    FlagFIN current has 226 flow
2019-11-21 11:32:06 DEBUG cic.cs.unb.ca.jnetpcap.FlowGenerator    Timeout current has 250 flow
2019-11-21 11:32:17 DEBUG cic.cs.unb.ca.jnetpcap.FlowGenerator    FlagFIN current has 274 flow
2019-11-21 11:32:17 DEBUG cic.cs.unb.ca.jnetpcap.FlowGenerator    FlagFIN current has 274 flow
2019-11-21 11:32:17 DEBUG cic.cs.unb.ca.jnetpcap.FlowGenerator    FlagFIN current has 275 flow
2019-11-21 11:32:17 DEBUG cic.cs.unb.ca.jnetpcap.FlowGenerator    FlagFIN current has 275 flow
2019-11-21 11:32:58 DEBUG cic.cs.unb.ca.jnetpcap.FlowGenerator    FlagFIN current has 309 flow
2019-11-21 11:32:58 DEBUG cic.cs.unb.ca.jnetpcap.FlowGenerator    FlagFIN current has 308 flow
2019-11-21 11:32:58 DEBUG cic.cs.unb.ca.jnetpcap.FlowGenerator    FlagFIN current has 308 flow
2019-11-21 11:32:58 DEBUG cic.cs.unb.ca.jnetpcap.FlowGenerator    FlagFIN current has 309 flow
2019-11-21 11:32:58 DEBUG cic.cs.unb.ca.jnetpcap.FlowGenerator    FlagFIN current has 321 flow
2019-11-21 11:32:58 DEBUG cic.cs.unb.ca.jnetpcap.FlowGenerator    FlagFIN current has 321 flow
2019-11-21 11:32:58 DEBUG cic.cs.unb.ca.jnetpcap.FlowGenerator    FlagFIN current has 324 flow
2019-11-21 11:32:58 DEBUG cic.cs.unb.ca.jnetpcap.FlowGenerator    FlagFIN current has 324 flow
2019-11-21 11:33:06 DEBUG cic.cs.unb.ca.jnetpcap.FlowGenerator    FlagFIN current has 333 flow
2019-11-21 11:33:06 DEBUG cic.cs.unb.ca.jnetpcap.FlowGenerator    FlagFIN current has 333 flow
2019-11-21 11:33:08 DEBUG cic.cs.unb.ca.jnetpcap.FlowGenerator    FlagFIN current has 340 flow
2019-11-21 11:33:08 DEBUG cic.cs.unb.ca.jnetpcap.FlowGenerator    FlagFIN current has 340 flow
2019-11-21 11:33:18 DEBUG cic.cs.unb.ca.jnetpcap.FlowGenerator    FlagFIN current has 343 flow
2019-11-21 11:33:18 DEBUG cic.cs.unb.ca.jnetpcap.FlowGenerator    FlagFIN current has 345 flow
2019-11-21 11:33:18 DEBUG cic.cs.unb.ca.jnetpcap.FlowGenerator    FlagFIN current has 344 flow
2019-11-21 11:33:18 DEBUG cic.cs.unb.ca.jnetpcap.FlowGenerator    FlagFIN current has 344 flow
2019-11-21 11:33:18 DEBUG cic.cs.unb.ca.jnetpcap.FlowGenerator    FlagFIN current has 345 flow
2019-11-21 11:33:42 INFO  cic.cs.unb.ca.flow.ui.FlowMonitorPane    path:/home/khizar/CICFlowMeter/data/daily/2019-11-21_Flow.csv
2019-11-21 11:33:42 INFO  cic.cs.unb.ca.flow.ui.FlowMonitorPane    Pcap stop listening
2019-11-21 11:33:48 DEBUG cic.cs.unb.ca.jnetpcap.worker.TrafficFlowWorker    break Packet loop
2019-11-21 11:58:08 INFO  cic.cs.unb.ca.flow.ui.FlowMonitorPane    Pcap stop listening
2019-11-21 11:58:08 INFO  cic.cs.unb.ca.jnetpcap.worker.TrafficFlowWorker    Pcap is listening...
2019-11-21 11:58:08 INFO  cic.cs.unb.ca.flow.ui.FlowMonitorPane    path:/home/khizar/CICFlowMeter/data/daily/2019-11-21_Flow.csv
2019-11-21 11:58:08 INFO  cic.cs.unb.ca.flow.ui.FlowMonitorPane    Pcap stop listening
2019-11-21 11:58:10 INFO  cic.cs.unb.ca.flow.ui.FlowMonitorPane    path:/home/khizar/CICFlowMeter/data/daily/2019-11-21_Flow.csv
2019-11-21 11:58:10 INFO  cic.cs.unb.ca.flow.ui.FlowMonitorPane    Pcap stop listening
2019-11-21 11:58:10 INFO  cic.cs.unb.ca.flow.ui.FlowMonitorPane    Pcap stop listening
2019-11-21 11:58:10 INFO  cic.cs.unb.ca.jnetpcap.worker.TrafficFlowWorker    Pcap is listening...
2019-11-21 11:58:10 INFO  cic.cs.unb.ca.flow.ui.FlowMonitorPane    path:/home/khizar/CICFlowMeter/data/daily/2019-11-21_Flow.csv
2019-11-21 11:58:10 INFO  cic.cs.unb.ca.flow.ui.FlowMonitorPane    Pcap stop listening
2019-11-21 11:58:11 INFO  cic.cs.unb.ca.flow.ui.FlowMonitorPane    path:/home/khizar/CICFlowMeter/data/daily/2019-11-21_Flow.csv
2019-11-21 11:58:11 INFO  cic.cs.unb.ca.flow.ui.FlowMonitorPane    Pcap stop listening
2019-11-21 11:58:11 INFO  cic.cs.unb.ca.jnetpcap.worker.TrafficFlowWorker    Pcap is listening...
2019-11-21 11:58:13 INFO  cic.cs.unb.ca.flow.ui.FlowMonitorPane    Pcap stop listening
2019-11-21 11:58:13 INFO  cic.cs.unb.ca.flow.ui.FlowMonitorPane    path:/home/khizar/CICFlowMeter/data/daily/2019-11-21_Flow.csv
2019-11-21 11:58:15 INFO  cic.cs.unb.ca.jnetpcap.worker.TrafficFlowWorker    Pcap is listening...
2019-11-21 11:58:16 INFO  cic.cs.unb.ca.flow.ui.FlowMonitorPane    Pcap stop listening
2019-11-21 11:58:16 INFO  cic.cs.unb.ca.flow.ui.FlowMonitorPane    path:/home/khizar/CICFlowMeter/data/daily/2019-11-21_Flow.csv
2019-11-21 11:58:17 INFO  cic.cs.unb.ca.jnetpcap.worker.TrafficFlowWorker    Pcap is listening...
2019-11-21 11:58:27 DEBUG cic.cs.unb.ca.jnetpcap.worker.TrafficFlowWorker    break Packet loop
2019-11-21 11:58:27 DEBUG cic.cs.unb.ca.jnetpcap.worker.TrafficFlowWorker    break Packet loop
2019-11-21 11:58:27 DEBUG cic.cs.unb.ca.jnetpcap.worker.TrafficFlowWorker    break Packet loop
2019-11-21 11:58:27 DEBUG cic.cs.unb.ca.jnetpcap.worker.TrafficFlowWorker    break Packet loop
2019-11-21 11:58:27 DEBUG cic.cs.unb.ca.jnetpcap.FlowGenerator    FlagFIN current has 3 flow
2019-11-21 11:58:34 DEBUG cic.cs.unb.ca.jnetpcap.FlowGenerator    FlagFIN current has 22 flow
2019-11-21 11:58:34 DEBUG cic.cs.unb.ca.jnetpcap.FlowGenerator    FlagFIN current has 22 flow
2019-11-21 11:58:42 INFO  cic.cs.unb.ca.flow.ui.FlowMonitorPane    path:/home/khizar/CICFlowMeter/data/daily/2019-11-21_Flow.csv
2019-11-21 11:58:42 INFO  cic.cs.unb.ca.flow.ui.FlowMonitorPane    Pcap stop listening
2019-11-21 11:58:45 INFO  cic.cs.unb.ca.jnetpcap.worker.TrafficFlowWorker    Pcap is listening...
2019-11-21 11:58:51 DEBUG cic.cs.unb.ca.jnetpcap.worker.TrafficFlowWorker    break Packet loop
2019-11-21 11:58:57 DEBUG cic.cs.unb.ca.jnetpcap.FlowGenerator    FlagFIN current has 20 flow
2019-11-21 11:58:57 DEBUG cic.cs.unb.ca.jnetpcap.FlowGenerator    FlagFIN current has 20 flow
2019-11-21 11:59:03 DEBUG cic.cs.unb.ca.jnetpcap.FlowGenerator    FlagFIN current has 31 flow
2019-11-21 11:59:18 DEBUG cic.cs.unb.ca.jnetpcap.FlowGenerator    FlagFIN current has 40 flow
2019-11-21 11:59:38 DEBUG cic.cs.unb.ca.jnetpcap.FlowGenerator    FlagFIN current has 63 flow
2019-11-21 11:59:38 DEBUG cic.cs.unb.ca.jnetpcap.FlowGenerator    FlagFIN current has 63 flow
2019-11-21 11:59:58 DEBUG cic.cs.unb.ca.jnetpcap.FlowGenerator    FlagFIN current has 79 flow
2019-11-21 11:59:58 DEBUG cic.cs.unb.ca.jnetpcap.FlowGenerator    FlagFIN current has 81 flow
2019-11-21 11:59:58 DEBUG cic.cs.unb.ca.jnetpcap.FlowGenerator    FlagFIN current has 86 flow
2019-11-21 12:00:22 DEBUG cic.cs.unb.ca.jnetpcap.FlowGenerator    FlagFIN current has 126 flow
2019-11-21 12:00:23 DEBUG cic.cs.unb.ca.jnetpcap.FlowGenerator    FlagFIN current has 130 flow
2019-11-21 12:00:43 DEBUG cic.cs.unb.ca.jnetpcap.FlowGenerator    FlagFIN current has 140 flow
2019-11-21 12:00:43 DEBUG cic.cs.unb.ca.jnetpcap.FlowGenerator    FlagFIN current has 143 flow
2019-11-21 12:00:58 DEBUG cic.cs.unb.ca.jnetpcap.FlowGenerator    FlagFIN current has 168 flow
2019-11-21 12:00:58 DEBUG cic.cs.unb.ca.jnetpcap.FlowGenerator    FlagFIN current has 168 flow
2019-11-21 12:00:58 DEBUG cic.cs.unb.ca.jnetpcap.FlowGenerator    FlagFIN current has 177 flow
2019-11-21 12:01:25 DEBUG cic.cs.unb.ca.jnetpcap.FlowGenerator    FlagFIN current has 188 flow
2019-11-21 12:01:33 DEBUG cic.cs.unb.ca.jnetpcap.FlowGenerator    FlagFIN current has 204 flow
2019-11-21 12:01:41 DEBUG cic.cs.unb.ca.jnetpcap.FlowGenerator    FlagFIN current has 205 flow
2019-11-21 12:01:41 DEBUG cic.cs.unb.ca.jnetpcap.FlowGenerator    FlagFIN current has 205 flow
2019-11-21 12:01:57 DEBUG cic.cs.unb.ca.jnetpcap.FlowGenerator    FlagFIN current has 219 flow
2019-11-21 12:01:57 DEBUG cic.cs.unb.ca.jnetpcap.FlowGenerator    FlagFIN current has 219 flow
2019-11-21 12:01:57 DEBUG cic.cs.unb.ca.jnetpcap.FlowGenerator    FlagFIN current has 219 flow
2019-11-21 12:02:37 DEBUG cic.cs.unb.ca.jnetpcap.FlowGenerator    FlagFIN current has 250 flow
2019-11-21 12:02:37 DEBUG cic.cs.unb.ca.jnetpcap.FlowGenerator    FlagFIN current has 250 flow
2019-11-21 12:03:31 DEBUG cic.cs.unb.ca.jnetpcap.FlowGenerator    FlagFIN current has 288 flow
2019-11-21 12:03:31 DEBUG cic.cs.unb.ca.jnetpcap.FlowGenerator    FlagFIN current has 288 flow
2019-11-21 12:03:31 DEBUG cic.cs.unb.ca.jnetpcap.FlowGenerator    FlagFIN current has 288 flow
2019-11-21 12:03:42 INFO  cic.cs.unb.ca.flow.ui.FlowMonitorPane    path:/home/khizar/CICFlowMeter/data/daily/2019-11-21_Flow.csv
2019-11-21 12:03:42 INFO  cic.cs.unb.ca.flow.ui.FlowMonitorPane    Pcap stop listening
2019-11-21 12:03:46 DEBUG cic.cs.unb.ca.jnetpcap.worker.TrafficFlowWorker    break Packet loop
2019-11-21 16:12:48 INFO  cic.cs.unb.ca.flow.ui.FlowMonitorPane    Pcap stop listening
2019-11-21 16:12:48 INFO  cic.cs.unb.ca.flow.ui.FlowMonitorPane    path:/home/khizar/CICFlowMeter/data/daily/2019-11-21_Flow.csv
2019-11-21 16:12:48 INFO  cic.cs.unb.ca.jnetpcap.worker.TrafficFlowWorker    Pcap is listening...
2019-11-21 16:12:49 INFO  cic.cs.unb.ca.flow.ui.FlowMonitorPane    Pcap stop listening
2019-11-21 16:12:53 DEBUG cic.cs.unb.ca.jnetpcap.worker.TrafficFlowWorker    break Packet loop
2019-11-21 16:13:01 INFO  cic.cs.unb.ca.flow.ui.FlowMonitorPane    path:/home/khizar/CICFlowMeter/data/daily/2019-11-21_Flow.csv
2019-11-21 16:13:01 INFO  cic.cs.unb.ca.flow.ui.FlowMonitorPane    Pcap stop listening
2019-11-21 16:13:02 INFO  cic.cs.unb.ca.flow.ui.FlowMonitorPane    path:/home/khizar/CICFlowMeter/data/daily/2019-11-21_Flow.csv
2019-11-21 16:13:02 INFO  cic.cs.unb.ca.flow.ui.FlowMonitorPane    Pcap stop listening
2019-11-21 16:13:02 INFO  cic.cs.unb.ca.flow.ui.FlowMonitorPane    path:/home/khizar/CICFlowMeter/data/daily/2019-11-21_Flow.csv
2019-11-21 16:13:03 INFO  cic.cs.unb.ca.flow.ui.FlowMonitorPane    Pcap stop listening
2019-11-21 16:13:05 INFO  cic.cs.unb.ca.flow.ui.FlowMonitorPane    path:/home/khizar/CICFlowMeter/data/daily/2019-11-21_Flow.csv
2019-11-21 16:13:05 INFO  cic.cs.unb.ca.flow.ui.FlowMonitorPane    Pcap stop listening
2019-11-21 16:13:06 INFO  cic.cs.unb.ca.flow.ui.FlowMonitorPane    path:/home/khizar/CICFlowMeter/data/daily/2019-11-21_Flow.csv
2019-11-21 16:13:06 INFO  cic.cs.unb.ca.flow.ui.FlowMonitorPane    Pcap stop listening
2019-11-21 16:13:07 INFO  cic.cs.unb.ca.flow.ui.FlowMonitorPane    path:/home/khizar/CICFlowMeter/data/daily/2019-11-21_Flow.csv
2019-11-21 16:13:07 INFO  cic.cs.unb.ca.flow.ui.FlowMonitorPane    Pcap stop listening
2019-11-21 16:13:07 INFO  cic.cs.unb.ca.flow.ui.FlowMonitorPane    Pcap stop listening
2019-11-21 16:13:07 INFO  cic.cs.unb.ca.jnetpcap.worker.TrafficFlowWorker    Pcap is listening...
2019-11-21 16:13:07 INFO  cic.cs.unb.ca.flow.ui.FlowMonitorPane    path:/home/khizar/CICFlowMeter/data/daily/2019-11-21_Flow.csv
2019-11-21 16:13:07 INFO  cic.cs.unb.ca.flow.ui.FlowMonitorPane    Pcap stop listening
2019-11-21 16:13:07 INFO  cic.cs.unb.ca.flow.ui.FlowMonitorPane    Pcap stop listening
2019-11-21 16:13:07 INFO  cic.cs.unb.ca.jnetpcap.worker.TrafficFlowWorker    Pcap is listening...
2019-11-21 16:13:07 INFO  cic.cs.unb.ca.flow.ui.FlowMonitorPane    path:/home/khizar/CICFlowMeter/data/daily/2019-11-21_Flow.csv
2019-11-21 16:13:08 INFO  cic.cs.unb.ca.flow.ui.FlowMonitorPane    Pcap stop listening
2019-11-21 16:13:08 INFO  cic.cs.unb.ca.flow.ui.FlowMonitorPane    Pcap stop listening
2019-11-21 16:13:08 INFO  cic.cs.unb.ca.jnetpcap.worker.TrafficFlowWorker    Pcap is listening...
2019-11-21 16:13:08 INFO  cic.cs.unb.ca.flow.ui.FlowMonitorPane    path:/home/khizar/CICFlowMeter/data/daily/2019-11-21_Flow.csv
2019-11-21 16:13:08 INFO  cic.cs.unb.ca.flow.ui.FlowMonitorPane    Pcap stop listening
2019-11-21 16:13:08 INFO  cic.cs.unb.ca.flow.ui.FlowMonitorPane    Pcap stop listening
2019-11-21 16:13:08 INFO  cic.cs.unb.ca.jnetpcap.worker.TrafficFlowWorker    Pcap is listening...
2019-11-21 16:13:09 INFO  cic.cs.unb.ca.flow.ui.FlowMonitorPane    path:/home/khizar/CICFlowMeter/data/daily/2019-11-21_Flow.csv
2019-11-21 16:13:09 DEBUG cic.cs.unb.ca.jnetpcap.worker.TrafficFlowWorker    break Packet loop
2019-11-21 16:13:09 DEBUG cic.cs.unb.ca.jnetpcap.worker.TrafficFlowWorker    break Packet loop
2019-11-21 16:13:09 DEBUG cic.cs.unb.ca.jnetpcap.worker.TrafficFlowWorker    break Packet loop
2019-11-21 16:13:09 DEBUG cic.cs.unb.ca.jnetpcap.worker.TrafficFlowWorker    break Packet loop
2019-11-21 16:13:09 INFO  cic.cs.unb.ca.flow.ui.FlowMonitorPane    Pcap stop listening
2019-11-21 16:13:09 INFO  cic.cs.unb.ca.flow.ui.FlowMonitorPane    Pcap stop listening
2019-11-21 16:13:09 INFO  cic.cs.unb.ca.jnetpcap.worker.TrafficFlowWorker    Pcap is listening...
2019-11-21 16:13:09 DEBUG cic.cs.unb.ca.jnetpcap.worker.TrafficFlowWorker    break Packet loop
2019-11-21 16:13:10 INFO  cic.cs.unb.ca.flow.ui.FlowMonitorPane    path:/home/khizar/CICFlowMeter/data/daily/2019-11-21_Flow.csv
2019-11-21 16:13:10 INFO  cic.cs.unb.ca.flow.ui.FlowMonitorPane    Pcap stop listening
2019-11-21 16:13:10 INFO  cic.cs.unb.ca.flow.ui.FlowMonitorPane    Pcap stop listening
2019-11-21 16:13:10 INFO  cic.cs.unb.ca.jnetpcap.worker.TrafficFlowWorker    Pcap is listening...
2019-11-21 16:13:10 DEBUG cic.cs.unb.ca.jnetpcap.worker.TrafficFlowWorker    break Packet loop
2019-11-21 16:13:10 INFO  cic.cs.unb.ca.flow.ui.FlowMonitorPane    path:/home/khizar/CICFlowMeter/data/daily/2019-11-21_Flow.csv
2019-11-21 16:13:10 INFO  cic.cs.unb.ca.jnetpcap.worker.TrafficFlowWorker    Pcap is listening...
2019-11-21 16:13:11 INFO  cic.cs.unb.ca.flow.ui.FlowMonitorPane    Pcap stop listening
2019-11-21 16:13:11 INFO  cic.cs.unb.ca.flow.ui.FlowMonitorPane    Pcap stop listening
2019-11-21 16:13:11 INFO  cic.cs.unb.ca.flow.ui.FlowMonitorPane    path:/home/khizar/CICFlowMeter/data/daily/2019-11-21_Flow.csv
2019-11-21 16:13:11 INFO  cic.cs.unb.ca.flow.ui.FlowMonitorPane    Pcap stop listening
2019-11-21 16:13:11 INFO  cic.cs.unb.ca.flow.ui.FlowMonitorPane    Pcap stop listening
2019-11-21 16:13:11 INFO  cic.cs.unb.ca.jnetpcap.worker.TrafficFlowWorker    Pcap is listening...
2019-11-21 16:13:11 INFO  cic.cs.unb.ca.flow.ui.FlowMonitorPane    path:/home/khizar/CICFlowMeter/data/daily/2019-11-21_Flow.csv
2019-11-21 16:13:11 INFO  cic.cs.unb.ca.flow.ui.FlowMonitorPane    Pcap stop listening
2019-11-21 16:13:11 INFO  cic.cs.unb.ca.flow.ui.FlowMonitorPane    Pcap stop listening
2019-11-21 16:13:11 INFO  cic.cs.unb.ca.jnetpcap.worker.TrafficFlowWorker    Pcap is listening...
2019-11-21 16:13:12 INFO  cic.cs.unb.ca.flow.ui.FlowMonitorPane    path:/home/khizar/CICFlowMeter/data/daily/2019-11-21_Flow.csv
2019-11-21 16:13:12 INFO  cic.cs.unb.ca.flow.ui.FlowMonitorPane    Pcap stop listening
2019-11-21 16:13:12 INFO  cic.cs.unb.ca.flow.ui.FlowMonitorPane    Pcap stop listening
2019-11-21 16:13:12 INFO  cic.cs.unb.ca.jnetpcap.worker.TrafficFlowWorker    Pcap is listening...
2019-11-21 16:13:12 INFO  cic.cs.unb.ca.flow.ui.FlowMonitorPane    path:/home/khizar/CICFlowMeter/data/daily/2019-11-21_Flow.csv
2019-11-21 16:13:12 INFO  cic.cs.unb.ca.flow.ui.FlowMonitorPane    Pcap stop listening
2019-11-21 16:13:12 INFO  cic.cs.unb.ca.flow.ui.FlowMonitorPane    Pcap stop listening
2019-11-21 16:13:12 INFO  cic.cs.unb.ca.jnetpcap.worker.TrafficFlowWorker    Pcap is listening...
2019-11-21 16:13:13 INFO  cic.cs.unb.ca.flow.ui.FlowMonitorPane    path:/home/khizar/CICFlowMeter/data/daily/2019-11-21_Flow.csv
2019-11-21 16:13:13 INFO  cic.cs.unb.ca.jnetpcap.worker.TrafficFlowWorker    Pcap is listening...
2019-11-21 16:13:13 INFO  cic.cs.unb.ca.flow.ui.FlowMonitorPane    Pcap stop listening
2019-11-21 16:13:13 INFO  cic.cs.unb.ca.flow.ui.FlowMonitorPane    Pcap stop listening
2019-11-21 16:13:13 INFO  cic.cs.unb.ca.flow.ui.FlowMonitorPane    path:/home/khizar/CICFlowMeter/data/daily/2019-11-21_Flow.csv
2019-11-21 16:13:13 INFO  cic.cs.unb.ca.jnetpcap.worker.TrafficFlowWorker    Pcap is listening...
2019-11-21 16:13:13 INFO  cic.cs.unb.ca.flow.ui.FlowMonitorPane    Pcap stop listening
2019-11-21 16:13:13 INFO  cic.cs.unb.ca.flow.ui.FlowMonitorPane    Pcap stop listening
2019-11-21 16:13:14 INFO  cic.cs.unb.ca.flow.ui.FlowMonitorPane    path:/home/khizar/CICFlowMeter/data/daily/2019-11-21_Flow.csv
2019-11-21 16:13:14 INFO  cic.cs.unb.ca.jnetpcap.worker.TrafficFlowWorker    Pcap is listening...
2019-11-21 16:13:14 INFO  cic.cs.unb.ca.flow.ui.FlowMonitorPane    Pcap stop listening
2019-11-21 16:13:14 INFO  cic.cs.unb.ca.flow.ui.FlowMonitorPane    Pcap stop listening
2019-11-21 16:13:14 INFO  cic.cs.unb.ca.flow.ui.FlowMonitorPane    path:/home/khizar/CICFlowMeter/data/daily/2019-11-21_Flow.csv
2019-11-21 16:13:14 INFO  cic.cs.unb.ca.jnetpcap.worker.TrafficFlowWorker    Pcap is listening...
2019-11-21 16:13:14 INFO  cic.cs.unb.ca.flow.ui.FlowMonitorPane    Pcap stop listening
2019-11-21 16:13:14 INFO  cic.cs.unb.ca.flow.ui.FlowMonitorPane    Pcap stop listening
2019-11-21 16:13:14 INFO  cic.cs.unb.ca.flow.ui.FlowMonitorPane    path:/home/khizar/CICFlowMeter/data/daily/2019-11-21_Flow.csv
2019-11-21 16:13:14 INFO  cic.cs.unb.ca.flow.ui.FlowMonitorPane    Pcap stop listening
2019-11-21 16:13:14 INFO  cic.cs.unb.ca.flow.ui.FlowMonitorPane    Pcap stop listening
2019-11-21 16:13:14 INFO  cic.cs.unb.ca.jnetpcap.worker.TrafficFlowWorker    Pcap is listening...
2019-11-21 16:13:15 INFO  cic.cs.unb.ca.flow.ui.FlowMonitorPane    path:/home/khizar/CICFlowMeter/data/daily/2019-11-21_Flow.csv
2019-11-21 16:13:15 INFO  cic.cs.unb.ca.flow.ui.FlowMonitorPane    Pcap stop listening
2019-11-21 16:13:15 INFO  cic.cs.unb.ca.flow.ui.FlowMonitorPane    path:/home/khizar/CICFlowMeter/data/daily/2019-11-21_Flow.csv
2019-11-21 16:13:15 INFO  cic.cs.unb.ca.flow.ui.FlowMonitorPane    Pcap stop listening
2019-11-21 16:13:15 INFO  cic.cs.unb.ca.flow.ui.FlowMonitorPane    path:/home/khizar/CICFlowMeter/data/daily/2019-11-21_Flow.csv
2019-11-21 16:13:15 INFO  cic.cs.unb.ca.flow.ui.FlowMonitorPane    Pcap stop listening
2019-11-21 16:13:16 INFO  cic.cs.unb.ca.flow.ui.FlowMonitorPane    path:/home/khizar/CICFlowMeter/data/daily/2019-11-21_Flow.csv
2019-11-21 16:13:16 INFO  cic.cs.unb.ca.flow.ui.FlowMonitorPane    Pcap stop listening
2019-11-21 16:13:25 DEBUG cic.cs.unb.ca.jnetpcap.worker.TrafficFlowWorker    break Packet loop
2019-11-21 16:13:26 DEBUG cic.cs.unb.ca.jnetpcap.worker.TrafficFlowWorker    break Packet loop
2019-11-21 16:13:26 DEBUG cic.cs.unb.ca.jnetpcap.worker.TrafficFlowWorker    break Packet loop
2019-11-21 16:13:26 DEBUG cic.cs.unb.ca.jnetpcap.worker.TrafficFlowWorker    break Packet loop
2019-11-21 16:13:26 DEBUG cic.cs.unb.ca.jnetpcap.worker.TrafficFlowWorker    break Packet loop
2019-11-21 16:13:26 DEBUG cic.cs.unb.ca.jnetpcap.worker.TrafficFlowWorker    break Packet loop
2019-11-21 16:13:26 DEBUG cic.cs.unb.ca.jnetpcap.worker.TrafficFlowWorker    break Packet loop
2019-11-21 16:13:26 DEBUG cic.cs.unb.ca.jnetpcap.worker.TrafficFlowWorker    break Packet loop
2019-11-21 16:13:26 DEBUG cic.cs.unb.ca.jnetpcap.worker.TrafficFlowWorker    break Packet loop
2019-11-21 16:13:26 DEBUG cic.cs.unb.ca.jnetpcap.worker.TrafficFlowWorker    break Packet loop
2019-11-21 16:14:04 INFO  cic.cs.unb.ca.flow.ui.FlowMonitorPane    path:/home/khizar/CICFlowMeter/data/daily/2019-11-21_Flow.csv
2019-11-21 16:14:04 INFO  cic.cs.unb.ca.flow.ui.FlowMonitorPane    Pcap stop listening
2019-11-21 16:14:04 INFO  cic.cs.unb.ca.flow.ui.FlowMonitorPane    Pcap stop listening
2019-11-21 16:14:04 INFO  cic.cs.unb.ca.jnetpcap.worker.TrafficFlowWorker    Pcap is listening...
2019-11-21 16:14:06 INFO  cic.cs.unb.ca.flow.ui.FlowMonitorPane    path:/home/khizar/CICFlowMeter/data/daily/2019-11-21_Flow.csv
2019-11-21 16:14:06 INFO  cic.cs.unb.ca.flow.ui.FlowMonitorPane    Pcap stop listening
2019-11-21 16:14:06 INFO  cic.cs.unb.ca.flow.ui.FlowMonitorPane    Pcap stop listening
2019-11-21 16:14:06 INFO  cic.cs.unb.ca.jnetpcap.worker.TrafficFlowWorker    Pcap is listening...
2019-11-21 16:14:07 INFO  cic.cs.unb.ca.flow.ui.FlowMonitorPane    path:/home/khizar/CICFlowMeter/data/daily/2019-11-21_Flow.csv
2019-11-21 16:14:07 INFO  cic.cs.unb.ca.flow.ui.FlowMonitorPane    Pcap stop listening
2019-11-21 16:14:07 INFO  cic.cs.unb.ca.flow.ui.FlowMonitorPane    path:/home/khizar/CICFlowMeter/data/daily/2019-11-21_Flow.csv
2019-11-21 16:14:07 INFO  cic.cs.unb.ca.flow.ui.FlowMonitorPane    Pcap stop listening
2019-11-21 16:14:07 INFO  cic.cs.unb.ca.flow.ui.FlowMonitorPane    Pcap stop listening
2019-11-21 16:14:07 INFO  cic.cs.unb.ca.jnetpcap.worker.TrafficFlowWorker    Pcap is listening...
2019-11-21 16:14:07 INFO  cic.cs.unb.ca.flow.ui.FlowMonitorPane    path:/home/khizar/CICFlowMeter/data/daily/2019-11-21_Flow.csv
2019-11-21 16:14:08 INFO  cic.cs.unb.ca.flow.ui.FlowMonitorPane    Pcap stop listening
2019-11-21 16:14:08 INFO  cic.cs.unb.ca.flow.ui.FlowMonitorPane    path:/home/khizar/CICFlowMeter/data/daily/2019-11-21_Flow.csv
2019-11-21 16:14:08 INFO  cic.cs.unb.ca.flow.ui.FlowMonitorPane    Pcap stop listening
2019-11-21 16:14:08 DEBUG cic.cs.unb.ca.jnetpcap.worker.TrafficFlowWorker    break Packet loop
2019-11-21 16:14:08 DEBUG cic.cs.unb.ca.jnetpcap.worker.TrafficFlowWorker    break Packet loop
2019-11-21 16:14:08 DEBUG cic.cs.unb.ca.jnetpcap.worker.TrafficFlowWorker    break Packet loop
2019-11-21 16:14:08 INFO  cic.cs.unb.ca.flow.ui.FlowMonitorPane    path:/home/khizar/CICFlowMeter/data/daily/2019-11-21_Flow.csv
2019-11-21 16:14:08 INFO  cic.cs.unb.ca.flow.ui.FlowMonitorPane    Pcap stop listening
2019-11-21 16:14:08 INFO  cic.cs.unb.ca.flow.ui.FlowMonitorPane    Pcap stop listening
2019-11-21 16:14:08 INFO  cic.cs.unb.ca.jnetpcap.worker.TrafficFlowWorker    Pcap is listening...
2019-11-21 16:14:08 DEBUG cic.cs.unb.ca.jnetpcap.worker.TrafficFlowWorker    break Packet loop
2019-11-21 16:14:08 INFO  cic.cs.unb.ca.flow.ui.FlowMonitorPane    path:/home/khizar/CICFlowMeter/data/daily/2019-11-21_Flow.csv
2019-11-21 16:14:08 INFO  cic.cs.unb.ca.flow.ui.FlowMonitorPane    Pcap stop listening
2019-11-21 16:14:08 INFO  cic.cs.unb.ca.flow.ui.FlowMonitorPane    Pcap stop listening
2019-11-21 16:14:08 INFO  cic.cs.unb.ca.jnetpcap.worker.TrafficFlowWorker    Pcap is listening...
2019-11-21 16:14:09 DEBUG cic.cs.unb.ca.jnetpcap.worker.TrafficFlowWorker    break Packet loop
2019-11-21 16:14:09 INFO  cic.cs.unb.ca.flow.ui.FlowMonitorPane    path:/home/khizar/CICFlowMeter/data/daily/2019-11-21_Flow.csv
2019-11-21 16:14:09 INFO  cic.cs.unb.ca.flow.ui.FlowMonitorPane    Pcap stop listening
2019-11-21 16:14:09 INFO  cic.cs.unb.ca.flow.ui.FlowMonitorPane    Pcap stop listening
2019-11-21 16:14:09 INFO  cic.cs.unb.ca.jnetpcap.worker.TrafficFlowWorker    Pcap is listening...
2019-11-21 16:14:09 DEBUG cic.cs.unb.ca.jnetpcap.worker.TrafficFlowWorker    break Packet loop
2019-11-21 16:14:10 INFO  cic.cs.unb.ca.flow.ui.FlowMonitorPane    path:/home/khizar/CICFlowMeter/data/daily/2019-11-21_Flow.csv
2019-11-21 16:14:10 INFO  cic.cs.unb.ca.flow.ui.FlowMonitorPane    Pcap stop listening
2019-11-21 16:14:11 INFO  cic.cs.unb.ca.flow.ui.FlowMonitorPane    path:/home/khizar/CICFlowMeter/data/daily/2019-11-21_Flow.csv
2019-11-21 16:14:11 INFO  cic.cs.unb.ca.flow.ui.FlowMonitorPane    Pcap stop listening
2019-11-21 16:14:11 INFO  cic.cs.unb.ca.flow.ui.FlowMonitorPane    Pcap stop listening
2019-11-21 16:14:11 INFO  cic.cs.unb.ca.jnetpcap.worker.TrafficFlowWorker    Pcap is listening...
2019-11-21 16:14:11 INFO  cic.cs.unb.ca.flow.ui.FlowMonitorPane    path:/home/khizar/CICFlowMeter/data/daily/2019-11-21_Flow.csv
2019-11-21 16:14:11 INFO  cic.cs.unb.ca.flow.ui.FlowMonitorPane    Pcap stop listening
2019-11-21 16:14:11 INFO  cic.cs.unb.ca.flow.ui.FlowMonitorPane    Pcap stop listening
2019-11-21 16:14:11 INFO  cic.cs.unb.ca.jnetpcap.worker.TrafficFlowWorker    Pcap is listening...
2019-11-21 16:14:11 INFO  cic.cs.unb.ca.flow.ui.FlowMonitorPane    path:/home/khizar/CICFlowMeter/data/daily/2019-11-21_Flow.csv
2019-11-21 16:14:11 INFO  cic.cs.unb.ca.flow.ui.FlowMonitorPane    Pcap stop listening
2019-11-21 16:14:11 INFO  cic.cs.unb.ca.flow.ui.FlowMonitorPane    Pcap stop listening
2019-11-21 16:14:11 INFO  cic.cs.unb.ca.jnetpcap.worker.TrafficFlowWorker    Pcap is listening...
2019-11-21 16:14:11 INFO  cic.cs.unb.ca.flow.ui.FlowMonitorPane    path:/home/khizar/CICFlowMeter/data/daily/2019-11-21_Flow.csv
2019-11-21 16:14:12 INFO  cic.cs.unb.ca.flow.ui.FlowMonitorPane    Pcap stop listening
2019-11-21 16:14:12 INFO  cic.cs.unb.ca.flow.ui.FlowMonitorPane    Pcap stop listening
2019-11-21 16:14:12 INFO  cic.cs.unb.ca.jnetpcap.worker.TrafficFlowWorker    Pcap is listening...
2019-11-21 16:14:12 INFO  cic.cs.unb.ca.flow.ui.FlowMonitorPane    path:/home/khizar/CICFlowMeter/data/daily/2019-11-21_Flow.csv
2019-11-21 16:14:12 INFO  cic.cs.unb.ca.flow.ui.FlowMonitorPane    Pcap stop listening
2019-11-21 16:14:12 INFO  cic.cs.unb.ca.flow.ui.FlowMonitorPane    Pcap stop listening
2019-11-21 16:14:12 INFO  cic.cs.unb.ca.jnetpcap.worker.TrafficFlowWorker    Pcap is listening...
2019-11-21 16:14:12 INFO  cic.cs.unb.ca.flow.ui.FlowMonitorPane    path:/home/khizar/CICFlowMeter/data/daily/2019-11-21_Flow.csv
2019-11-21 16:14:12 INFO  cic.cs.unb.ca.flow.ui.FlowMonitorPane    Pcap stop listening
2019-11-21 16:14:12 INFO  cic.cs.unb.ca.flow.ui.FlowMonitorPane    Pcap stop listening
2019-11-21 16:14:12 INFO  cic.cs.unb.ca.jnetpcap.worker.TrafficFlowWorker    Pcap is listening...
2019-11-21 16:14:13 INFO  cic.cs.unb.ca.flow.ui.FlowMonitorPane    path:/home/khizar/CICFlowMeter/data/daily/2019-11-21_Flow.csv
2019-11-21 16:14:13 INFO  cic.cs.unb.ca.flow.ui.FlowMonitorPane    Pcap stop listening
2019-11-21 16:14:13 INFO  cic.cs.unb.ca.flow.ui.FlowMonitorPane    Pcap stop listening
2019-11-21 16:14:13 INFO  cic.cs.unb.ca.jnetpcap.worker.TrafficFlowWorker    Pcap is listening...
2019-11-21 16:14:13 INFO  cic.cs.unb.ca.flow.ui.FlowMonitorPane    path:/home/khizar/CICFlowMeter/data/daily/2019-11-21_Flow.csv
2019-11-21 16:14:13 INFO  cic.cs.unb.ca.jnetpcap.worker.TrafficFlowWorker    Pcap is listening...
2019-11-21 16:14:13 INFO  cic.cs.unb.ca.flow.ui.FlowMonitorPane    Pcap stop listening
2019-11-21 16:14:13 INFO  cic.cs.unb.ca.flow.ui.FlowMonitorPane    Pcap stop listening
2019-11-21 16:14:13 INFO  cic.cs.unb.ca.flow.ui.FlowMonitorPane    path:/home/khizar/CICFlowMeter/data/daily/2019-11-21_Flow.csv
2019-11-21 16:14:13 INFO  cic.cs.unb.ca.flow.ui.FlowMonitorPane    Pcap stop listening
2019-11-21 16:14:13 INFO  cic.cs.unb.ca.flow.ui.FlowMonitorPane    Pcap stop listening
2019-11-21 16:14:13 INFO  cic.cs.unb.ca.jnetpcap.worker.TrafficFlowWorker    Pcap is listening...
2019-11-21 16:14:14 INFO  cic.cs.unb.ca.flow.ui.FlowMonitorPane    path:/home/khizar/CICFlowMeter/data/daily/2019-11-21_Flow.csv
2019-11-21 16:14:14 INFO  cic.cs.unb.ca.jnetpcap.worker.TrafficFlowWorker    Pcap is listening...
2019-11-21 16:14:14 INFO  cic.cs.unb.ca.flow.ui.FlowMonitorPane    Pcap stop listening
2019-11-21 16:14:14 INFO  cic.cs.unb.ca.flow.ui.FlowMonitorPane    Pcap stop listening
2019-11-21 16:14:14 INFO  cic.cs.unb.ca.flow.ui.FlowMonitorPane    path:/home/khizar/CICFlowMeter/data/daily/2019-11-21_Flow.csv
2019-11-21 16:14:14 INFO  cic.cs.unb.ca.flow.ui.FlowMonitorPane    Pcap stop listening
2019-11-21 16:14:14 INFO  cic.cs.unb.ca.flow.ui.FlowMonitorPane    path:/home/khizar/CICFlowMeter/data/daily/2019-11-21_Flow.csv
2019-11-21 16:14:14 INFO  cic.cs.unb.ca.flow.ui.FlowMonitorPane    Pcap stop listening
2019-11-21 16:14:15 INFO  cic.cs.unb.ca.flow.ui.FlowMonitorPane    path:/home/khizar/CICFlowMeter/data/daily/2019-11-21_Flow.csv
2019-11-21 16:14:15 INFO  cic.cs.unb.ca.flow.ui.FlowMonitorPane    Pcap stop listening
2019-11-21 16:14:15 INFO  cic.cs.unb.ca.flow.ui.FlowMonitorPane    path:/home/khizar/CICFlowMeter/data/daily/2019-11-21_Flow.csv
2019-11-21 16:14:15 INFO  cic.cs.unb.ca.flow.ui.FlowMonitorPane    Pcap stop listening
