2019-11-14 09:20:36 INFO  cic.cs.unb.ca.jnetpcap.worker.TrafficFlowWorker    Pcap is listening...
2019-11-14 09:35:33 INFO  cic.cs.unb.ca.flow.ui.FlowMonitorPane    path:/home/khizar/CICFlowMeter/data/daily/2019-11-14_Flow.csv
2019-11-14 09:35:35 INFO  cic.cs.unb.ca.jnetpcap.worker.TrafficFlowWorker    Pcap is listening...
2019-11-14 09:35:38 INFO  cic.cs.unb.ca.flow.ui.FlowMonitorPane    path:/home/khizar/CICFlowMeter/data/daily/2019-11-14_Flow.csv
2019-11-14 09:35:38 INFO  cic.cs.unb.ca.flow.ui.FlowMonitorPane    Pcap stop listening
2019-11-14 09:35:43 INFO  cic.cs.unb.ca.flow.ui.FlowMonitorPane    path:/home/khizar/CICFlowMeter/data/daily/2019-11-14_Flow.csv
2019-11-14 09:35:48 INFO  cic.cs.unb.ca.flow.ui.FlowMonitorPane    path:/home/khizar/CICFlowMeter/data/daily/2019-11-14_Flow.csv
2019-11-14 09:35:53 INFO  cic.cs.unb.ca.flow.ui.FlowMonitorPane    path:/home/khizar/CICFlowMeter/data/daily/2019-11-14_Flow.csv
2019-11-14 09:35:56 INFO  cic.cs.unb.ca.jnetpcap.worker.TrafficFlowWorker    Pcap is listening...
2019-11-14 09:35:58 INFO  cic.cs.unb.ca.flow.ui.FlowMonitorPane    path:/home/khizar/CICFlowMeter/data/daily/2019-11-14_Flow.csv
2019-11-14 09:35:58 INFO  cic.cs.unb.ca.flow.ui.FlowMonitorPane    Pcap stop listening
2019-11-14 09:36:03 INFO  cic.cs.unb.ca.flow.ui.FlowMonitorPane    path:/home/khizar/CICFlowMeter/data/daily/2019-11-14_Flow.csv
2019-11-14 09:36:08 INFO  cic.cs.unb.ca.flow.ui.FlowMonitorPane    path:/home/khizar/CICFlowMeter/data/daily/2019-11-14_Flow.csv
2019-11-14 09:36:13 INFO  cic.cs.unb.ca.flow.ui.FlowMonitorPane    path:/home/khizar/CICFlowMeter/data/daily/2019-11-14_Flow.csv
2019-11-14 09:36:18 INFO  cic.cs.unb.ca.flow.ui.FlowMonitorPane    path:/home/khizar/CICFlowMeter/data/daily/2019-11-14_Flow.csv
2019-11-14 09:36:23 INFO  cic.cs.unb.ca.flow.ui.FlowMonitorPane    path:/home/khizar/CICFlowMeter/data/daily/2019-11-14_Flow.csv
2019-11-14 09:36:28 INFO  cic.cs.unb.ca.flow.ui.FlowMonitorPane    path:/home/khizar/CICFlowMeter/data/daily/2019-11-14_Flow.csv
2019-11-14 09:36:33 INFO  cic.cs.unb.ca.flow.ui.FlowMonitorPane    path:/home/khizar/CICFlowMeter/data/daily/2019-11-14_Flow.csv
2019-11-14 09:36:35 DEBUG cic.cs.unb.ca.jnetpcap.worker.TrafficFlowWorker    break Packet loop
2019-11-14 09:36:38 INFO  cic.cs.unb.ca.flow.ui.FlowMonitorPane    path:/home/khizar/CICFlowMeter/data/daily/2019-11-14_Flow.csv
2019-11-14 09:36:43 INFO  cic.cs.unb.ca.flow.ui.FlowMonitorPane    path:/home/khizar/CICFlowMeter/data/daily/2019-11-14_Flow.csv
2019-11-14 09:36:48 INFO  cic.cs.unb.ca.flow.ui.FlowMonitorPane    path:/home/khizar/CICFlowMeter/data/daily/2019-11-14_Flow.csv
2019-11-14 09:36:53 INFO  cic.cs.unb.ca.flow.ui.FlowMonitorPane    path:/home/khizar/CICFlowMeter/data/daily/2019-11-14_Flow.csv
2019-11-14 09:36:58 INFO  cic.cs.unb.ca.flow.ui.FlowMonitorPane    path:/home/khizar/CICFlowMeter/data/daily/2019-11-14_Flow.csv
2019-11-14 09:36:58 DEBUG cic.cs.unb.ca.jnetpcap.worker.TrafficFlowWorker    break Packet loop
2019-11-14 09:37:03 INFO  cic.cs.unb.ca.flow.ui.FlowMonitorPane    path:/home/khizar/CICFlowMeter/data/daily/2019-11-14_Flow.csv
2019-11-14 09:37:08 INFO  cic.cs.unb.ca.flow.ui.FlowMonitorPane    path:/home/khizar/CICFlowMeter/data/daily/2019-11-14_Flow.csv
2019-11-14 09:37:13 INFO  cic.cs.unb.ca.flow.ui.FlowMonitorPane    path:/home/khizar/CICFlowMeter/data/daily/2019-11-14_Flow.csv
2019-11-14 09:37:18 INFO  cic.cs.unb.ca.flow.ui.FlowMonitorPane    path:/home/khizar/CICFlowMeter/data/daily/2019-11-14_Flow.csv
2019-11-14 09:37:23 INFO  cic.cs.unb.ca.flow.ui.FlowMonitorPane    path:/home/khizar/CICFlowMeter/data/daily/2019-11-14_Flow.csv
2019-11-14 09:37:28 INFO  cic.cs.unb.ca.flow.ui.FlowMonitorPane    path:/home/khizar/CICFlowMeter/data/daily/2019-11-14_Flow.csv
2019-11-14 09:37:33 INFO  cic.cs.unb.ca.flow.ui.FlowMonitorPane    path:/home/khizar/CICFlowMeter/data/daily/2019-11-14_Flow.csv
2019-11-14 09:37:38 INFO  cic.cs.unb.ca.flow.ui.FlowMonitorPane    path:/home/khizar/CICFlowMeter/data/daily/2019-11-14_Flow.csv
2019-11-14 09:37:43 INFO  cic.cs.unb.ca.flow.ui.FlowMonitorPane    path:/home/khizar/CICFlowMeter/data/daily/2019-11-14_Flow.csv
2019-11-14 09:37:48 INFO  cic.cs.unb.ca.flow.ui.FlowMonitorPane    path:/home/khizar/CICFlowMeter/data/daily/2019-11-14_Flow.csv
2019-11-14 09:37:53 INFO  cic.cs.unb.ca.flow.ui.FlowMonitorPane    path:/home/khizar/CICFlowMeter/data/daily/2019-11-14_Flow.csv
2019-11-14 09:37:58 INFO  cic.cs.unb.ca.flow.ui.FlowMonitorPane    path:/home/khizar/CICFlowMeter/data/daily/2019-11-14_Flow.csv
2019-11-14 09:38:03 INFO  cic.cs.unb.ca.flow.ui.FlowMonitorPane    path:/home/khizar/CICFlowMeter/data/daily/2019-11-14_Flow.csv
2019-11-14 09:38:08 INFO  cic.cs.unb.ca.flow.ui.FlowMonitorPane    path:/home/khizar/CICFlowMeter/data/daily/2019-11-14_Flow.csv
2019-11-14 09:38:13 INFO  cic.cs.unb.ca.flow.ui.FlowMonitorPane    path:/home/khizar/CICFlowMeter/data/daily/2019-11-14_Flow.csv
2019-11-14 09:38:18 INFO  cic.cs.unb.ca.flow.ui.FlowMonitorPane    path:/home/khizar/CICFlowMeter/data/daily/2019-11-14_Flow.csv
2019-11-14 09:38:53 INFO  cic.cs.unb.ca.flow.ui.FlowMonitorPane    path:/home/khizar/CICFlowMeter/data/daily/2019-11-14_Flow.csv
2019-11-14 09:38:56 INFO  cic.cs.unb.ca.jnetpcap.worker.TrafficFlowWorker    Pcap is listening...
2019-11-14 09:38:58 INFO  cic.cs.unb.ca.flow.ui.FlowMonitorPane    path:/home/khizar/CICFlowMeter/data/daily/2019-11-14_Flow.csv
2019-11-14 09:38:58 INFO  cic.cs.unb.ca.flow.ui.FlowMonitorPane    Pcap stop listening
2019-11-14 09:39:21 INFO  cic.cs.unb.ca.jnetpcap.worker.TrafficFlowWorker    Pcap is listening...
2019-11-14 09:40:06 INFO  cic.cs.unb.ca.flow.ui.FlowMonitorPane    path:/home/khizar/CICFlowMeter/data/daily/2019-11-14_Flow.csv
2019-11-14 09:40:06 INFO  cic.cs.unb.ca.flow.ui.FlowMonitorPane    Pcap stop listening
2019-11-14 09:40:40 INFO  cic.cs.unb.ca.jnetpcap.worker.TrafficFlowWorker    Pcap is listening...
2019-11-14 09:41:27 INFO  cic.cs.unb.ca.flow.ui.FlowMonitorPane    path:/home/khizar/CICFlowMeter/data/daily/2019-11-14_Flow.csv
2019-11-14 09:41:27 INFO  cic.cs.unb.ca.flow.ui.FlowMonitorPane    Pcap stop listening
2019-11-14 09:42:17 INFO  cic.cs.unb.ca.flow.ui.FlowMonitorPane    path:/home/khizar/CICFlowMeter/data/daily/2019-11-14_Flow.csv
2019-11-14 09:44:03 INFO  cic.cs.unb.ca.jnetpcap.worker.TrafficFlowWorker    Pcap is listening...
2019-11-14 09:48:54 INFO  cic.cs.unb.ca.flow.ui.FlowMonitorPane    Pcap stop listening
2019-11-14 09:48:54 INFO  cic.cs.unb.ca.flow.ui.FlowMonitorPane    path:/home/khizar/CICFlowMeter/data/daily/2019-11-14_Flow.csv
2019-11-14 09:51:59 INFO  cic.cs.unb.ca.jnetpcap.worker.TrafficFlowWorker    Pcap is listening...
2019-11-14 09:52:20 DEBUG cic.cs.unb.ca.jnetpcap.FlowGenerator    FlagFIN current has 46 flow
2019-11-14 09:52:20 DEBUG cic.cs.unb.ca.jnetpcap.FlowGenerator    FlagFIN current has 47 flow
2019-11-14 09:52:20 DEBUG cic.cs.unb.ca.jnetpcap.FlowGenerator    FlagFIN current has 48 flow
2019-11-14 09:52:20 DEBUG cic.cs.unb.ca.jnetpcap.FlowGenerator    FlagFIN current has 102 flow
2019-11-14 09:52:20 DEBUG cic.cs.unb.ca.jnetpcap.FlowGenerator    FlagFIN current has 103 flow
2019-11-14 09:52:23 DEBUG cic.cs.unb.ca.jnetpcap.FlowGenerator    FlagFIN current has 118 flow
2019-11-14 09:53:10 DEBUG cic.cs.unb.ca.jnetpcap.FlowGenerator    FlagFIN current has 140 flow
2019-11-14 09:53:10 DEBUG cic.cs.unb.ca.jnetpcap.FlowGenerator    FlagFIN current has 140 flow
2019-11-14 09:53:10 DEBUG cic.cs.unb.ca.jnetpcap.FlowGenerator    FlagFIN current has 155 flow
2019-11-14 09:53:10 DEBUG cic.cs.unb.ca.jnetpcap.FlowGenerator    FlagFIN current has 155 flow
2019-11-14 09:53:13 INFO  cic.cs.unb.ca.flow.ui.FlowMonitorPane    Pcap stop listening
2019-11-14 09:53:13 INFO  cic.cs.unb.ca.flow.ui.FlowMonitorPane    path:/home/khizar/CICFlowMeter/data/daily/2019-11-14_Flow.csv
2019-11-14 09:55:57 INFO  cic.cs.unb.ca.jnetpcap.worker.TrafficFlowWorker    Pcap is listening...
2019-11-14 10:18:00 INFO  cic.cs.unb.ca.jnetpcap.worker.TrafficFlowWorker    Pcap is listening...
2019-11-14 10:18:51 INFO  cic.cs.unb.ca.flow.ui.FlowMonitorPane    Pcap stop listening
2019-11-14 10:18:51 INFO  cic.cs.unb.ca.flow.ui.FlowMonitorPane    path:/home/khizar/CICFlowMeter/data/daily/2019-11-14_Flow.csv
2019-11-14 10:19:22 INFO  cic.cs.unb.ca.jnetpcap.worker.TrafficFlowWorker    Pcap is listening...
2019-11-14 10:19:51 INFO  cic.cs.unb.ca.flow.ui.FlowMonitorPane    path:/home/khizar/CICFlowMeter/data/daily/2019-11-14_Flow.csv
2019-11-14 10:19:51 INFO  cic.cs.unb.ca.flow.ui.FlowMonitorPane    Pcap stop listening
2019-11-14 10:21:05 INFO  cic.cs.unb.ca.jnetpcap.worker.TrafficFlowWorker    Pcap is listening...
2019-11-14 10:22:47 INFO  cic.cs.unb.ca.flow.ui.FlowMonitorPane    Pcap stop listening
2019-11-14 10:22:48 INFO  cic.cs.unb.ca.flow.ui.FlowMonitorPane    path:/home/khizar/CICFlowMeter/data/daily/2019-11-14_Flow.csv
2019-11-14 10:23:19 INFO  cic.cs.unb.ca.jnetpcap.worker.TrafficFlowWorker    Pcap is listening...
2019-11-14 10:23:30 DEBUG cic.cs.unb.ca.jnetpcap.FlowGenerator    FlagFIN current has 20 flow
2019-11-14 10:23:30 DEBUG cic.cs.unb.ca.jnetpcap.FlowGenerator    FlagFIN current has 43 flow
2019-11-14 10:23:30 DEBUG cic.cs.unb.ca.jnetpcap.FlowGenerator    FlagFIN current has 44 flow
2019-11-14 10:23:35 DEBUG cic.cs.unb.ca.jnetpcap.FlowGenerator    FlagFIN current has 58 flow
2019-11-14 10:23:35 DEBUG cic.cs.unb.ca.jnetpcap.FlowGenerator    FlagFIN current has 58 flow
2019-11-14 10:23:35 DEBUG cic.cs.unb.ca.jnetpcap.FlowGenerator    FlagFIN current has 57 flow
2019-11-14 10:23:35 DEBUG cic.cs.unb.ca.jnetpcap.FlowGenerator    FlagFIN current has 56 flow
2019-11-14 10:23:35 DEBUG cic.cs.unb.ca.jnetpcap.FlowGenerator    FlagFIN current has 56 flow
2019-11-14 10:23:35 DEBUG cic.cs.unb.ca.jnetpcap.FlowGenerator    FlagFIN current has 56 flow
2019-11-14 10:23:35 DEBUG cic.cs.unb.ca.jnetpcap.FlowGenerator    FlagFIN current has 55 flow
2019-11-14 10:24:11 DEBUG cic.cs.unb.ca.jnetpcap.FlowGenerator    FlagFIN current has 107 flow
2019-11-14 10:24:11 DEBUG cic.cs.unb.ca.jnetpcap.FlowGenerator    FlagFIN current has 107 flow
2019-11-14 10:24:11 DEBUG cic.cs.unb.ca.jnetpcap.FlowGenerator    FlagFIN current has 111 flow
2019-11-14 10:24:11 DEBUG cic.cs.unb.ca.jnetpcap.FlowGenerator    FlagFIN current has 110 flow
2019-11-14 10:24:11 DEBUG cic.cs.unb.ca.jnetpcap.FlowGenerator    FlagFIN current has 110 flow
2019-11-14 10:24:11 DEBUG cic.cs.unb.ca.jnetpcap.FlowGenerator    FlagFIN current has 110 flow
2019-11-14 10:24:11 DEBUG cic.cs.unb.ca.jnetpcap.FlowGenerator    FlagFIN current has 109 flow
2019-11-14 10:24:11 DEBUG cic.cs.unb.ca.jnetpcap.FlowGenerator    FlagFIN current has 109 flow
2019-11-14 10:24:11 DEBUG cic.cs.unb.ca.jnetpcap.FlowGenerator    FlagFIN current has 108 flow
2019-11-14 10:24:11 DEBUG cic.cs.unb.ca.jnetpcap.FlowGenerator    FlagFIN current has 111 flow
2019-11-14 10:24:11 DEBUG cic.cs.unb.ca.jnetpcap.FlowGenerator    FlagFIN current has 111 flow
2019-11-14 10:24:11 DEBUG cic.cs.unb.ca.jnetpcap.FlowGenerator    FlagFIN current has 120 flow
2019-11-14 10:24:11 DEBUG cic.cs.unb.ca.jnetpcap.FlowGenerator    FlagFIN current has 119 flow
2019-11-14 10:24:11 DEBUG cic.cs.unb.ca.jnetpcap.FlowGenerator    FlagFIN current has 119 flow
2019-11-14 10:24:11 DEBUG cic.cs.unb.ca.jnetpcap.FlowGenerator    FlagFIN current has 120 flow
2019-11-14 10:24:11 DEBUG cic.cs.unb.ca.jnetpcap.FlowGenerator    FlagFIN current has 120 flow
2019-11-14 10:24:11 DEBUG cic.cs.unb.ca.jnetpcap.FlowGenerator    FlagFIN current has 120 flow
2019-11-14 10:24:11 DEBUG cic.cs.unb.ca.jnetpcap.FlowGenerator    FlagFIN current has 122 flow
2019-11-14 10:24:11 DEBUG cic.cs.unb.ca.jnetpcap.FlowGenerator    FlagFIN current has 122 flow
2019-11-14 10:24:22 INFO  cic.cs.unb.ca.flow.ui.FlowMonitorPane    Pcap stop listening
2019-11-14 10:24:22 INFO  cic.cs.unb.ca.flow.ui.FlowMonitorPane    path:/home/khizar/CICFlowMeter/data/daily/2019-11-14_Flow.csv
2019-11-14 10:25:11 INFO  cic.cs.unb.ca.jnetpcap.worker.TrafficFlowWorker    Pcap is listening...
2019-11-14 10:25:25 DEBUG cic.cs.unb.ca.jnetpcap.FlowGenerator    FlagFIN current has 29 flow
2019-11-14 10:25:25 DEBUG cic.cs.unb.ca.jnetpcap.FlowGenerator    FlagFIN current has 29 flow
2019-11-14 10:25:25 DEBUG cic.cs.unb.ca.jnetpcap.FlowGenerator    FlagFIN current has 31 flow
2019-11-14 10:25:25 DEBUG cic.cs.unb.ca.jnetpcap.FlowGenerator    FlagFIN current has 30 flow
2019-11-14 10:25:25 DEBUG cic.cs.unb.ca.jnetpcap.FlowGenerator    FlagFIN current has 30 flow
2019-11-14 10:25:25 DEBUG cic.cs.unb.ca.jnetpcap.FlowGenerator    FlagFIN current has 31 flow
2019-11-14 10:25:31 DEBUG cic.cs.unb.ca.jnetpcap.FlowGenerator    FlagFIN current has 50 flow
2019-11-14 10:25:31 DEBUG cic.cs.unb.ca.jnetpcap.FlowGenerator    FlagFIN current has 53 flow
2019-11-14 10:25:31 DEBUG cic.cs.unb.ca.jnetpcap.FlowGenerator    FlagFIN current has 53 flow
2019-11-14 10:25:31 DEBUG cic.cs.unb.ca.jnetpcap.FlowGenerator    FlagFIN current has 52 flow
2019-11-14 10:25:31 DEBUG cic.cs.unb.ca.jnetpcap.FlowGenerator    FlagFIN current has 52 flow
2019-11-14 10:25:31 DEBUG cic.cs.unb.ca.jnetpcap.FlowGenerator    FlagFIN current has 51 flow
2019-11-14 10:25:31 DEBUG cic.cs.unb.ca.jnetpcap.FlowGenerator    FlagFIN current has 51 flow
2019-11-14 10:26:05 INFO  cic.cs.unb.ca.flow.ui.FlowMonitorPane    path:/home/khizar/CICFlowMeter/data/daily/2019-11-14_Flow.csv
2019-11-14 10:26:05 INFO  cic.cs.unb.ca.flow.ui.FlowMonitorPane    Pcap stop listening
2019-11-14 10:26:09 DEBUG cic.cs.unb.ca.jnetpcap.worker.TrafficFlowWorker    break Packet loop
2019-11-14 10:26:50 INFO  cic.cs.unb.ca.jnetpcap.worker.TrafficFlowWorker    Pcap is listening...
2019-11-14 10:27:45 INFO  cic.cs.unb.ca.flow.ui.FlowMonitorPane    Pcap stop listening
2019-11-14 10:27:45 INFO  cic.cs.unb.ca.flow.ui.FlowMonitorPane    path:/home/khizar/CICFlowMeter/data/daily/2019-11-14_Flow.csv
2019-11-14 10:31:39 INFO  cic.cs.unb.ca.jnetpcap.worker.TrafficFlowWorker    Pcap is listening...
2019-11-14 10:31:54 DEBUG cic.cs.unb.ca.jnetpcap.FlowGenerator    FlagFIN current has 42 flow
2019-11-14 10:31:54 DEBUG cic.cs.unb.ca.jnetpcap.FlowGenerator    FlagFIN current has 42 flow
2019-11-14 10:31:58 DEBUG cic.cs.unb.ca.jnetpcap.FlowGenerator    FlagFIN current has 69 flow
2019-11-14 10:31:58 DEBUG cic.cs.unb.ca.jnetpcap.FlowGenerator    FlagFIN current has 69 flow
2019-11-14 10:32:03 DEBUG cic.cs.unb.ca.jnetpcap.FlowGenerator    FlagFIN current has 86 flow
2019-11-14 10:32:03 DEBUG cic.cs.unb.ca.jnetpcap.FlowGenerator    FlagFIN current has 86 flow
2019-11-14 10:32:32 DEBUG cic.cs.unb.ca.jnetpcap.FlowGenerator    FlagFIN current has 92 flow
2019-11-14 10:32:32 DEBUG cic.cs.unb.ca.jnetpcap.FlowGenerator    FlagFIN current has 92 flow
2019-11-14 10:32:32 DEBUG cic.cs.unb.ca.jnetpcap.FlowGenerator    FlagFIN current has 91 flow
2019-11-14 10:32:32 DEBUG cic.cs.unb.ca.jnetpcap.FlowGenerator    FlagFIN current has 90 flow
2019-11-14 10:32:32 DEBUG cic.cs.unb.ca.jnetpcap.FlowGenerator    FlagFIN current has 90 flow
2019-11-14 10:32:32 DEBUG cic.cs.unb.ca.jnetpcap.FlowGenerator    FlagFIN current has 90 flow
2019-11-14 10:32:32 DEBUG cic.cs.unb.ca.jnetpcap.FlowGenerator    FlagFIN current has 89 flow
2019-11-14 10:32:32 DEBUG cic.cs.unb.ca.jnetpcap.FlowGenerator    FlagFIN current has 185 flow
2019-11-14 10:32:32 DEBUG cic.cs.unb.ca.jnetpcap.FlowGenerator    FlagFIN current has 189 flow
2019-11-14 10:32:32 DEBUG cic.cs.unb.ca.jnetpcap.FlowGenerator    FlagFIN current has 189 flow
2019-11-14 10:32:32 DEBUG cic.cs.unb.ca.jnetpcap.FlowGenerator    FlagFIN current has 190 flow
2019-11-14 10:32:33 DEBUG cic.cs.unb.ca.jnetpcap.FlowGenerator    FlagFIN current has 191 flow
2019-11-14 10:32:33 DEBUG cic.cs.unb.ca.jnetpcap.FlowGenerator    FlagFIN current has 191 flow
2019-11-14 10:32:42 DEBUG cic.cs.unb.ca.jnetpcap.FlowGenerator    FlagFIN current has 194 flow
2019-11-14 10:32:42 DEBUG cic.cs.unb.ca.jnetpcap.FlowGenerator    FlagFIN current has 198 flow
2019-11-14 10:32:42 DEBUG cic.cs.unb.ca.jnetpcap.FlowGenerator    FlagFIN current has 198 flow
2019-11-14 10:33:22 DEBUG cic.cs.unb.ca.jnetpcap.FlowGenerator    FlagFIN current has 225 flow
2019-11-14 10:33:22 DEBUG cic.cs.unb.ca.jnetpcap.FlowGenerator    FlagFIN current has 253 flow
2019-11-14 10:33:22 DEBUG cic.cs.unb.ca.jnetpcap.FlowGenerator    FlagFIN current has 253 flow
2019-11-14 10:33:22 DEBUG cic.cs.unb.ca.jnetpcap.FlowGenerator    FlagFIN current has 262 flow
2019-11-14 10:33:22 DEBUG cic.cs.unb.ca.jnetpcap.FlowGenerator    FlagFIN current has 262 flow
2019-11-14 10:34:03 DEBUG cic.cs.unb.ca.jnetpcap.FlowGenerator    FlagFIN current has 288 flow
2019-11-14 10:34:03 DEBUG cic.cs.unb.ca.jnetpcap.FlowGenerator    FlagFIN current has 288 flow
2019-11-14 10:34:14 DEBUG cic.cs.unb.ca.jnetpcap.FlowGenerator    FlagFIN current has 296 flow
2019-11-14 10:34:14 DEBUG cic.cs.unb.ca.jnetpcap.FlowGenerator    FlagFIN current has 296 flow
2019-11-14 10:34:14 DEBUG cic.cs.unb.ca.jnetpcap.FlowGenerator    Timeout current has 300 flow
2019-11-14 10:34:43 DEBUG cic.cs.unb.ca.jnetpcap.FlowGenerator    FlagFIN current has 311 flow
2019-11-14 10:34:43 DEBUG cic.cs.unb.ca.jnetpcap.FlowGenerator    FlagFIN current has 311 flow
2019-11-14 10:34:43 DEBUG cic.cs.unb.ca.jnetpcap.FlowGenerator    FlagFIN current has 318 flow
2019-11-14 10:34:43 DEBUG cic.cs.unb.ca.jnetpcap.FlowGenerator    FlagFIN current has 318 flow
2019-11-14 10:34:43 DEBUG cic.cs.unb.ca.jnetpcap.FlowGenerator    FlagFIN current has 320 flow
2019-11-14 10:34:43 DEBUG cic.cs.unb.ca.jnetpcap.FlowGenerator    FlagFIN current has 320 flow
2019-11-14 10:35:22 DEBUG cic.cs.unb.ca.jnetpcap.FlowGenerator    FlagFIN current has 321 flow
2019-11-14 10:35:22 DEBUG cic.cs.unb.ca.jnetpcap.FlowGenerator    FlagFIN current has 321 flow
2019-11-14 10:35:22 DEBUG cic.cs.unb.ca.jnetpcap.FlowGenerator    FlagFIN current has 321 flow
2019-11-14 10:35:22 DEBUG cic.cs.unb.ca.jnetpcap.FlowGenerator    FlagFIN current has 321 flow
2019-11-14 10:35:22 DEBUG cic.cs.unb.ca.jnetpcap.FlowGenerator    FlagFIN current has 321 flow
2019-11-14 10:35:22 DEBUG cic.cs.unb.ca.jnetpcap.FlowGenerator    FlagFIN current has 321 flow
2019-11-14 10:35:22 DEBUG cic.cs.unb.ca.jnetpcap.FlowGenerator    FlagFIN current has 322 flow
2019-11-14 10:35:22 DEBUG cic.cs.unb.ca.jnetpcap.FlowGenerator    FlagFIN current has 321 flow
2019-11-14 10:35:22 DEBUG cic.cs.unb.ca.jnetpcap.FlowGenerator    FlagFIN current has 320 flow
2019-11-14 10:35:22 DEBUG cic.cs.unb.ca.jnetpcap.FlowGenerator    FlagFIN current has 320 flow
2019-11-14 10:35:22 DEBUG cic.cs.unb.ca.jnetpcap.FlowGenerator    FlagFIN current has 321 flow
2019-11-14 10:35:22 DEBUG cic.cs.unb.ca.jnetpcap.FlowGenerator    FlagFIN current has 322 flow
2019-11-14 10:35:22 DEBUG cic.cs.unb.ca.jnetpcap.FlowGenerator    FlagFIN current has 324 flow
2019-11-14 10:35:22 DEBUG cic.cs.unb.ca.jnetpcap.FlowGenerator    FlagFIN current has 324 flow
2019-11-14 10:35:22 DEBUG cic.cs.unb.ca.jnetpcap.FlowGenerator    FlagFIN current has 324 flow
2019-11-14 10:35:22 DEBUG cic.cs.unb.ca.jnetpcap.FlowGenerator    FlagFIN current has 324 flow
2019-11-14 10:35:22 DEBUG cic.cs.unb.ca.jnetpcap.FlowGenerator    FlagFIN current has 333 flow
2019-11-14 10:35:22 DEBUG cic.cs.unb.ca.jnetpcap.FlowGenerator    FlagFIN current has 333 flow
2019-11-14 10:35:49 DEBUG cic.cs.unb.ca.jnetpcap.FlowGenerator    FlagFIN current has 342 flow
2019-11-14 10:35:54 DEBUG cic.cs.unb.ca.jnetpcap.FlowGenerator    FlagFIN current has 346 flow
2019-11-14 10:35:54 DEBUG cic.cs.unb.ca.jnetpcap.FlowGenerator    FlagFIN current has 346 flow
2019-11-14 10:36:02 DEBUG cic.cs.unb.ca.jnetpcap.FlowGenerator    Timeout current has 350 flow
2019-11-14 10:36:31 INFO  cic.cs.unb.ca.flow.ui.FlowMonitorPane    path:/home/khizar/CICFlowMeter/data/daily/2019-11-14_Flow.csv
2019-11-14 10:36:32 INFO  cic.cs.unb.ca.flow.ui.FlowMonitorPane    Pcap stop listening
2019-11-14 10:36:42 DEBUG cic.cs.unb.ca.jnetpcap.worker.TrafficFlowWorker    break Packet loop
2019-11-14 10:41:31 INFO  cic.cs.unb.ca.flow.ui.FlowMonitorPane    path:/home/khizar/CICFlowMeter/data/daily/2019-11-14_Flow.csv
2019-11-14 10:53:09 INFO  cic.cs.unb.ca.jnetpcap.worker.TrafficFlowWorker    Pcap is listening...
2019-11-14 10:57:46 INFO  cic.cs.unb.ca.flow.ui.FlowMonitorPane    Pcap stop listening
2019-11-14 10:57:46 INFO  cic.cs.unb.ca.flow.ui.FlowMonitorPane    path:/home/khizar/CICFlowMeter/data/daily/2019-11-14_Flow.csv
2019-11-14 10:57:50 INFO  cic.cs.unb.ca.jnetpcap.worker.TrafficFlowWorker    Pcap is listening...
2019-11-14 10:58:04 INFO  cic.cs.unb.ca.flow.ui.FlowMonitorPane    path:/home/khizar/CICFlowMeter/data/daily/2019-11-14_Flow.csv
2019-11-14 10:58:04 INFO  cic.cs.unb.ca.flow.ui.FlowMonitorPane    Pcap stop listening
2019-11-14 10:58:04 INFO  cic.cs.unb.ca.jnetpcap.worker.TrafficFlowWorker    Pcap is listening...
2019-11-14 11:03:04 INFO  cic.cs.unb.ca.flow.ui.FlowMonitorPane    path:/home/khizar/CICFlowMeter/data/daily/2019-11-14_Flow.csv
2019-11-14 11:03:04 INFO  cic.cs.unb.ca.flow.ui.FlowMonitorPane    Pcap stop listening
2019-11-14 11:03:04 INFO  cic.cs.unb.ca.jnetpcap.worker.TrafficFlowWorker    Pcap is listening...
2019-11-14 11:03:23 INFO  cic.cs.unb.ca.flow.ui.FlowMonitorPane    Pcap stop listening
2019-11-14 11:03:23 INFO  cic.cs.unb.ca.flow.ui.FlowMonitorPane    path:/home/khizar/CICFlowMeter/data/daily/2019-11-14_Flow.csv
2019-11-14 11:04:06 INFO  cic.cs.unb.ca.jnetpcap.worker.TrafficFlowWorker    Pcap is listening...
2019-11-14 11:04:43 DEBUG cic.cs.unb.ca.jnetpcap.FlowGenerator    FlagFIN current has 38 flow
2019-11-14 11:04:48 DEBUG cic.cs.unb.ca.jnetpcap.FlowGenerator    FlagFIN current has 82 flow
2019-11-14 11:04:48 DEBUG cic.cs.unb.ca.jnetpcap.FlowGenerator    FlagFIN current has 90 flow
2019-11-14 11:04:48 DEBUG cic.cs.unb.ca.jnetpcap.FlowGenerator    FlagFIN current has 90 flow
2019-11-14 11:04:48 DEBUG cic.cs.unb.ca.jnetpcap.FlowGenerator    FlagFIN current has 89 flow
2019-11-14 11:04:48 DEBUG cic.cs.unb.ca.jnetpcap.FlowGenerator    FlagFIN current has 88 flow
2019-11-14 11:04:48 DEBUG cic.cs.unb.ca.jnetpcap.FlowGenerator    FlagFIN current has 91 flow
2019-11-14 11:04:48 DEBUG cic.cs.unb.ca.jnetpcap.FlowGenerator    FlagFIN current has 91 flow
2019-11-14 11:04:48 DEBUG cic.cs.unb.ca.jnetpcap.FlowGenerator    FlagFIN current has 91 flow
2019-11-14 11:04:48 DEBUG cic.cs.unb.ca.jnetpcap.FlowGenerator    FlagFIN current has 91 flow
2019-11-14 11:04:48 DEBUG cic.cs.unb.ca.jnetpcap.FlowGenerator    FlagFIN current has 91 flow
2019-11-14 11:04:48 DEBUG cic.cs.unb.ca.jnetpcap.FlowGenerator    FlagFIN current has 93 flow
2019-11-14 11:04:48 DEBUG cic.cs.unb.ca.jnetpcap.FlowGenerator    FlagFIN current has 93 flow
2019-11-14 11:04:49 DEBUG cic.cs.unb.ca.jnetpcap.FlowGenerator    FlagFIN current has 102 flow
2019-11-14 11:04:49 DEBUG cic.cs.unb.ca.jnetpcap.FlowGenerator    FlagFIN current has 103 flow
2019-11-14 11:04:52 DEBUG cic.cs.unb.ca.jnetpcap.FlowGenerator    FlagFIN current has 114 flow
2019-11-14 11:04:52 DEBUG cic.cs.unb.ca.jnetpcap.FlowGenerator    FlagFIN current has 113 flow
2019-11-14 11:04:52 DEBUG cic.cs.unb.ca.jnetpcap.FlowGenerator    FlagFIN current has 112 flow
2019-11-14 11:04:52 DEBUG cic.cs.unb.ca.jnetpcap.FlowGenerator    FlagFIN current has 111 flow
2019-11-14 11:04:52 DEBUG cic.cs.unb.ca.jnetpcap.FlowGenerator    FlagFIN current has 110 flow
2019-11-14 11:04:52 DEBUG cic.cs.unb.ca.jnetpcap.FlowGenerator    FlagFIN current has 109 flow
2019-11-14 11:04:52 DEBUG cic.cs.unb.ca.jnetpcap.FlowGenerator    FlagFIN current has 115 flow
2019-11-14 11:04:52 DEBUG cic.cs.unb.ca.jnetpcap.FlowGenerator    FlagFIN current has 115 flow
2019-11-14 11:04:52 DEBUG cic.cs.unb.ca.jnetpcap.FlowGenerator    FlagFIN current has 115 flow
2019-11-14 11:04:52 DEBUG cic.cs.unb.ca.jnetpcap.FlowGenerator    FlagFIN current has 115 flow
2019-11-14 11:04:52 DEBUG cic.cs.unb.ca.jnetpcap.FlowGenerator    FlagFIN current has 115 flow
2019-11-14 11:04:52 DEBUG cic.cs.unb.ca.jnetpcap.FlowGenerator    FlagFIN current has 115 flow
2019-11-14 11:04:52 DEBUG cic.cs.unb.ca.jnetpcap.FlowGenerator    FlagFIN current has 134 flow
2019-11-14 11:04:52 DEBUG cic.cs.unb.ca.jnetpcap.FlowGenerator    FlagFIN current has 134 flow
2019-11-14 11:05:06 DEBUG cic.cs.unb.ca.jnetpcap.FlowGenerator    FlagFIN current has 146 flow
2019-11-14 11:05:06 DEBUG cic.cs.unb.ca.jnetpcap.FlowGenerator    FlagFIN current has 146 flow
2019-11-14 11:05:06 DEBUG cic.cs.unb.ca.jnetpcap.FlowGenerator    FlagFIN current has 146 flow
2019-11-14 11:05:06 DEBUG cic.cs.unb.ca.jnetpcap.FlowGenerator    FlagFIN current has 146 flow
2019-11-14 11:05:06 DEBUG cic.cs.unb.ca.jnetpcap.FlowGenerator    FlagFIN current has 147 flow
2019-11-14 11:05:06 DEBUG cic.cs.unb.ca.jnetpcap.FlowGenerator    FlagFIN current has 147 flow
2019-11-14 11:05:31 DEBUG cic.cs.unb.ca.jnetpcap.FlowGenerator    FlagFIN current has 163 flow
2019-11-14 11:05:31 DEBUG cic.cs.unb.ca.jnetpcap.FlowGenerator    FlagFIN current has 163 flow
2019-11-14 11:05:31 DEBUG cic.cs.unb.ca.jnetpcap.FlowGenerator    FlagFIN current has 163 flow
2019-11-14 11:05:31 DEBUG cic.cs.unb.ca.jnetpcap.FlowGenerator    FlagFIN current has 163 flow
2019-11-14 11:05:31 DEBUG cic.cs.unb.ca.jnetpcap.FlowGenerator    FlagFIN current has 163 flow
2019-11-14 11:05:31 DEBUG cic.cs.unb.ca.jnetpcap.FlowGenerator    FlagFIN current has 163 flow
2019-11-14 11:05:45 DEBUG cic.cs.unb.ca.jnetpcap.FlowGenerator    FlagFIN current has 185 flow
2019-11-14 11:05:45 DEBUG cic.cs.unb.ca.jnetpcap.FlowGenerator    FlagFIN current has 185 flow
2019-11-14 11:05:45 DEBUG cic.cs.unb.ca.jnetpcap.FlowGenerator    FlagFIN current has 189 flow
2019-11-14 11:05:45 DEBUG cic.cs.unb.ca.jnetpcap.FlowGenerator    FlagFIN current has 189 flow
2019-11-14 11:05:58 INFO  cic.cs.unb.ca.flow.ui.FlowMonitorPane    Pcap stop listening
2019-11-14 11:05:58 INFO  cic.cs.unb.ca.flow.ui.FlowMonitorPane    path:/home/khizar/CICFlowMeter/data/daily/2019-11-14_Flow.csv
2019-11-14 11:06:07 INFO  cic.cs.unb.ca.jnetpcap.worker.TrafficFlowWorker    Pcap is listening...
2019-11-14 11:06:07 DEBUG cic.cs.unb.ca.jnetpcap.worker.TrafficFlowWorker    break Packet loop
2019-11-14 11:06:19 DEBUG cic.cs.unb.ca.jnetpcap.FlowGenerator    FlagFIN current has 44 flow
2019-11-14 11:06:19 DEBUG cic.cs.unb.ca.jnetpcap.FlowGenerator    FlagFIN current has 44 flow
2019-11-14 11:06:51 DEBUG cic.cs.unb.ca.jnetpcap.FlowGenerator    FlagFIN current has 70 flow
2019-11-14 11:06:51 DEBUG cic.cs.unb.ca.jnetpcap.FlowGenerator    FlagFIN current has 70 flow
2019-11-14 11:06:51 DEBUG cic.cs.unb.ca.jnetpcap.FlowGenerator    FlagFIN current has 70 flow
2019-11-14 11:06:51 DEBUG cic.cs.unb.ca.jnetpcap.FlowGenerator    FlagFIN current has 70 flow
2019-11-14 11:06:51 DEBUG cic.cs.unb.ca.jnetpcap.FlowGenerator    FlagFIN current has 70 flow
2019-11-14 11:07:38 DEBUG cic.cs.unb.ca.jnetpcap.FlowGenerator    FlagFIN current has 85 flow
2019-11-14 11:07:38 DEBUG cic.cs.unb.ca.jnetpcap.FlowGenerator    FlagFIN current has 85 flow
2019-11-14 11:07:38 DEBUG cic.cs.unb.ca.jnetpcap.FlowGenerator    FlagFIN current has 85 flow
2019-11-14 11:07:38 DEBUG cic.cs.unb.ca.jnetpcap.FlowGenerator    FlagFIN current has 87 flow
2019-11-14 11:07:38 DEBUG cic.cs.unb.ca.jnetpcap.FlowGenerator    FlagFIN current has 87 flow
2019-11-14 11:07:45 DEBUG cic.cs.unb.ca.jnetpcap.FlowGenerator    FlagFIN current has 101 flow
2019-11-14 11:07:45 DEBUG cic.cs.unb.ca.jnetpcap.FlowGenerator    FlagFIN current has 101 flow
2019-11-14 11:07:45 DEBUG cic.cs.unb.ca.jnetpcap.FlowGenerator    FlagFIN current has 101 flow
2019-11-14 11:07:45 DEBUG cic.cs.unb.ca.jnetpcap.FlowGenerator    FlagFIN current has 100 flow
2019-11-14 11:07:45 DEBUG cic.cs.unb.ca.jnetpcap.FlowGenerator    FlagFIN current has 100 flow
2019-11-14 11:07:57 DEBUG cic.cs.unb.ca.jnetpcap.FlowGenerator    FlagFIN current has 116 flow
2019-11-14 11:08:15 DEBUG cic.cs.unb.ca.jnetpcap.FlowGenerator    FlagFIN current has 131 flow
2019-11-14 11:08:45 DEBUG cic.cs.unb.ca.jnetpcap.FlowGenerator    FlagFIN current has 138 flow
2019-11-14 11:08:45 DEBUG cic.cs.unb.ca.jnetpcap.FlowGenerator    FlagFIN current has 138 flow
2019-11-14 11:08:45 DEBUG cic.cs.unb.ca.jnetpcap.FlowGenerator    FlagFIN current has 149 flow
2019-11-14 11:08:45 DEBUG cic.cs.unb.ca.jnetpcap.FlowGenerator    FlagFIN current has 149 flow
2019-11-14 11:08:58 INFO  cic.cs.unb.ca.flow.ui.FlowMonitorPane    path:/home/khizar/CICFlowMeter/data/daily/2019-11-14_Flow.csv
2019-11-14 11:08:58 INFO  cic.cs.unb.ca.flow.ui.FlowMonitorPane    Pcap stop listening
2019-11-14 11:09:01 DEBUG cic.cs.unb.ca.jnetpcap.worker.TrafficFlowWorker    break Packet loop
2019-11-14 11:10:20 INFO  cic.cs.unb.ca.jnetpcap.worker.TrafficFlowWorker    Pcap is listening...
2019-11-14 11:10:48 DEBUG cic.cs.unb.ca.jnetpcap.FlowGenerator    FlagFIN current has 10 flow
2019-11-14 11:10:48 DEBUG cic.cs.unb.ca.jnetpcap.FlowGenerator    FlagFIN current has 10 flow
2019-11-14 11:10:48 DEBUG cic.cs.unb.ca.jnetpcap.FlowGenerator    FlagFIN current has 16 flow
2019-11-14 11:10:48 DEBUG cic.cs.unb.ca.jnetpcap.FlowGenerator    FlagFIN current has 15 flow
2019-11-14 11:10:48 DEBUG cic.cs.unb.ca.jnetpcap.FlowGenerator    FlagFIN current has 14 flow
2019-11-14 11:10:48 DEBUG cic.cs.unb.ca.jnetpcap.FlowGenerator    FlagFIN current has 14 flow
2019-11-14 11:10:48 DEBUG cic.cs.unb.ca.jnetpcap.FlowGenerator    FlagFIN current has 15 flow
2019-11-14 11:10:48 DEBUG cic.cs.unb.ca.jnetpcap.FlowGenerator    FlagFIN current has 16 flow
2019-11-14 11:10:48 DEBUG cic.cs.unb.ca.jnetpcap.FlowGenerator    FlagFIN current has 22 flow
2019-11-14 11:10:48 DEBUG cic.cs.unb.ca.jnetpcap.FlowGenerator    FlagFIN current has 23 flow
2019-11-14 11:10:48 DEBUG cic.cs.unb.ca.jnetpcap.FlowGenerator    FlagFIN current has 25 flow
2019-11-14 11:11:01 DEBUG cic.cs.unb.ca.jnetpcap.FlowGenerator    FlagFIN current has 27 flow
2019-11-14 11:11:01 DEBUG cic.cs.unb.ca.jnetpcap.FlowGenerator    FlagFIN current has 27 flow
2019-11-14 11:11:01 DEBUG cic.cs.unb.ca.jnetpcap.FlowGenerator    FlagFIN current has 28 flow
2019-11-14 11:11:01 DEBUG cic.cs.unb.ca.jnetpcap.FlowGenerator    FlagFIN current has 28 flow
2019-11-14 11:11:18 DEBUG cic.cs.unb.ca.jnetpcap.FlowGenerator    FlagFIN current has 54 flow
2019-11-14 11:11:18 DEBUG cic.cs.unb.ca.jnetpcap.FlowGenerator    FlagFIN current has 54 flow
2019-11-14 11:12:18 DEBUG cic.cs.unb.ca.jnetpcap.FlowGenerator    FlagFIN current has 78 flow
2019-11-14 11:12:18 DEBUG cic.cs.unb.ca.jnetpcap.FlowGenerator    FlagFIN current has 78 flow
2019-11-14 11:12:48 DEBUG cic.cs.unb.ca.jnetpcap.FlowGenerator    Timeout current has 100 flow
2019-11-14 11:13:48 DEBUG cic.cs.unb.ca.jnetpcap.FlowGenerator    FlagFIN current has 138 flow
2019-11-14 11:13:48 DEBUG cic.cs.unb.ca.jnetpcap.FlowGenerator    FlagFIN current has 138 flow
2019-11-14 11:13:58 INFO  cic.cs.unb.ca.flow.ui.FlowMonitorPane    path:/home/khizar/CICFlowMeter/data/daily/2019-11-14_Flow.csv
2019-11-14 11:13:58 INFO  cic.cs.unb.ca.flow.ui.FlowMonitorPane    Pcap stop listening
2019-11-14 11:14:18 DEBUG cic.cs.unb.ca.jnetpcap.worker.TrafficFlowWorker    break Packet loop
2019-11-14 11:18:33 INFO  cic.cs.unb.ca.jnetpcap.worker.TrafficFlowWorker    Pcap is listening...
2019-11-14 11:19:10 DEBUG cic.cs.unb.ca.jnetpcap.FlowGenerator    FlagFIN current has 66 flow
2019-11-14 11:19:10 DEBUG cic.cs.unb.ca.jnetpcap.FlowGenerator    FlagFIN current has 66 flow
2019-11-14 11:19:33 DEBUG cic.cs.unb.ca.jnetpcap.FlowGenerator    FlagFIN current has 82 flow
2019-11-14 11:19:33 DEBUG cic.cs.unb.ca.jnetpcap.FlowGenerator    FlagFIN current has 82 flow
2019-11-14 11:19:33 DEBUG cic.cs.unb.ca.jnetpcap.FlowGenerator    FlagFIN current has 82 flow
2019-11-14 11:19:33 DEBUG cic.cs.unb.ca.jnetpcap.FlowGenerator    FlagFIN current has 82 flow
2019-11-14 11:19:33 DEBUG cic.cs.unb.ca.jnetpcap.FlowGenerator    FlagFIN current has 83 flow
2019-11-14 11:19:33 DEBUG cic.cs.unb.ca.jnetpcap.FlowGenerator    FlagFIN current has 83 flow
2019-11-14 11:19:33 DEBUG cic.cs.unb.ca.jnetpcap.FlowGenerator    FlagFIN current has 85 flow
2019-11-14 11:19:33 DEBUG cic.cs.unb.ca.jnetpcap.FlowGenerator    FlagFIN current has 85 flow
2019-11-14 11:19:50 DEBUG cic.cs.unb.ca.jnetpcap.FlowGenerator    FlagFIN current has 92 flow
2019-11-14 11:19:51 DEBUG cic.cs.unb.ca.jnetpcap.FlowGenerator    FlagFIN current has 99 flow
2019-11-14 11:19:51 DEBUG cic.cs.unb.ca.jnetpcap.FlowGenerator    FlagFIN current has 99 flow
2019-11-14 11:20:10 DEBUG cic.cs.unb.ca.jnetpcap.FlowGenerator    FlagFIN current has 102 flow
2019-11-14 11:20:10 DEBUG cic.cs.unb.ca.jnetpcap.FlowGenerator    FlagFIN current has 103 flow
2019-11-14 11:20:10 DEBUG cic.cs.unb.ca.jnetpcap.FlowGenerator    FlagFIN current has 107 flow
2019-11-14 11:20:10 DEBUG cic.cs.unb.ca.jnetpcap.FlowGenerator    FlagFIN current has 107 flow
2019-11-14 11:21:35 DEBUG cic.cs.unb.ca.jnetpcap.FlowGenerator    FlagFIN current has 311 flow
2019-11-14 11:21:35 DEBUG cic.cs.unb.ca.jnetpcap.FlowGenerator    FlagFIN current has 329 flow
2019-11-14 11:21:35 DEBUG cic.cs.unb.ca.jnetpcap.FlowGenerator    FlagFIN current has 329 flow
2019-11-14 11:21:35 DEBUG cic.cs.unb.ca.jnetpcap.FlowGenerator    FlagFIN current has 490 flow
2019-11-14 11:21:35 DEBUG cic.cs.unb.ca.jnetpcap.FlowGenerator    FlagFIN current has 490 flow
2019-11-14 11:21:35 DEBUG cic.cs.unb.ca.jnetpcap.FlowGenerator    FlagFIN current has 515 flow
2019-11-14 11:21:35 DEBUG cic.cs.unb.ca.jnetpcap.FlowGenerator    FlagFIN current has 515 flow
2019-11-14 11:21:50 DEBUG cic.cs.unb.ca.jnetpcap.FlowGenerator    FlagFIN current has 766 flow
2019-11-14 11:21:50 DEBUG cic.cs.unb.ca.jnetpcap.FlowGenerator    FlagFIN current has 765 flow
2019-11-14 11:21:50 DEBUG cic.cs.unb.ca.jnetpcap.FlowGenerator    FlagFIN current has 765 flow
2019-11-14 11:21:50 DEBUG cic.cs.unb.ca.jnetpcap.FlowGenerator    FlagFIN current has 766 flow
2019-11-14 11:22:10 DEBUG cic.cs.unb.ca.jnetpcap.FlowGenerator    FlagFIN current has 803 flow
2019-11-14 11:22:10 DEBUG cic.cs.unb.ca.jnetpcap.FlowGenerator    FlagFIN current has 803 flow
2019-11-14 11:22:10 DEBUG cic.cs.unb.ca.jnetpcap.FlowGenerator    FlagFIN current has 812 flow
2019-11-14 11:22:10 DEBUG cic.cs.unb.ca.jnetpcap.FlowGenerator    FlagFIN current has 852 flow
2019-11-14 11:22:10 DEBUG cic.cs.unb.ca.jnetpcap.FlowGenerator    FlagFIN current has 854 flow
2019-11-14 11:23:26 INFO  cic.cs.unb.ca.flow.ui.FlowMonitorPane    path:/home/khizar/CICFlowMeter/data/daily/2019-11-14_Flow.csv
2019-11-14 11:23:26 INFO  cic.cs.unb.ca.flow.ui.FlowMonitorPane    Pcap stop listening
2019-11-14 11:23:59 INFO  cic.cs.unb.ca.jnetpcap.worker.TrafficFlowWorker    Pcap is listening...
2019-11-14 11:24:04 DEBUG cic.cs.unb.ca.jnetpcap.worker.TrafficFlowWorker    break Packet loop
2019-11-14 11:24:40 DEBUG cic.cs.unb.ca.jnetpcap.FlowGenerator    FlagFIN current has 135 flow
2019-11-14 11:24:40 DEBUG cic.cs.unb.ca.jnetpcap.FlowGenerator    FlagFIN current has 245 flow
2019-11-14 11:24:40 DEBUG cic.cs.unb.ca.jnetpcap.FlowGenerator    FlagFIN current has 274 flow
2019-11-14 11:24:40 DEBUG cic.cs.unb.ca.jnetpcap.FlowGenerator    FlagFIN current has 274 flow
2019-11-14 11:25:41 DEBUG cic.cs.unb.ca.jnetpcap.FlowGenerator    FlagFIN current has 508 flow
2019-11-14 11:25:41 DEBUG cic.cs.unb.ca.jnetpcap.FlowGenerator    FlagFIN current has 686 flow
2019-11-14 11:26:42 DEBUG cic.cs.unb.ca.jnetpcap.FlowGenerator    FlagFIN current has 737 flow
2019-11-14 11:26:42 DEBUG cic.cs.unb.ca.jnetpcap.FlowGenerator    FlagFIN current has 845 flow
2019-11-14 11:26:42 DEBUG cic.cs.unb.ca.jnetpcap.FlowGenerator    FlagFIN current has 845 flow
2019-11-14 11:28:26 INFO  cic.cs.unb.ca.flow.ui.FlowMonitorPane    path:/home/khizar/CICFlowMeter/data/daily/2019-11-14_Flow.csv
2019-11-14 11:28:26 INFO  cic.cs.unb.ca.flow.ui.FlowMonitorPane    Pcap stop listening
2019-11-14 11:28:44 DEBUG cic.cs.unb.ca.jnetpcap.worker.TrafficFlowWorker    break Packet loop
2019-11-14 11:33:26 INFO  cic.cs.unb.ca.flow.ui.FlowMonitorPane    path:/home/khizar/CICFlowMeter/data/daily/2019-11-14_Flow.csv
2019-11-14 11:37:13 INFO  cic.cs.unb.ca.jnetpcap.worker.TrafficFlowWorker    Pcap is listening...
2019-11-14 11:37:21 DEBUG cic.cs.unb.ca.jnetpcap.FlowGenerator    FlagFIN current has 65 flow
2019-11-14 11:37:24 DEBUG cic.cs.unb.ca.jnetpcap.FlowGenerator    FlagFIN current has 135 flow
2019-11-14 11:37:24 DEBUG cic.cs.unb.ca.jnetpcap.FlowGenerator    FlagFIN current has 140 flow
2019-11-14 11:37:28 DEBUG cic.cs.unb.ca.jnetpcap.FlowGenerator    FlagFIN current has 239 flow
2019-11-14 11:37:28 DEBUG cic.cs.unb.ca.jnetpcap.FlowGenerator    FlagFIN current has 239 flow
2019-11-14 11:37:28 DEBUG cic.cs.unb.ca.jnetpcap.FlowGenerator    FlagFIN current has 243 flow
2019-11-14 11:37:48 DEBUG cic.cs.unb.ca.jnetpcap.FlowGenerator    FlagFIN current has 394 flow
2019-11-14 11:38:02 DEBUG cic.cs.unb.ca.jnetpcap.FlowGenerator    FlagFIN current has 500 flow
2019-11-14 11:38:02 DEBUG cic.cs.unb.ca.jnetpcap.FlowGenerator    FlagFIN current has 500 flow
2019-11-14 11:38:02 DEBUG cic.cs.unb.ca.jnetpcap.FlowGenerator    FlagFIN current has 499 flow
2019-11-14 11:38:02 DEBUG cic.cs.unb.ca.jnetpcap.FlowGenerator    FlagFIN current has 499 flow
2019-11-14 11:38:02 DEBUG cic.cs.unb.ca.jnetpcap.FlowGenerator    FlagFIN current has 572 flow
2019-11-14 11:38:13 DEBUG cic.cs.unb.ca.jnetpcap.FlowGenerator    FlagFIN current has 883 flow
2019-11-14 11:38:26 INFO  cic.cs.unb.ca.flow.ui.FlowMonitorPane    path:/home/khizar/CICFlowMeter/data/daily/2019-11-14_Flow.csv
2019-11-14 11:38:26 INFO  cic.cs.unb.ca.flow.ui.FlowMonitorPane    Pcap stop listening
2019-11-14 11:38:28 DEBUG cic.cs.unb.ca.jnetpcap.worker.TrafficFlowWorker    break Packet loop
2019-11-14 11:38:31 INFO  cic.cs.unb.ca.jnetpcap.worker.TrafficFlowWorker    Pcap is listening...
2019-11-14 11:39:02 DEBUG cic.cs.unb.ca.jnetpcap.FlowGenerator    FlagFIN current has 301 flow
2019-11-14 11:39:13 DEBUG cic.cs.unb.ca.jnetpcap.FlowGenerator    FlagFIN current has 609 flow
2019-11-14 11:39:13 DEBUG cic.cs.unb.ca.jnetpcap.FlowGenerator    FlagFIN current has 611 flow
2019-11-14 11:39:13 DEBUG cic.cs.unb.ca.jnetpcap.FlowGenerator    FlagFIN current has 635 flow
2019-11-14 11:39:13 DEBUG cic.cs.unb.ca.jnetpcap.FlowGenerator    FlagFIN current has 636 flow
2019-11-14 11:39:13 DEBUG cic.cs.unb.ca.jnetpcap.FlowGenerator    FlagFIN current has 640 flow
2019-11-14 11:40:10 DEBUG cic.cs.unb.ca.jnetpcap.FlowGenerator    FlagFIN current has 681 flow
2019-11-14 11:40:10 DEBUG cic.cs.unb.ca.jnetpcap.FlowGenerator    FlagFIN current has 839 flow
2019-11-14 11:40:10 DEBUG cic.cs.unb.ca.jnetpcap.FlowGenerator    FlagFIN current has 839 flow
2019-11-14 11:40:10 DEBUG cic.cs.unb.ca.jnetpcap.FlowGenerator    FlagFIN current has 895 flow
2019-11-14 11:40:10 DEBUG cic.cs.unb.ca.jnetpcap.FlowGenerator    FlagFIN current has 904 flow
2019-11-14 11:40:10 DEBUG cic.cs.unb.ca.jnetpcap.FlowGenerator    FlagFIN current has 904 flow
2019-11-14 11:40:10 DEBUG cic.cs.unb.ca.jnetpcap.FlowGenerator    FlagFIN current has 939 flow
2019-11-14 11:40:10 DEBUG cic.cs.unb.ca.jnetpcap.FlowGenerator    FlagFIN current has 1044 flow
2019-11-14 11:40:36 DEBUG cic.cs.unb.ca.jnetpcap.FlowGenerator    FlagFIN current has 1134 flow
2019-11-14 11:40:36 DEBUG cic.cs.unb.ca.jnetpcap.FlowGenerator    FlagFIN current has 1141 flow
2019-11-14 11:40:36 DEBUG cic.cs.unb.ca.jnetpcap.FlowGenerator    FlagFIN current has 1140 flow
2019-11-14 11:40:36 DEBUG cic.cs.unb.ca.jnetpcap.FlowGenerator    FlagFIN current has 1140 flow
2019-11-14 11:40:36 DEBUG cic.cs.unb.ca.jnetpcap.FlowGenerator    FlagFIN current has 1141 flow
2019-11-14 11:40:36 DEBUG cic.cs.unb.ca.jnetpcap.FlowGenerator    FlagFIN current has 1150 flow
2019-11-14 11:40:36 DEBUG cic.cs.unb.ca.jnetpcap.FlowGenerator    FlagFIN current has 1150 flow
2019-11-14 11:40:36 DEBUG cic.cs.unb.ca.jnetpcap.FlowGenerator    FlagFIN current has 1150 flow
2019-11-14 11:40:36 DEBUG cic.cs.unb.ca.jnetpcap.FlowGenerator    FlagFIN current has 1151 flow
2019-11-14 11:40:36 DEBUG cic.cs.unb.ca.jnetpcap.FlowGenerator    FlagFIN current has 1157 flow
2019-11-14 11:40:36 DEBUG cic.cs.unb.ca.jnetpcap.FlowGenerator    FlagFIN current has 1156 flow
2019-11-14 11:40:36 DEBUG cic.cs.unb.ca.jnetpcap.FlowGenerator    FlagFIN current has 1156 flow
2019-11-14 11:40:36 DEBUG cic.cs.unb.ca.jnetpcap.FlowGenerator    FlagFIN current has 1157 flow
2019-11-14 11:40:36 DEBUG cic.cs.unb.ca.jnetpcap.FlowGenerator    FlagFIN current has 1157 flow
2019-11-14 11:40:36 DEBUG cic.cs.unb.ca.jnetpcap.FlowGenerator    FlagFIN current has 1160 flow
2019-11-14 11:40:36 DEBUG cic.cs.unb.ca.jnetpcap.FlowGenerator    FlagFIN current has 1161 flow
2019-11-14 11:40:36 DEBUG cic.cs.unb.ca.jnetpcap.FlowGenerator    FlagFIN current has 1172 flow
2019-11-14 11:40:36 DEBUG cic.cs.unb.ca.jnetpcap.FlowGenerator    FlagFIN current has 1172 flow
2019-11-14 11:40:36 DEBUG cic.cs.unb.ca.jnetpcap.FlowGenerator    FlagFIN current has 1176 flow
2019-11-14 11:40:36 DEBUG cic.cs.unb.ca.jnetpcap.FlowGenerator    FlagFIN current has 1177 flow
2019-11-14 11:40:36 DEBUG cic.cs.unb.ca.jnetpcap.FlowGenerator    FlagFIN current has 1179 flow
2019-11-14 11:40:36 DEBUG cic.cs.unb.ca.jnetpcap.FlowGenerator    FlagFIN current has 1178 flow
2019-11-14 11:40:36 DEBUG cic.cs.unb.ca.jnetpcap.FlowGenerator    FlagFIN current has 1180 flow
2019-11-14 11:40:36 DEBUG cic.cs.unb.ca.jnetpcap.FlowGenerator    FlagFIN current has 1181 flow
2019-11-14 11:40:36 DEBUG cic.cs.unb.ca.jnetpcap.FlowGenerator    FlagFIN current has 1207 flow
2019-11-14 11:40:36 DEBUG cic.cs.unb.ca.jnetpcap.FlowGenerator    FlagFIN current has 1208 flow
2019-11-14 11:40:36 DEBUG cic.cs.unb.ca.jnetpcap.FlowGenerator    FlagFIN current has 1243 flow
2019-11-14 11:40:36 DEBUG cic.cs.unb.ca.jnetpcap.FlowGenerator    Timeout current has 1250 flow
2019-11-14 11:40:36 DEBUG cic.cs.unb.ca.jnetpcap.FlowGenerator    FlagFIN current has 1256 flow
2019-11-14 11:41:35 DEBUG cic.cs.unb.ca.jnetpcap.FlowGenerator    FlagFIN current has 1365 flow
2019-11-14 11:41:35 DEBUG cic.cs.unb.ca.jnetpcap.FlowGenerator    FlagFIN current has 1365 flow
2019-11-14 11:41:35 DEBUG cic.cs.unb.ca.jnetpcap.FlowGenerator    FlagFIN current has 1863 flow
2019-11-14 11:41:35 DEBUG cic.cs.unb.ca.jnetpcap.FlowGenerator    FlagFIN current has 2125 flow
2019-11-14 11:42:00 DEBUG cic.cs.unb.ca.jnetpcap.FlowGenerator    FlagFIN current has 2160 flow
2019-11-14 11:42:00 DEBUG cic.cs.unb.ca.jnetpcap.FlowGenerator    FlagFIN current has 2272 flow
2019-11-14 11:42:00 DEBUG cic.cs.unb.ca.jnetpcap.FlowGenerator    FlagFIN current has 2271 flow
2019-11-14 11:42:00 DEBUG cic.cs.unb.ca.jnetpcap.FlowGenerator    FlagFIN current has 2271 flow
2019-11-14 11:42:32 DEBUG cic.cs.unb.ca.jnetpcap.FlowGenerator    FlagFIN current has 2337 flow
2019-11-14 11:42:32 DEBUG cic.cs.unb.ca.jnetpcap.FlowGenerator    FlagFIN current has 2400 flow
2019-11-14 11:42:40 DEBUG cic.cs.unb.ca.jnetpcap.FlowGenerator    FlagFIN current has 2492 flow
2019-11-14 11:43:08 DEBUG cic.cs.unb.ca.jnetpcap.FlowGenerator    FlagFIN current has 2622 flow
2019-11-14 11:43:08 DEBUG cic.cs.unb.ca.jnetpcap.FlowGenerator    FlagFIN current has 2622 flow
2019-11-14 11:43:16 DEBUG cic.cs.unb.ca.jnetpcap.FlowGenerator    FlagFIN current has 2657 flow
2019-11-14 11:43:26 INFO  cic.cs.unb.ca.flow.ui.FlowMonitorPane    path:/home/khizar/CICFlowMeter/data/daily/2019-11-14_Flow.csv
2019-11-14 11:43:26 INFO  cic.cs.unb.ca.flow.ui.FlowMonitorPane    Pcap stop listening
2019-11-14 11:43:32 DEBUG cic.cs.unb.ca.jnetpcap.worker.TrafficFlowWorker    break Packet loop
2019-11-14 11:46:47 INFO  cic.cs.unb.ca.jnetpcap.worker.TrafficFlowWorker    Pcap is listening...
2019-11-14 11:47:50 DEBUG cic.cs.unb.ca.jnetpcap.FlowGenerator    FlagFIN current has 95 flow
2019-11-14 11:47:50 DEBUG cic.cs.unb.ca.jnetpcap.FlowGenerator    FlagFIN current has 95 flow
2019-11-14 11:47:50 DEBUG cic.cs.unb.ca.jnetpcap.FlowGenerator    FlagFIN current has 191 flow
2019-11-14 11:47:50 DEBUG cic.cs.unb.ca.jnetpcap.FlowGenerator    FlagFIN current has 191 flow
2019-11-14 11:48:26 INFO  cic.cs.unb.ca.flow.ui.FlowMonitorPane    path:/home/khizar/CICFlowMeter/data/daily/2019-11-14_Flow.csv
2019-11-14 11:48:26 INFO  cic.cs.unb.ca.flow.ui.FlowMonitorPane    Pcap stop listening
2019-11-14 11:48:58 DEBUG cic.cs.unb.ca.jnetpcap.worker.TrafficFlowWorker    break Packet loop
2019-11-14 11:53:26 INFO  cic.cs.unb.ca.flow.ui.FlowMonitorPane    path:/home/khizar/CICFlowMeter/data/daily/2019-11-14_Flow.csv
2019-11-14 13:45:42 INFO  cic.cs.unb.ca.flow.ui.FlowMonitorPane    path:/home/khizar/CICFlowMeter/data/daily/2019-11-14_Flow.csv
2019-11-14 13:46:11 INFO  cic.cs.unb.ca.flow.ui.FlowMonitorPane    path:/home/khizar/CICFlowMeter/data/daily/2019-11-14_Flow.csv
2019-11-14 13:46:13 INFO  cic.cs.unb.ca.flow.ui.FlowMonitorPane    path:/home/khizar/CICFlowMeter/data/daily/2019-11-14_Flow.csv
2019-11-14 13:46:13 INFO  cic.cs.unb.ca.flow.ui.FlowMonitorPane    path:/home/khizar/CICFlowMeter/data/daily/2019-11-14_Flow.csv
2019-11-14 13:46:13 INFO  cic.cs.unb.ca.flow.ui.FlowMonitorPane    path:/home/khizar/CICFlowMeter/data/daily/2019-11-14_Flow.csv
2019-11-14 13:46:14 INFO  cic.cs.unb.ca.flow.ui.FlowMonitorPane    path:/home/khizar/CICFlowMeter/data/daily/2019-11-14_Flow.csv
2019-11-14 13:46:15 INFO  cic.cs.unb.ca.flow.ui.FlowMonitorPane    path:/home/khizar/CICFlowMeter/data/daily/2019-11-14_Flow.csv
2019-11-14 13:46:15 INFO  cic.cs.unb.ca.flow.ui.FlowMonitorPane    path:/home/khizar/CICFlowMeter/data/daily/2019-11-14_Flow.csv
2019-11-14 13:46:15 INFO  cic.cs.unb.ca.flow.ui.FlowMonitorPane    path:/home/khizar/CICFlowMeter/data/daily/2019-11-14_Flow.csv
2019-11-14 13:46:16 INFO  cic.cs.unb.ca.flow.ui.FlowMonitorPane    path:/home/khizar/CICFlowMeter/data/daily/2019-11-14_Flow.csv
2019-11-14 13:46:17 INFO  cic.cs.unb.ca.flow.ui.FlowMonitorPane    path:/home/khizar/CICFlowMeter/data/daily/2019-11-14_Flow.csv
2019-11-14 13:46:17 INFO  cic.cs.unb.ca.flow.ui.FlowMonitorPane    path:/home/khizar/CICFlowMeter/data/daily/2019-11-14_Flow.csv
2019-11-14 13:46:17 INFO  cic.cs.unb.ca.flow.ui.FlowMonitorPane    path:/home/khizar/CICFlowMeter/data/daily/2019-11-14_Flow.csv
2019-11-14 13:46:18 INFO  cic.cs.unb.ca.flow.ui.FlowMonitorPane    path:/home/khizar/CICFlowMeter/data/daily/2019-11-14_Flow.csv
2019-11-14 13:46:18 INFO  cic.cs.unb.ca.flow.ui.FlowMonitorPane    path:/home/khizar/CICFlowMeter/data/daily/2019-11-14_Flow.csv
2019-11-14 13:46:18 INFO  cic.cs.unb.ca.flow.ui.FlowMonitorPane    path:/home/khizar/CICFlowMeter/data/daily/2019-11-14_Flow.csv
2019-11-14 13:46:18 INFO  cic.cs.unb.ca.flow.ui.FlowMonitorPane    path:/home/khizar/CICFlowMeter/data/daily/2019-11-14_Flow.csv
2019-11-14 13:46:18 INFO  cic.cs.unb.ca.flow.ui.FlowMonitorPane    path:/home/khizar/CICFlowMeter/data/daily/2019-11-14_Flow.csv
2019-11-14 13:46:18 INFO  cic.cs.unb.ca.flow.ui.FlowMonitorPane    path:/home/khizar/CICFlowMeter/data/daily/2019-11-14_Flow.csv
2019-11-14 13:46:19 INFO  cic.cs.unb.ca.flow.ui.FlowMonitorPane    path:/home/khizar/CICFlowMeter/data/daily/2019-11-14_Flow.csv
2019-11-14 13:46:19 INFO  cic.cs.unb.ca.flow.ui.FlowMonitorPane    path:/home/khizar/CICFlowMeter/data/daily/2019-11-14_Flow.csv
2019-11-14 13:46:19 INFO  cic.cs.unb.ca.flow.ui.FlowMonitorPane    path:/home/khizar/CICFlowMeter/data/daily/2019-11-14_Flow.csv
2019-11-14 13:48:26 INFO  cic.cs.unb.ca.flow.ui.FlowMonitorPane    path:/home/khizar/CICFlowMeter/data/daily/2019-11-14_Flow.csv
2019-11-14 15:28:00 INFO  cic.cs.unb.ca.jnetpcap.worker.TrafficFlowWorker    Pcap is listening...
2019-11-14 15:30:58 INFO  cic.cs.unb.ca.jnetpcap.worker.TrafficFlowWorker    Pcap is listening...
2019-11-14 15:31:05 DEBUG cic.cs.unb.ca.jnetpcap.FlowGenerator    FlagFIN current has 24 flow
2019-11-14 15:31:05 DEBUG cic.cs.unb.ca.jnetpcap.FlowGenerator    FlagFIN current has 33 flow
2019-11-14 15:31:07 DEBUG cic.cs.unb.ca.jnetpcap.FlowGenerator    FlagFIN current has 62 flow
2019-11-14 15:31:07 DEBUG cic.cs.unb.ca.jnetpcap.FlowGenerator    FlagFIN current has 62 flow
2019-11-14 15:31:09 DEBUG cic.cs.unb.ca.jnetpcap.FlowGenerator    FlagFIN current has 63 flow
2019-11-14 15:31:09 DEBUG cic.cs.unb.ca.jnetpcap.FlowGenerator    FlagFIN current has 63 flow
2019-11-14 15:31:10 DEBUG cic.cs.unb.ca.jnetpcap.FlowGenerator    FlagFIN current has 79 flow
2019-11-14 15:31:10 DEBUG cic.cs.unb.ca.jnetpcap.FlowGenerator    FlagFIN current has 84 flow
2019-11-14 15:31:10 DEBUG cic.cs.unb.ca.jnetpcap.FlowGenerator    FlagFIN current has 89 flow
2019-11-14 15:31:11 DEBUG cic.cs.unb.ca.jnetpcap.FlowGenerator    FlagFIN current has 95 flow
2019-11-14 15:31:11 DEBUG cic.cs.unb.ca.jnetpcap.FlowGenerator    FlagFIN current has 95 flow
2019-11-14 15:31:13 DEBUG cic.cs.unb.ca.jnetpcap.FlowGenerator    FlagFIN current has 106 flow
2019-11-14 15:31:16 DEBUG cic.cs.unb.ca.jnetpcap.FlowGenerator    FlagFIN current has 107 flow
2019-11-14 15:31:16 DEBUG cic.cs.unb.ca.jnetpcap.FlowGenerator    FlagFIN current has 107 flow
2019-11-14 15:31:16 DEBUG cic.cs.unb.ca.jnetpcap.FlowGenerator    FlagFIN current has 107 flow
2019-11-14 15:31:16 DEBUG cic.cs.unb.ca.jnetpcap.FlowGenerator    FlagFIN current has 108 flow
2019-11-14 15:31:20 DEBUG cic.cs.unb.ca.jnetpcap.FlowGenerator    FlagFIN current has 113 flow
2019-11-14 15:31:20 DEBUG cic.cs.unb.ca.jnetpcap.FlowGenerator    FlagFIN current has 113 flow
2019-11-14 15:31:20 DEBUG cic.cs.unb.ca.jnetpcap.FlowGenerator    FlagFIN current has 115 flow
2019-11-14 15:31:23 DEBUG cic.cs.unb.ca.jnetpcap.FlowGenerator    FlagFIN current has 126 flow
2019-11-14 15:31:25 DEBUG cic.cs.unb.ca.jnetpcap.FlowGenerator    FlagFIN current has 129 flow
2019-11-14 15:31:25 DEBUG cic.cs.unb.ca.jnetpcap.FlowGenerator    FlagFIN current has 132 flow
2019-11-14 15:31:29 DEBUG cic.cs.unb.ca.jnetpcap.FlowGenerator    FlagFIN current has 139 flow
2019-11-14 15:31:39 DEBUG cic.cs.unb.ca.jnetpcap.FlowGenerator    FlagFIN current has 146 flow
2019-11-14 15:31:51 DEBUG cic.cs.unb.ca.jnetpcap.FlowGenerator    FlagFIN current has 157 flow
2019-11-14 15:31:51 DEBUG cic.cs.unb.ca.jnetpcap.FlowGenerator    FlagFIN current has 157 flow
2019-11-14 15:31:51 DEBUG cic.cs.unb.ca.jnetpcap.FlowGenerator    FlagFIN current has 156 flow
2019-11-14 15:31:51 DEBUG cic.cs.unb.ca.jnetpcap.FlowGenerator    FlagFIN current has 156 flow
2019-11-14 15:31:51 DEBUG cic.cs.unb.ca.jnetpcap.FlowGenerator    FlagFIN current has 157 flow
2019-11-14 15:31:51 DEBUG cic.cs.unb.ca.jnetpcap.FlowGenerator    FlagFIN current has 157 flow
2019-11-14 15:31:51 DEBUG cic.cs.unb.ca.jnetpcap.FlowGenerator    FlagFIN current has 156 flow
2019-11-14 15:31:51 DEBUG cic.cs.unb.ca.jnetpcap.FlowGenerator    FlagFIN current has 156 flow
2019-11-14 15:32:22 DEBUG cic.cs.unb.ca.jnetpcap.FlowGenerator    FlagFIN current has 174 flow
2019-11-14 15:32:22 DEBUG cic.cs.unb.ca.jnetpcap.FlowGenerator    FlagFIN current has 180 flow
2019-11-14 15:32:22 DEBUG cic.cs.unb.ca.jnetpcap.FlowGenerator    FlagFIN current has 180 flow
2019-11-14 15:32:22 DEBUG cic.cs.unb.ca.jnetpcap.FlowGenerator    FlagFIN current has 185 flow
2019-11-14 15:32:22 DEBUG cic.cs.unb.ca.jnetpcap.FlowGenerator    FlagFIN current has 185 flow
2019-11-14 15:32:22 DEBUG cic.cs.unb.ca.jnetpcap.FlowGenerator    FlagFIN current has 185 flow
2019-11-14 15:32:22 DEBUG cic.cs.unb.ca.jnetpcap.FlowGenerator    FlagFIN current has 185 flow
2019-11-14 15:32:22 DEBUG cic.cs.unb.ca.jnetpcap.FlowGenerator    FlagFIN current has 185 flow
2019-11-14 15:32:22 DEBUG cic.cs.unb.ca.jnetpcap.FlowGenerator    FlagFIN current has 185 flow
2019-11-14 15:32:32 DEBUG cic.cs.unb.ca.jnetpcap.FlowGenerator    FlagFIN current has 187 flow
2019-11-14 15:32:32 DEBUG cic.cs.unb.ca.jnetpcap.FlowGenerator    FlagFIN current has 187 flow
2019-11-14 15:32:36 DEBUG cic.cs.unb.ca.jnetpcap.FlowGenerator    FlagFIN current has 195 flow
2019-11-14 15:32:44 DEBUG cic.cs.unb.ca.jnetpcap.FlowGenerator    FlagFIN current has 206 flow
2019-11-14 15:33:05 DEBUG cic.cs.unb.ca.jnetpcap.FlowGenerator    FlagFIN current has 230 flow
2019-11-14 15:33:05 DEBUG cic.cs.unb.ca.jnetpcap.FlowGenerator    FlagFIN current has 230 flow
2019-11-14 15:33:05 DEBUG cic.cs.unb.ca.jnetpcap.FlowGenerator    FlagFIN current has 232 flow
2019-11-14 15:33:12 DEBUG cic.cs.unb.ca.jnetpcap.FlowGenerator    FlagFIN current has 235 flow
2019-11-14 15:33:12 DEBUG cic.cs.unb.ca.jnetpcap.FlowGenerator    FlagFIN current has 234 flow
2019-11-14 15:33:12 DEBUG cic.cs.unb.ca.jnetpcap.FlowGenerator    FlagFIN current has 233 flow
2019-11-14 15:33:12 DEBUG cic.cs.unb.ca.jnetpcap.FlowGenerator    FlagFIN current has 233 flow
2019-11-14 15:33:12 DEBUG cic.cs.unb.ca.jnetpcap.FlowGenerator    FlagFIN current has 234 flow
2019-11-14 15:33:12 DEBUG cic.cs.unb.ca.jnetpcap.FlowGenerator    FlagFIN current has 235 flow
2019-11-14 15:33:15 DEBUG cic.cs.unb.ca.jnetpcap.FlowGenerator    FlagFIN current has 240 flow
2019-11-14 15:33:16 DEBUG cic.cs.unb.ca.jnetpcap.FlowGenerator    FlagFIN current has 245 flow
2019-11-14 15:33:16 DEBUG cic.cs.unb.ca.jnetpcap.FlowGenerator    FlagFIN current has 245 flow
2019-11-14 15:33:31 DEBUG cic.cs.unb.ca.jnetpcap.FlowGenerator    FlagFIN current has 247 flow
2019-11-14 15:33:31 DEBUG cic.cs.unb.ca.jnetpcap.FlowGenerator    FlagFIN current has 247 flow
2019-11-14 15:33:31 DEBUG cic.cs.unb.ca.jnetpcap.FlowGenerator    FlagFIN current has 248 flow
2019-11-14 15:33:31 DEBUG cic.cs.unb.ca.jnetpcap.FlowGenerator    FlagFIN current has 248 flow
2019-11-14 15:33:31 DEBUG cic.cs.unb.ca.jnetpcap.FlowGenerator    FlagFIN current has 248 flow
2019-11-14 15:33:31 DEBUG cic.cs.unb.ca.jnetpcap.FlowGenerator    FlagFIN current has 248 flow
2019-11-14 15:33:31 DEBUG cic.cs.unb.ca.jnetpcap.FlowGenerator    FlagFIN current has 248 flow
2019-11-14 15:33:37 DEBUG cic.cs.unb.ca.jnetpcap.FlowGenerator    FlagFIN current has 258 flow
2019-11-14 15:33:37 DEBUG cic.cs.unb.ca.jnetpcap.FlowGenerator    FlagFIN current has 263 flow
2019-11-14 15:33:37 DEBUG cic.cs.unb.ca.jnetpcap.FlowGenerator    FlagFIN current has 262 flow
2019-11-14 15:33:43 DEBUG cic.cs.unb.ca.jnetpcap.FlowGenerator    FlagFIN current has 268 flow
2019-11-14 15:33:46 DEBUG cic.cs.unb.ca.jnetpcap.FlowGenerator    FlagFIN current has 276 flow
2019-11-14 15:33:58 DEBUG cic.cs.unb.ca.jnetpcap.FlowGenerator    FlagFIN current has 289 flow
2019-11-14 15:33:58 DEBUG cic.cs.unb.ca.jnetpcap.FlowGenerator    FlagFIN current has 288 flow
2019-11-14 15:33:58 DEBUG cic.cs.unb.ca.jnetpcap.FlowGenerator    FlagFIN current has 288 flow
2019-11-14 15:33:58 DEBUG cic.cs.unb.ca.jnetpcap.FlowGenerator    FlagFIN current has 289 flow
2019-11-14 15:33:58 DEBUG cic.cs.unb.ca.jnetpcap.FlowGenerator    FlagFIN current has 296 flow
2019-11-14 15:33:58 DEBUG cic.cs.unb.ca.jnetpcap.FlowGenerator    FlagFIN current has 296 flow
2019-11-14 15:33:59 DEBUG cic.cs.unb.ca.jnetpcap.FlowGenerator    FlagFIN current has 297 flow
2019-11-14 15:33:59 DEBUG cic.cs.unb.ca.jnetpcap.FlowGenerator    FlagFIN current has 296 flow
2019-11-14 15:33:59 DEBUG cic.cs.unb.ca.jnetpcap.FlowGenerator    FlagFIN current has 295 flow
2019-11-14 15:33:59 DEBUG cic.cs.unb.ca.jnetpcap.FlowGenerator    FlagFIN current has 294 flow
2019-11-14 15:33:59 DEBUG cic.cs.unb.ca.jnetpcap.FlowGenerator    FlagFIN current has 293 flow
2019-11-14 15:34:00 DEBUG cic.cs.unb.ca.jnetpcap.FlowGenerator    FlagFIN current has 293 flow
2019-11-14 15:34:00 DEBUG cic.cs.unb.ca.jnetpcap.FlowGenerator    FlagFIN current has 294 flow
2019-11-14 15:34:00 DEBUG cic.cs.unb.ca.jnetpcap.FlowGenerator    FlagFIN current has 295 flow
2019-11-14 15:34:00 DEBUG cic.cs.unb.ca.jnetpcap.FlowGenerator    FlagFIN current has 296 flow
2019-11-14 15:34:00 DEBUG cic.cs.unb.ca.jnetpcap.FlowGenerator    FlagFIN current has 297 flow
2019-11-14 15:34:06 DEBUG cic.cs.unb.ca.jnetpcap.FlowGenerator    FlagFIN current has 298 flow
2019-11-14 15:34:21 DEBUG cic.cs.unb.ca.jnetpcap.FlowGenerator    FlagFIN current has 314 flow
2019-11-14 15:34:21 DEBUG cic.cs.unb.ca.jnetpcap.FlowGenerator    FlagFIN current has 314 flow
2019-11-14 15:34:21 DEBUG cic.cs.unb.ca.jnetpcap.FlowGenerator    FlagFIN current has 314 flow
2019-11-14 15:34:21 DEBUG cic.cs.unb.ca.jnetpcap.FlowGenerator    FlagFIN current has 317 flow
2019-11-14 15:34:21 DEBUG cic.cs.unb.ca.jnetpcap.FlowGenerator    FlagFIN current has 317 flow
2019-11-14 15:34:31 DEBUG cic.cs.unb.ca.jnetpcap.FlowGenerator    FlagFIN current has 333 flow
2019-11-14 15:34:41 DEBUG cic.cs.unb.ca.jnetpcap.FlowGenerator    FlagFIN current has 392 flow
2019-11-14 15:34:43 DEBUG cic.cs.unb.ca.jnetpcap.FlowGenerator    FlagFIN current has 411 flow
2019-11-14 15:34:44 DEBUG cic.cs.unb.ca.jnetpcap.FlowGenerator    FlagFIN current has 414 flow
2019-11-14 15:34:45 DEBUG cic.cs.unb.ca.jnetpcap.FlowGenerator    FlagFIN current has 418 flow
2019-11-14 15:34:48 DEBUG cic.cs.unb.ca.jnetpcap.FlowGenerator    FlagFIN current has 429 flow
2019-11-14 15:34:59 DEBUG cic.cs.unb.ca.jnetpcap.FlowGenerator    FlagFIN current has 432 flow
2019-11-14 15:34:59 DEBUG cic.cs.unb.ca.jnetpcap.FlowGenerator    FlagFIN current has 432 flow
2019-11-14 15:35:08 DEBUG cic.cs.unb.ca.jnetpcap.FlowGenerator    FlagFIN current has 473 flow
2019-11-14 15:35:08 DEBUG cic.cs.unb.ca.jnetpcap.FlowGenerator    FlagFIN current has 477 flow
2019-11-14 15:35:08 DEBUG cic.cs.unb.ca.jnetpcap.FlowGenerator    FlagFIN current has 476 flow
2019-11-14 15:35:09 DEBUG cic.cs.unb.ca.jnetpcap.FlowGenerator    FlagFIN current has 478 flow
2019-11-14 15:35:21 DEBUG cic.cs.unb.ca.jnetpcap.FlowGenerator    FlagFIN current has 480 flow
2019-11-14 15:35:22 DEBUG cic.cs.unb.ca.jnetpcap.FlowGenerator    FlagFIN current has 487 flow
2019-11-14 15:35:22 DEBUG cic.cs.unb.ca.jnetpcap.FlowGenerator    FlagFIN current has 487 flow
2019-11-14 15:35:22 DEBUG cic.cs.unb.ca.jnetpcap.FlowGenerator    FlagFIN current has 490 flow
2019-11-14 15:35:22 DEBUG cic.cs.unb.ca.jnetpcap.FlowGenerator    FlagFIN current has 490 flow
2019-11-14 15:35:43 DEBUG cic.cs.unb.ca.jnetpcap.FlowGenerator    FlagFIN current has 510 flow
2019-11-14 15:35:43 DEBUG cic.cs.unb.ca.jnetpcap.FlowGenerator    FlagFIN current has 510 flow
2019-11-14 15:35:43 DEBUG cic.cs.unb.ca.jnetpcap.FlowGenerator    FlagFIN current has 510 flow
2019-11-14 15:35:43 DEBUG cic.cs.unb.ca.jnetpcap.FlowGenerator    FlagFIN current has 510 flow
2019-11-14 15:35:45 DEBUG cic.cs.unb.ca.jnetpcap.FlowGenerator    FlagFIN current has 544 flow
2019-11-14 15:35:45 DEBUG cic.cs.unb.ca.jnetpcap.FlowGenerator    FlagFIN current has 545 flow
2019-11-14 15:35:46 INFO  cic.cs.unb.ca.flow.ui.FlowMonitorPane    path:/home/khizar/CICFlowMeter/data/daily/2019-11-14_Flow.csv
2019-11-14 15:35:46 INFO  cic.cs.unb.ca.flow.ui.FlowMonitorPane    Pcap stop listening
2019-11-14 15:35:53 INFO  cic.cs.unb.ca.jnetpcap.worker.TrafficFlowWorker    Pcap is listening...
2019-11-14 15:35:54 DEBUG cic.cs.unb.ca.jnetpcap.worker.TrafficFlowWorker    break Packet loop
2019-11-14 15:36:33 DEBUG cic.cs.unb.ca.jnetpcap.FlowGenerator    FlagFIN current has 48 flow
2019-11-14 15:36:33 DEBUG cic.cs.unb.ca.jnetpcap.FlowGenerator    FlagFIN current has 66 flow
2019-11-14 15:36:33 DEBUG cic.cs.unb.ca.jnetpcap.FlowGenerator    FlagFIN current has 75 flow
2019-11-14 15:36:33 DEBUG cic.cs.unb.ca.jnetpcap.FlowGenerator    FlagFIN current has 75 flow
2019-11-14 15:36:33 DEBUG cic.cs.unb.ca.jnetpcap.FlowGenerator    FlagFIN current has 78 flow
2019-11-14 15:36:33 DEBUG cic.cs.unb.ca.jnetpcap.FlowGenerator    FlagFIN current has 87 flow
2019-11-14 15:36:33 DEBUG cic.cs.unb.ca.jnetpcap.FlowGenerator    FlagFIN current has 87 flow
2019-11-14 15:36:33 DEBUG cic.cs.unb.ca.jnetpcap.FlowGenerator    FlagFIN current has 86 flow
2019-11-14 15:36:33 DEBUG cic.cs.unb.ca.jnetpcap.FlowGenerator    FlagFIN current has 86 flow
2019-11-14 15:36:33 DEBUG cic.cs.unb.ca.jnetpcap.FlowGenerator    FlagFIN current has 85 flow
2019-11-14 15:36:33 DEBUG cic.cs.unb.ca.jnetpcap.FlowGenerator    FlagFIN current has 85 flow
2019-11-14 15:36:33 DEBUG cic.cs.unb.ca.jnetpcap.FlowGenerator    FlagFIN current has 85 flow
2019-11-14 15:36:33 DEBUG cic.cs.unb.ca.jnetpcap.FlowGenerator    FlagFIN current has 84 flow
2019-11-14 15:36:33 DEBUG cic.cs.unb.ca.jnetpcap.FlowGenerator    FlagFIN current has 84 flow
2019-11-14 15:36:33 DEBUG cic.cs.unb.ca.jnetpcap.FlowGenerator    FlagFIN current has 101 flow
2019-11-14 15:36:33 DEBUG cic.cs.unb.ca.jnetpcap.FlowGenerator    FlagFIN current has 101 flow
2019-11-14 15:36:33 DEBUG cic.cs.unb.ca.jnetpcap.FlowGenerator    FlagFIN current has 108 flow
2019-11-14 15:36:33 DEBUG cic.cs.unb.ca.jnetpcap.FlowGenerator    FlagFIN current has 108 flow
2019-11-14 15:36:33 DEBUG cic.cs.unb.ca.jnetpcap.FlowGenerator    FlagFIN current has 134 flow
2019-11-14 15:36:33 DEBUG cic.cs.unb.ca.jnetpcap.FlowGenerator    FlagFIN current has 134 flow
2019-11-14 15:36:33 DEBUG cic.cs.unb.ca.jnetpcap.FlowGenerator    FlagFIN current has 159 flow
2019-11-14 15:36:50 DEBUG cic.cs.unb.ca.jnetpcap.FlowGenerator    FlagFIN current has 181 flow
2019-11-14 15:36:50 DEBUG cic.cs.unb.ca.jnetpcap.FlowGenerator    FlagFIN current has 189 flow
2019-11-14 15:36:50 DEBUG cic.cs.unb.ca.jnetpcap.FlowGenerator    FlagFIN current has 207 flow
2019-11-14 15:36:50 DEBUG cic.cs.unb.ca.jnetpcap.FlowGenerator    FlagFIN current has 213 flow
2019-11-14 15:36:50 DEBUG cic.cs.unb.ca.jnetpcap.FlowGenerator    FlagFIN current has 231 flow
2019-11-14 15:36:50 DEBUG cic.cs.unb.ca.jnetpcap.FlowGenerator    FlagFIN current has 231 flow
2019-11-14 15:36:50 DEBUG cic.cs.unb.ca.jnetpcap.FlowGenerator    FlagFIN current has 232 flow
2019-11-14 15:36:50 DEBUG cic.cs.unb.ca.jnetpcap.FlowGenerator    FlagFIN current has 231 flow
2019-11-14 15:36:50 DEBUG cic.cs.unb.ca.jnetpcap.FlowGenerator    FlagFIN current has 231 flow
2019-11-14 15:36:50 DEBUG cic.cs.unb.ca.jnetpcap.FlowGenerator    FlagFIN current has 237 flow
2019-11-14 15:36:50 DEBUG cic.cs.unb.ca.jnetpcap.FlowGenerator    FlagFIN current has 237 flow
2019-11-14 15:36:51 DEBUG cic.cs.unb.ca.jnetpcap.FlowGenerator    FlagFIN current has 258 flow
2019-11-14 15:36:51 DEBUG cic.cs.unb.ca.jnetpcap.FlowGenerator    FlagFIN current has 257 flow
2019-11-14 15:36:51 DEBUG cic.cs.unb.ca.jnetpcap.FlowGenerator    FlagFIN current has 256 flow
2019-11-14 15:36:51 DEBUG cic.cs.unb.ca.jnetpcap.FlowGenerator    FlagFIN current has 256 flow
2019-11-14 15:36:51 DEBUG cic.cs.unb.ca.jnetpcap.FlowGenerator    FlagFIN current has 259 flow
2019-11-14 15:36:51 DEBUG cic.cs.unb.ca.jnetpcap.FlowGenerator    FlagFIN current has 259 flow
2019-11-14 15:36:51 DEBUG cic.cs.unb.ca.jnetpcap.FlowGenerator    FlagFIN current has 259 flow
2019-11-14 15:36:51 DEBUG cic.cs.unb.ca.jnetpcap.FlowGenerator    FlagFIN current has 259 flow
2019-11-14 15:36:51 DEBUG cic.cs.unb.ca.jnetpcap.FlowGenerator    FlagFIN current has 259 flow
2019-11-14 15:36:59 DEBUG cic.cs.unb.ca.jnetpcap.FlowGenerator    FlagFIN current has 283 flow
2019-11-14 15:36:59 DEBUG cic.cs.unb.ca.jnetpcap.FlowGenerator    FlagFIN current has 285 flow
2019-11-14 15:37:00 DEBUG cic.cs.unb.ca.jnetpcap.FlowGenerator    FlagFIN current has 297 flow
2019-11-14 15:37:00 DEBUG cic.cs.unb.ca.jnetpcap.FlowGenerator    FlagFIN current has 297 flow
2019-11-14 15:37:24 DEBUG cic.cs.unb.ca.jnetpcap.FlowGenerator    FlagFIN current has 313 flow
2019-11-14 15:37:24 DEBUG cic.cs.unb.ca.jnetpcap.FlowGenerator    FlagFIN current has 319 flow
2019-11-14 15:37:24 DEBUG cic.cs.unb.ca.jnetpcap.FlowGenerator    FlagFIN current has 319 flow
2019-11-14 15:37:29 DEBUG cic.cs.unb.ca.jnetpcap.FlowGenerator    FlagFIN current has 324 flow
2019-11-14 15:37:29 DEBUG cic.cs.unb.ca.jnetpcap.FlowGenerator    FlagFIN current has 324 flow
2019-11-14 15:37:40 DEBUG cic.cs.unb.ca.jnetpcap.FlowGenerator    FlagFIN current has 332 flow
2019-11-14 15:37:40 DEBUG cic.cs.unb.ca.jnetpcap.FlowGenerator    FlagFIN current has 331 flow
2019-11-14 15:37:40 DEBUG cic.cs.unb.ca.jnetpcap.FlowGenerator    FlagFIN current has 331 flow
2019-11-14 15:37:40 DEBUG cic.cs.unb.ca.jnetpcap.FlowGenerator    FlagFIN current has 332 flow
2019-11-14 15:37:40 DEBUG cic.cs.unb.ca.jnetpcap.FlowGenerator    FlagFIN current has 336 flow
2019-11-14 15:37:40 DEBUG cic.cs.unb.ca.jnetpcap.FlowGenerator    FlagFIN current has 336 flow
2019-11-14 15:37:40 DEBUG cic.cs.unb.ca.jnetpcap.FlowGenerator    FlagFIN current has 336 flow
2019-11-14 15:37:40 DEBUG cic.cs.unb.ca.jnetpcap.FlowGenerator    FlagFIN current has 335 flow
2019-11-14 15:37:40 DEBUG cic.cs.unb.ca.jnetpcap.FlowGenerator    FlagFIN current has 335 flow
2019-11-14 15:37:40 DEBUG cic.cs.unb.ca.jnetpcap.FlowGenerator    FlagFIN current has 336 flow
2019-11-14 15:37:40 DEBUG cic.cs.unb.ca.jnetpcap.FlowGenerator    FlagFIN current has 338 flow
2019-11-14 15:37:42 DEBUG cic.cs.unb.ca.jnetpcap.FlowGenerator    FlagFIN current has 398 flow
2019-11-14 15:37:42 DEBUG cic.cs.unb.ca.jnetpcap.FlowGenerator    FlagFIN current has 399 flow
2019-11-14 15:37:44 DEBUG cic.cs.unb.ca.jnetpcap.FlowGenerator    FlagFIN current has 413 flow
2019-11-14 15:37:44 DEBUG cic.cs.unb.ca.jnetpcap.FlowGenerator    FlagFIN current has 422 flow
2019-11-14 15:37:44 DEBUG cic.cs.unb.ca.jnetpcap.FlowGenerator    FlagFIN current has 426 flow
2019-11-14 15:37:55 DEBUG cic.cs.unb.ca.jnetpcap.FlowGenerator    FlagFIN current has 458 flow
2019-11-14 15:37:55 DEBUG cic.cs.unb.ca.jnetpcap.FlowGenerator    FlagFIN current has 462 flow
2019-11-14 15:38:03 DEBUG cic.cs.unb.ca.jnetpcap.FlowGenerator    FlagFIN current has 482 flow
2019-11-14 15:38:03 DEBUG cic.cs.unb.ca.jnetpcap.FlowGenerator    FlagFIN current has 482 flow
2019-11-14 15:38:22 DEBUG cic.cs.unb.ca.jnetpcap.FlowGenerator    FlagFIN current has 491 flow
2019-11-14 15:38:22 DEBUG cic.cs.unb.ca.jnetpcap.FlowGenerator    FlagFIN current has 494 flow
2019-11-14 15:38:22 DEBUG cic.cs.unb.ca.jnetpcap.FlowGenerator    FlagFIN current has 497 flow
2019-11-14 15:38:22 DEBUG cic.cs.unb.ca.jnetpcap.FlowGenerator    Timeout current has 500 flow
2019-11-14 15:38:22 DEBUG cic.cs.unb.ca.jnetpcap.FlowGenerator    FlagFIN current has 506 flow
2019-11-14 15:38:22 DEBUG cic.cs.unb.ca.jnetpcap.FlowGenerator    FlagFIN current has 509 flow
2019-11-14 15:38:22 DEBUG cic.cs.unb.ca.jnetpcap.FlowGenerator    FlagFIN current has 509 flow
2019-11-14 15:38:26 DEBUG cic.cs.unb.ca.jnetpcap.FlowGenerator    FlagFIN current has 535 flow
2019-11-14 15:38:37 DEBUG cic.cs.unb.ca.jnetpcap.FlowGenerator    FlagFIN current has 549 flow
2019-11-14 15:38:37 DEBUG cic.cs.unb.ca.jnetpcap.FlowGenerator    FlagFIN current has 549 flow
2019-11-14 15:38:37 DEBUG cic.cs.unb.ca.jnetpcap.FlowGenerator    FlagFIN current has 551 flow
2019-11-14 15:38:48 DEBUG cic.cs.unb.ca.jnetpcap.FlowGenerator    FlagFIN current has 582 flow
2019-11-14 15:38:48 DEBUG cic.cs.unb.ca.jnetpcap.FlowGenerator    FlagFIN current has 587 flow
2019-11-14 15:38:48 DEBUG cic.cs.unb.ca.jnetpcap.FlowGenerator    FlagFIN current has 587 flow
2019-11-14 15:38:48 DEBUG cic.cs.unb.ca.jnetpcap.FlowGenerator    FlagFIN current has 605 flow
2019-11-14 15:38:48 DEBUG cic.cs.unb.ca.jnetpcap.FlowGenerator    FlagFIN current has 608 flow
2019-11-14 15:38:48 DEBUG cic.cs.unb.ca.jnetpcap.FlowGenerator    FlagFIN current has 609 flow
2019-11-14 15:38:48 DEBUG cic.cs.unb.ca.jnetpcap.FlowGenerator    FlagFIN current has 609 flow
2019-11-14 15:38:48 DEBUG cic.cs.unb.ca.jnetpcap.FlowGenerator    FlagFIN current has 609 flow
2019-11-14 15:38:48 DEBUG cic.cs.unb.ca.jnetpcap.FlowGenerator    FlagFIN current has 613 flow
2019-11-14 15:38:48 DEBUG cic.cs.unb.ca.jnetpcap.FlowGenerator    FlagFIN current has 623 flow
2019-11-14 15:38:48 DEBUG cic.cs.unb.ca.jnetpcap.FlowGenerator    FlagFIN current has 628 flow
2019-11-14 15:38:48 DEBUG cic.cs.unb.ca.jnetpcap.FlowGenerator    FlagFIN current has 637 flow
2019-11-14 15:38:48 DEBUG cic.cs.unb.ca.jnetpcap.FlowGenerator    FlagFIN current has 639 flow
2019-11-14 15:38:48 DEBUG cic.cs.unb.ca.jnetpcap.FlowGenerator    FlagFIN current has 639 flow
2019-11-14 15:38:50 DEBUG cic.cs.unb.ca.jnetpcap.FlowGenerator    FlagFIN current has 649 flow
2019-11-14 15:38:51 DEBUG cic.cs.unb.ca.jnetpcap.FlowGenerator    FlagFIN current has 650 flow
2019-11-14 15:38:51 DEBUG cic.cs.unb.ca.jnetpcap.FlowGenerator    FlagFIN current has 650 flow
2019-11-14 15:38:58 DEBUG cic.cs.unb.ca.jnetpcap.FlowGenerator    FlagFIN current has 657 flow
2019-11-14 15:38:59 DEBUG cic.cs.unb.ca.jnetpcap.FlowGenerator    FlagFIN current has 662 flow
2019-11-14 15:39:00 DEBUG cic.cs.unb.ca.jnetpcap.FlowGenerator    FlagFIN current has 663 flow
2019-11-14 15:39:13 DEBUG cic.cs.unb.ca.jnetpcap.FlowGenerator    FlagFIN current has 669 flow
2019-11-14 15:39:13 DEBUG cic.cs.unb.ca.jnetpcap.FlowGenerator    FlagFIN current has 675 flow
2019-11-14 15:39:13 DEBUG cic.cs.unb.ca.jnetpcap.FlowGenerator    FlagFIN current has 675 flow
2019-11-14 15:39:13 DEBUG cic.cs.unb.ca.jnetpcap.FlowGenerator    FlagFIN current has 684 flow
2019-11-14 15:39:28 DEBUG cic.cs.unb.ca.jnetpcap.FlowGenerator    FlagFIN current has 706 flow
2019-11-14 15:39:28 DEBUG cic.cs.unb.ca.jnetpcap.FlowGenerator    FlagFIN current has 706 flow
2019-11-14 15:39:28 DEBUG cic.cs.unb.ca.jnetpcap.FlowGenerator    FlagFIN current has 713 flow
2019-11-14 15:39:41 DEBUG cic.cs.unb.ca.jnetpcap.FlowGenerator    FlagFIN current has 725 flow
2019-11-14 15:39:41 DEBUG cic.cs.unb.ca.jnetpcap.FlowGenerator    FlagFIN current has 730 flow
2019-11-14 15:39:41 DEBUG cic.cs.unb.ca.jnetpcap.FlowGenerator    FlagFIN current has 730 flow
2019-11-14 15:39:41 DEBUG cic.cs.unb.ca.jnetpcap.FlowGenerator    FlagFIN current has 738 flow
2019-11-14 15:39:42 DEBUG cic.cs.unb.ca.jnetpcap.FlowGenerator    FlagFIN current has 778 flow
2019-11-14 15:39:42 DEBUG cic.cs.unb.ca.jnetpcap.FlowGenerator    FlagFIN current has 777 flow
2019-11-14 15:39:42 DEBUG cic.cs.unb.ca.jnetpcap.FlowGenerator    FlagFIN current has 777 flow
2019-11-14 15:39:42 DEBUG cic.cs.unb.ca.jnetpcap.FlowGenerator    FlagFIN current has 777 flow
2019-11-14 15:39:42 DEBUG cic.cs.unb.ca.jnetpcap.FlowGenerator    FlagFIN current has 778 flow
2019-11-14 15:39:42 DEBUG cic.cs.unb.ca.jnetpcap.FlowGenerator    FlagFIN current has 777 flow
2019-11-14 15:39:42 DEBUG cic.cs.unb.ca.jnetpcap.FlowGenerator    FlagFIN current has 777 flow
2019-11-14 15:39:42 DEBUG cic.cs.unb.ca.jnetpcap.FlowGenerator    FlagFIN current has 777 flow
2019-11-14 15:39:42 DEBUG cic.cs.unb.ca.jnetpcap.FlowGenerator    FlagFIN current has 777 flow
2019-11-14 15:39:42 DEBUG cic.cs.unb.ca.jnetpcap.FlowGenerator    FlagFIN current has 777 flow
2019-11-14 15:39:43 DEBUG cic.cs.unb.ca.jnetpcap.FlowGenerator    FlagFIN current has 778 flow
2019-11-14 15:39:43 DEBUG cic.cs.unb.ca.jnetpcap.FlowGenerator    FlagFIN current has 778 flow
2019-11-14 15:39:43 DEBUG cic.cs.unb.ca.jnetpcap.FlowGenerator    FlagFIN current has 778 flow
2019-11-14 15:39:43 DEBUG cic.cs.unb.ca.jnetpcap.FlowGenerator    FlagFIN current has 778 flow
2019-11-14 15:39:45 DEBUG cic.cs.unb.ca.jnetpcap.FlowGenerator    FlagFIN current has 783 flow
2019-11-14 15:39:45 DEBUG cic.cs.unb.ca.jnetpcap.FlowGenerator    FlagFIN current has 783 flow
2019-11-14 15:39:45 DEBUG cic.cs.unb.ca.jnetpcap.FlowGenerator    FlagFIN current has 783 flow
2019-11-14 15:39:45 DEBUG cic.cs.unb.ca.jnetpcap.FlowGenerator    FlagFIN current has 784 flow
2019-11-14 15:39:46 DEBUG cic.cs.unb.ca.jnetpcap.FlowGenerator    FlagFIN current has 797 flow
2019-11-14 15:39:46 DEBUG cic.cs.unb.ca.jnetpcap.FlowGenerator    Timeout current has 800 flow
2019-11-14 15:39:46 DEBUG cic.cs.unb.ca.jnetpcap.FlowGenerator    FlagFIN current has 805 flow
2019-11-14 15:39:46 DEBUG cic.cs.unb.ca.jnetpcap.FlowGenerator    FlagFIN current has 808 flow
2019-11-14 15:39:46 DEBUG cic.cs.unb.ca.jnetpcap.FlowGenerator    FlagFIN current has 807 flow
2019-11-14 15:39:46 DEBUG cic.cs.unb.ca.jnetpcap.FlowGenerator    FlagFIN current has 807 flow
2019-11-14 15:39:49 DEBUG cic.cs.unb.ca.jnetpcap.FlowGenerator    FlagFIN current has 808 flow
2019-11-14 15:39:49 DEBUG cic.cs.unb.ca.jnetpcap.FlowGenerator    FlagFIN current has 808 flow
2019-11-14 15:39:49 DEBUG cic.cs.unb.ca.jnetpcap.FlowGenerator    FlagFIN current has 808 flow
2019-11-14 15:39:49 DEBUG cic.cs.unb.ca.jnetpcap.FlowGenerator    FlagFIN current has 807 flow
2019-11-14 15:39:49 DEBUG cic.cs.unb.ca.jnetpcap.FlowGenerator    FlagFIN current has 806 flow
2019-11-14 15:39:49 DEBUG cic.cs.unb.ca.jnetpcap.FlowGenerator    FlagFIN current has 807 flow
2019-11-14 15:39:49 DEBUG cic.cs.unb.ca.jnetpcap.FlowGenerator    FlagFIN current has 808 flow
2019-11-14 15:39:49 DEBUG cic.cs.unb.ca.jnetpcap.FlowGenerator    FlagFIN current has 815 flow
2019-11-14 15:39:49 DEBUG cic.cs.unb.ca.jnetpcap.FlowGenerator    FlagFIN current has 822 flow
2019-11-14 15:40:11 DEBUG cic.cs.unb.ca.jnetpcap.FlowGenerator    FlagFIN current has 830 flow
2019-11-14 15:40:11 DEBUG cic.cs.unb.ca.jnetpcap.FlowGenerator    FlagFIN current has 830 flow
2019-11-14 15:40:13 DEBUG cic.cs.unb.ca.jnetpcap.FlowGenerator    FlagFIN current has 851 flow
2019-11-14 15:40:13 DEBUG cic.cs.unb.ca.jnetpcap.FlowGenerator    FlagFIN current has 851 flow
2019-11-14 15:40:14 DEBUG cic.cs.unb.ca.jnetpcap.FlowGenerator    FlagFIN current has 871 flow
2019-11-14 15:40:15 DEBUG cic.cs.unb.ca.jnetpcap.FlowGenerator    FlagFIN current has 871 flow
2019-11-14 15:40:17 DEBUG cic.cs.unb.ca.jnetpcap.FlowGenerator    FlagFIN current has 878 flow
2019-11-14 15:40:17 DEBUG cic.cs.unb.ca.jnetpcap.FlowGenerator    FlagFIN current has 877 flow
2019-11-14 15:40:17 DEBUG cic.cs.unb.ca.jnetpcap.FlowGenerator    FlagFIN current has 876 flow
2019-11-14 15:40:18 DEBUG cic.cs.unb.ca.jnetpcap.FlowGenerator    FlagFIN current has 876 flow
2019-11-14 15:40:18 DEBUG cic.cs.unb.ca.jnetpcap.FlowGenerator    FlagFIN current has 877 flow
2019-11-14 15:40:18 DEBUG cic.cs.unb.ca.jnetpcap.FlowGenerator    FlagFIN current has 878 flow
2019-11-14 15:40:23 DEBUG cic.cs.unb.ca.jnetpcap.FlowGenerator    FlagFIN current has 878 flow
2019-11-14 15:40:23 DEBUG cic.cs.unb.ca.jnetpcap.FlowGenerator    FlagFIN current has 877 flow
2019-11-14 15:40:23 DEBUG cic.cs.unb.ca.jnetpcap.FlowGenerator    FlagFIN current has 876 flow
2019-11-14 15:40:23 DEBUG cic.cs.unb.ca.jnetpcap.FlowGenerator    FlagFIN current has 875 flow
2019-11-14 15:40:23 DEBUG cic.cs.unb.ca.jnetpcap.FlowGenerator    FlagFIN current has 875 flow
2019-11-14 15:40:23 DEBUG cic.cs.unb.ca.jnetpcap.FlowGenerator    FlagFIN current has 876 flow
2019-11-14 15:40:23 DEBUG cic.cs.unb.ca.jnetpcap.FlowGenerator    FlagFIN current has 877 flow
2019-11-14 15:40:23 DEBUG cic.cs.unb.ca.jnetpcap.FlowGenerator    FlagFIN current has 878 flow
2019-11-14 15:40:23 DEBUG cic.cs.unb.ca.jnetpcap.FlowGenerator    FlagFIN current has 881 flow
2019-11-14 15:40:23 DEBUG cic.cs.unb.ca.jnetpcap.FlowGenerator    FlagFIN current has 881 flow
2019-11-14 15:40:29 DEBUG cic.cs.unb.ca.jnetpcap.FlowGenerator    FlagFIN current has 882 flow
2019-11-14 15:40:29 DEBUG cic.cs.unb.ca.jnetpcap.FlowGenerator    FlagFIN current has 882 flow
2019-11-14 15:40:29 DEBUG cic.cs.unb.ca.jnetpcap.FlowGenerator    FlagFIN current has 882 flow
2019-11-14 15:40:29 DEBUG cic.cs.unb.ca.jnetpcap.FlowGenerator    FlagFIN current has 882 flow
2019-11-14 15:40:29 DEBUG cic.cs.unb.ca.jnetpcap.FlowGenerator    FlagFIN current has 882 flow
2019-11-14 15:40:29 DEBUG cic.cs.unb.ca.jnetpcap.FlowGenerator    FlagFIN current has 881 flow
2019-11-14 15:40:29 DEBUG cic.cs.unb.ca.jnetpcap.FlowGenerator    FlagFIN current has 882 flow
2019-11-14 15:40:29 DEBUG cic.cs.unb.ca.jnetpcap.FlowGenerator    FlagFIN current has 881 flow
2019-11-14 15:40:29 DEBUG cic.cs.unb.ca.jnetpcap.FlowGenerator    FlagFIN current has 882 flow
2019-11-14 15:40:29 DEBUG cic.cs.unb.ca.jnetpcap.FlowGenerator    FlagFIN current has 882 flow
2019-11-14 15:40:39 DEBUG cic.cs.unb.ca.jnetpcap.FlowGenerator    FlagFIN current has 898 flow
2019-11-14 15:40:39 DEBUG cic.cs.unb.ca.jnetpcap.FlowGenerator    FlagFIN current has 898 flow
2019-11-14 15:40:45 DEBUG cic.cs.unb.ca.jnetpcap.FlowGenerator    FlagFIN current has 902 flow
2019-11-14 15:40:45 DEBUG cic.cs.unb.ca.jnetpcap.FlowGenerator    FlagFIN current has 902 flow
2019-11-14 15:40:46 DEBUG cic.cs.unb.ca.jnetpcap.FlowGenerator    FlagFIN current has 904 flow
2019-11-14 15:40:46 DEBUG cic.cs.unb.ca.jnetpcap.FlowGenerator    FlagFIN current has 904 flow
2019-11-14 15:40:46 INFO  cic.cs.unb.ca.flow.ui.FlowMonitorPane    path:/home/khizar/CICFlowMeter/data/daily/2019-11-14_Flow.csv
2019-11-14 15:40:46 INFO  cic.cs.unb.ca.flow.ui.FlowMonitorPane    Pcap stop listening
2019-11-14 15:40:48 DEBUG cic.cs.unb.ca.jnetpcap.worker.TrafficFlowWorker    break Packet loop
2019-11-14 15:40:50 INFO  cic.cs.unb.ca.jnetpcap.worker.TrafficFlowWorker    Pcap is listening...
2019-11-14 15:40:59 DEBUG cic.cs.unb.ca.jnetpcap.FlowGenerator    FlagFIN current has 18 flow
2019-11-14 15:40:59 DEBUG cic.cs.unb.ca.jnetpcap.FlowGenerator    FlagFIN current has 18 flow
2019-11-14 15:41:09 DEBUG cic.cs.unb.ca.jnetpcap.FlowGenerator    FlagFIN current has 80 flow
2019-11-14 15:41:09 DEBUG cic.cs.unb.ca.jnetpcap.FlowGenerator    FlagFIN current has 80 flow
2019-11-14 15:41:09 DEBUG cic.cs.unb.ca.jnetpcap.FlowGenerator    FlagFIN current has 83 flow
2019-11-14 15:41:09 DEBUG cic.cs.unb.ca.jnetpcap.FlowGenerator    FlagFIN current has 83 flow
2019-11-14 15:41:15 DEBUG cic.cs.unb.ca.jnetpcap.FlowGenerator    FlagFIN current has 92 flow
2019-11-14 15:41:15 DEBUG cic.cs.unb.ca.jnetpcap.FlowGenerator    FlagFIN current has 91 flow
2019-11-14 15:41:15 DEBUG cic.cs.unb.ca.jnetpcap.FlowGenerator    FlagFIN current has 90 flow
2019-11-14 15:41:15 DEBUG cic.cs.unb.ca.jnetpcap.FlowGenerator    FlagFIN current has 92 flow
2019-11-14 15:41:25 DEBUG cic.cs.unb.ca.jnetpcap.FlowGenerator    FlagFIN current has 110 flow
2019-11-14 15:41:25 DEBUG cic.cs.unb.ca.jnetpcap.FlowGenerator    FlagFIN current has 110 flow
2019-11-14 15:41:25 DEBUG cic.cs.unb.ca.jnetpcap.FlowGenerator    FlagFIN current has 112 flow
2019-11-14 15:41:32 DEBUG cic.cs.unb.ca.jnetpcap.FlowGenerator    FlagFIN current has 124 flow
2019-11-14 15:41:32 DEBUG cic.cs.unb.ca.jnetpcap.FlowGenerator    FlagFIN current has 124 flow
2019-11-14 15:41:41 DEBUG cic.cs.unb.ca.jnetpcap.FlowGenerator    FlagFIN current has 126 flow
2019-11-14 15:41:41 DEBUG cic.cs.unb.ca.jnetpcap.FlowGenerator    FlagFIN current has 126 flow
2019-11-14 15:41:41 DEBUG cic.cs.unb.ca.jnetpcap.FlowGenerator    FlagFIN current has 136 flow
2019-11-14 15:41:41 DEBUG cic.cs.unb.ca.jnetpcap.FlowGenerator    FlagFIN current has 135 flow
2019-11-14 15:41:41 DEBUG cic.cs.unb.ca.jnetpcap.FlowGenerator    FlagFIN current has 134 flow
2019-11-14 15:42:23 DEBUG cic.cs.unb.ca.jnetpcap.FlowGenerator    FlagFIN current has 175 flow
2019-11-14 15:42:23 DEBUG cic.cs.unb.ca.jnetpcap.FlowGenerator    FlagFIN current has 175 flow
2019-11-14 15:42:23 DEBUG cic.cs.unb.ca.jnetpcap.FlowGenerator    FlagFIN current has 174 flow
2019-11-14 15:42:23 DEBUG cic.cs.unb.ca.jnetpcap.FlowGenerator    FlagFIN current has 174 flow
2019-11-14 15:42:23 DEBUG cic.cs.unb.ca.jnetpcap.FlowGenerator    FlagFIN current has 177 flow
2019-11-14 15:42:23 DEBUG cic.cs.unb.ca.jnetpcap.FlowGenerator    FlagFIN current has 177 flow
2019-11-14 15:42:23 DEBUG cic.cs.unb.ca.jnetpcap.FlowGenerator    FlagFIN current has 176 flow
2019-11-14 15:42:23 DEBUG cic.cs.unb.ca.jnetpcap.FlowGenerator    FlagFIN current has 176 flow
2019-11-14 15:42:23 DEBUG cic.cs.unb.ca.jnetpcap.FlowGenerator    FlagFIN current has 179 flow
2019-11-14 15:42:23 DEBUG cic.cs.unb.ca.jnetpcap.FlowGenerator    FlagFIN current has 179 flow
2019-11-14 15:42:23 DEBUG cic.cs.unb.ca.jnetpcap.FlowGenerator    FlagFIN current has 185 flow
2019-11-14 15:42:23 DEBUG cic.cs.unb.ca.jnetpcap.FlowGenerator    FlagFIN current has 185 flow
2019-11-14 15:42:23 DEBUG cic.cs.unb.ca.jnetpcap.FlowGenerator    FlagFIN current has 189 flow
2019-11-14 15:42:52 DEBUG cic.cs.unb.ca.jnetpcap.FlowGenerator    FlagFIN current has 214 flow
2019-11-14 15:42:52 DEBUG cic.cs.unb.ca.jnetpcap.FlowGenerator    FlagFIN current has 214 flow
2019-11-14 15:42:52 DEBUG cic.cs.unb.ca.jnetpcap.FlowGenerator    FlagFIN current has 216 flow
2019-11-14 15:42:52 DEBUG cic.cs.unb.ca.jnetpcap.FlowGenerator    FlagFIN current has 216 flow
2019-11-14 15:42:52 DEBUG cic.cs.unb.ca.jnetpcap.FlowGenerator    FlagFIN current has 217 flow
2019-11-14 15:42:52 DEBUG cic.cs.unb.ca.jnetpcap.FlowGenerator    FlagFIN current has 220 flow
2019-11-14 15:42:52 DEBUG cic.cs.unb.ca.jnetpcap.FlowGenerator    FlagFIN current has 220 flow
2019-11-14 15:42:52 DEBUG cic.cs.unb.ca.jnetpcap.FlowGenerator    FlagFIN current has 223 flow
2019-11-14 15:42:52 DEBUG cic.cs.unb.ca.jnetpcap.FlowGenerator    FlagFIN current has 223 flow
2019-11-14 15:42:52 DEBUG cic.cs.unb.ca.jnetpcap.FlowGenerator    FlagFIN current has 230 flow
2019-11-14 15:42:52 DEBUG cic.cs.unb.ca.jnetpcap.FlowGenerator    FlagFIN current has 230 flow
2019-11-14 15:43:07 DEBUG cic.cs.unb.ca.jnetpcap.FlowGenerator    FlagFIN current has 240 flow
2019-11-14 15:43:07 DEBUG cic.cs.unb.ca.jnetpcap.FlowGenerator    FlagFIN current has 240 flow
2019-11-14 15:43:07 DEBUG cic.cs.unb.ca.jnetpcap.FlowGenerator    FlagFIN current has 240 flow
2019-11-14 15:43:07 DEBUG cic.cs.unb.ca.jnetpcap.FlowGenerator    FlagFIN current has 241 flow
2019-11-14 15:43:13 DEBUG cic.cs.unb.ca.jnetpcap.FlowGenerator    FlagFIN current has 250 flow
2019-11-14 15:43:13 DEBUG cic.cs.unb.ca.jnetpcap.FlowGenerator    FlagFIN current has 250 flow
2019-11-14 15:43:13 DEBUG cic.cs.unb.ca.jnetpcap.FlowGenerator    FlagFIN current has 253 flow
2019-11-14 15:43:21 DEBUG cic.cs.unb.ca.jnetpcap.FlowGenerator    FlagFIN current has 256 flow
2019-11-14 15:43:21 DEBUG cic.cs.unb.ca.jnetpcap.FlowGenerator    FlagFIN current has 258 flow
2019-11-14 15:43:21 DEBUG cic.cs.unb.ca.jnetpcap.FlowGenerator    FlagFIN current has 262 flow
2019-11-14 15:43:21 DEBUG cic.cs.unb.ca.jnetpcap.FlowGenerator    FlagFIN current has 263 flow
2019-11-14 15:43:21 DEBUG cic.cs.unb.ca.jnetpcap.FlowGenerator    FlagFIN current has 264 flow
2019-11-14 15:43:21 DEBUG cic.cs.unb.ca.jnetpcap.FlowGenerator    FlagFIN current has 263 flow
2019-11-14 15:43:21 DEBUG cic.cs.unb.ca.jnetpcap.FlowGenerator    FlagFIN current has 262 flow
2019-11-14 15:43:21 DEBUG cic.cs.unb.ca.jnetpcap.FlowGenerator    FlagFIN current has 263 flow
2019-11-14 15:43:21 DEBUG cic.cs.unb.ca.jnetpcap.FlowGenerator    FlagFIN current has 269 flow
2019-11-14 15:43:21 DEBUG cic.cs.unb.ca.jnetpcap.FlowGenerator    FlagFIN current has 273 flow
2019-11-14 15:43:21 DEBUG cic.cs.unb.ca.jnetpcap.FlowGenerator    FlagFIN current has 273 flow
2019-11-14 15:43:21 DEBUG cic.cs.unb.ca.jnetpcap.FlowGenerator    FlagFIN current has 274 flow
2019-11-14 15:43:21 DEBUG cic.cs.unb.ca.jnetpcap.FlowGenerator    FlagFIN current has 273 flow
2019-11-14 15:43:21 DEBUG cic.cs.unb.ca.jnetpcap.FlowGenerator    FlagFIN current has 274 flow
2019-11-14 15:43:21 DEBUG cic.cs.unb.ca.jnetpcap.FlowGenerator    FlagFIN current has 274 flow
2019-11-14 15:43:21 DEBUG cic.cs.unb.ca.jnetpcap.FlowGenerator    FlagFIN current has 273 flow
2019-11-14 15:43:21 DEBUG cic.cs.unb.ca.jnetpcap.FlowGenerator    FlagFIN current has 274 flow
2019-11-14 15:43:21 DEBUG cic.cs.unb.ca.jnetpcap.FlowGenerator    FlagFIN current has 277 flow
2019-11-14 15:43:21 DEBUG cic.cs.unb.ca.jnetpcap.FlowGenerator    FlagFIN current has 277 flow
2019-11-14 15:43:21 DEBUG cic.cs.unb.ca.jnetpcap.FlowGenerator    FlagFIN current has 277 flow
2019-11-14 15:43:21 DEBUG cic.cs.unb.ca.jnetpcap.FlowGenerator    FlagFIN current has 276 flow
2019-11-14 15:43:21 DEBUG cic.cs.unb.ca.jnetpcap.FlowGenerator    FlagFIN current has 277 flow
2019-11-14 15:43:21 DEBUG cic.cs.unb.ca.jnetpcap.FlowGenerator    FlagFIN current has 276 flow
2019-11-14 15:43:21 DEBUG cic.cs.unb.ca.jnetpcap.FlowGenerator    FlagFIN current has 275 flow
2019-11-14 15:43:21 DEBUG cic.cs.unb.ca.jnetpcap.FlowGenerator    FlagFIN current has 275 flow
2019-11-14 15:43:21 DEBUG cic.cs.unb.ca.jnetpcap.FlowGenerator    FlagFIN current has 277 flow
2019-11-14 15:43:21 DEBUG cic.cs.unb.ca.jnetpcap.FlowGenerator    FlagFIN current has 276 flow
2019-11-14 15:43:21 DEBUG cic.cs.unb.ca.jnetpcap.FlowGenerator    FlagFIN current has 275 flow
2019-11-14 15:43:21 DEBUG cic.cs.unb.ca.jnetpcap.FlowGenerator    FlagFIN current has 276 flow
2019-11-14 15:43:29 DEBUG cic.cs.unb.ca.jnetpcap.FlowGenerator    FlagFIN current has 286 flow
2019-11-14 15:43:29 DEBUG cic.cs.unb.ca.jnetpcap.FlowGenerator    FlagFIN current has 285 flow
2019-11-14 15:43:29 DEBUG cic.cs.unb.ca.jnetpcap.FlowGenerator    FlagFIN current has 289 flow
2019-11-14 15:43:29 DEBUG cic.cs.unb.ca.jnetpcap.FlowGenerator    FlagFIN current has 288 flow
2019-11-14 15:43:29 DEBUG cic.cs.unb.ca.jnetpcap.FlowGenerator    FlagFIN current has 290 flow
2019-11-14 15:43:29 DEBUG cic.cs.unb.ca.jnetpcap.FlowGenerator    FlagFIN current has 306 flow
2019-11-14 15:43:29 DEBUG cic.cs.unb.ca.jnetpcap.FlowGenerator    FlagFIN current has 305 flow
2019-11-14 15:43:29 DEBUG cic.cs.unb.ca.jnetpcap.FlowGenerator    FlagFIN current has 304 flow
2019-11-14 15:43:29 DEBUG cic.cs.unb.ca.jnetpcap.FlowGenerator    FlagFIN current has 304 flow
2019-11-14 15:43:29 DEBUG cic.cs.unb.ca.jnetpcap.FlowGenerator    FlagFIN current has 303 flow
2019-11-14 15:43:29 DEBUG cic.cs.unb.ca.jnetpcap.FlowGenerator    FlagFIN current has 302 flow
2019-11-14 15:43:29 DEBUG cic.cs.unb.ca.jnetpcap.FlowGenerator    FlagFIN current has 301 flow
2019-11-14 15:43:29 DEBUG cic.cs.unb.ca.jnetpcap.FlowGenerator    FlagFIN current has 300 flow
2019-11-14 15:43:29 DEBUG cic.cs.unb.ca.jnetpcap.FlowGenerator    FlagFIN current has 309 flow
2019-11-14 15:43:29 DEBUG cic.cs.unb.ca.jnetpcap.FlowGenerator    FlagFIN current has 309 flow
2019-11-14 15:43:29 DEBUG cic.cs.unb.ca.jnetpcap.FlowGenerator    FlagFIN current has 308 flow
2019-11-14 15:43:29 DEBUG cic.cs.unb.ca.jnetpcap.FlowGenerator    FlagFIN current has 310 flow
2019-11-14 15:43:29 DEBUG cic.cs.unb.ca.jnetpcap.FlowGenerator    FlagFIN current has 310 flow
2019-11-14 15:43:30 DEBUG cic.cs.unb.ca.jnetpcap.FlowGenerator    FlagFIN current has 318 flow
2019-11-14 15:43:30 DEBUG cic.cs.unb.ca.jnetpcap.FlowGenerator    FlagFIN current has 317 flow
2019-11-14 15:43:30 DEBUG cic.cs.unb.ca.jnetpcap.FlowGenerator    FlagFIN current has 317 flow
2019-11-14 15:43:31 DEBUG cic.cs.unb.ca.jnetpcap.FlowGenerator    FlagFIN current has 319 flow
2019-11-14 15:43:31 DEBUG cic.cs.unb.ca.jnetpcap.FlowGenerator    FlagFIN current has 318 flow
2019-11-14 15:43:31 DEBUG cic.cs.unb.ca.jnetpcap.FlowGenerator    FlagFIN current has 319 flow
2019-11-14 15:44:04 DEBUG cic.cs.unb.ca.jnetpcap.FlowGenerator    FlagFIN current has 329 flow
2019-11-14 15:44:04 DEBUG cic.cs.unb.ca.jnetpcap.FlowGenerator    FlagFIN current has 328 flow
2019-11-14 15:44:04 DEBUG cic.cs.unb.ca.jnetpcap.FlowGenerator    FlagFIN current has 330 flow
2019-11-14 15:44:04 DEBUG cic.cs.unb.ca.jnetpcap.FlowGenerator    FlagFIN current has 331 flow
2019-11-14 15:44:04 DEBUG cic.cs.unb.ca.jnetpcap.FlowGenerator    FlagFIN current has 331 flow
2019-11-14 15:44:04 DEBUG cic.cs.unb.ca.jnetpcap.FlowGenerator    FlagFIN current has 330 flow
2019-11-14 15:44:04 DEBUG cic.cs.unb.ca.jnetpcap.FlowGenerator    FlagFIN current has 341 flow
2019-11-14 15:44:04 DEBUG cic.cs.unb.ca.jnetpcap.FlowGenerator    FlagFIN current has 342 flow
2019-11-14 15:44:04 DEBUG cic.cs.unb.ca.jnetpcap.FlowGenerator    FlagFIN current has 344 flow
2019-11-14 15:44:04 DEBUG cic.cs.unb.ca.jnetpcap.FlowGenerator    FlagFIN current has 347 flow
2019-11-14 15:44:04 DEBUG cic.cs.unb.ca.jnetpcap.FlowGenerator    FlagFIN current has 346 flow
2019-11-14 15:44:04 DEBUG cic.cs.unb.ca.jnetpcap.FlowGenerator    FlagFIN current has 345 flow
2019-11-14 15:44:04 DEBUG cic.cs.unb.ca.jnetpcap.FlowGenerator    FlagFIN current has 371 flow
2019-11-14 15:44:04 DEBUG cic.cs.unb.ca.jnetpcap.FlowGenerator    FlagFIN current has 371 flow
2019-11-14 15:44:04 DEBUG cic.cs.unb.ca.jnetpcap.FlowGenerator    FlagFIN current has 386 flow
2019-11-14 15:44:04 DEBUG cic.cs.unb.ca.jnetpcap.FlowGenerator    FlagFIN current has 386 flow
2019-11-14 15:44:04 DEBUG cic.cs.unb.ca.jnetpcap.FlowGenerator    FlagFIN current has 389 flow
2019-11-14 15:44:04 DEBUG cic.cs.unb.ca.jnetpcap.FlowGenerator    FlagFIN current has 388 flow
2019-11-14 15:44:04 DEBUG cic.cs.unb.ca.jnetpcap.FlowGenerator    FlagFIN current has 388 flow
2019-11-14 15:44:04 DEBUG cic.cs.unb.ca.jnetpcap.FlowGenerator    FlagFIN current has 388 flow
2019-11-14 15:44:04 DEBUG cic.cs.unb.ca.jnetpcap.FlowGenerator    FlagFIN current has 388 flow
2019-11-14 15:44:04 DEBUG cic.cs.unb.ca.jnetpcap.FlowGenerator    FlagFIN current has 388 flow
2019-11-14 15:44:04 DEBUG cic.cs.unb.ca.jnetpcap.FlowGenerator    FlagFIN current has 387 flow
2019-11-14 15:44:04 DEBUG cic.cs.unb.ca.jnetpcap.FlowGenerator    FlagFIN current has 387 flow
2019-11-14 15:44:04 DEBUG cic.cs.unb.ca.jnetpcap.FlowGenerator    FlagFIN current has 388 flow
2019-11-14 15:44:04 DEBUG cic.cs.unb.ca.jnetpcap.FlowGenerator    FlagFIN current has 392 flow
2019-11-14 15:44:04 DEBUG cic.cs.unb.ca.jnetpcap.FlowGenerator    FlagFIN current has 391 flow
2019-11-14 15:44:04 DEBUG cic.cs.unb.ca.jnetpcap.FlowGenerator    FlagFIN current has 391 flow
2019-11-14 15:44:04 DEBUG cic.cs.unb.ca.jnetpcap.FlowGenerator    FlagFIN current has 391 flow
2019-11-14 15:44:04 DEBUG cic.cs.unb.ca.jnetpcap.FlowGenerator    FlagFIN current has 391 flow
2019-11-14 15:44:04 DEBUG cic.cs.unb.ca.jnetpcap.FlowGenerator    FlagFIN current has 390 flow
2019-11-14 15:44:04 DEBUG cic.cs.unb.ca.jnetpcap.FlowGenerator    FlagFIN current has 389 flow
2019-11-14 15:44:04 DEBUG cic.cs.unb.ca.jnetpcap.FlowGenerator    FlagFIN current has 389 flow
2019-11-14 15:44:04 DEBUG cic.cs.unb.ca.jnetpcap.FlowGenerator    FlagFIN current has 390 flow
2019-11-14 15:44:04 DEBUG cic.cs.unb.ca.jnetpcap.FlowGenerator    FlagFIN current has 391 flow
2019-11-14 15:44:04 DEBUG cic.cs.unb.ca.jnetpcap.FlowGenerator    FlagFIN current has 395 flow
2019-11-14 15:44:04 DEBUG cic.cs.unb.ca.jnetpcap.FlowGenerator    FlagFIN current has 395 flow
2019-11-14 15:44:04 DEBUG cic.cs.unb.ca.jnetpcap.FlowGenerator    FlagFIN current has 400 flow
2019-11-14 15:44:04 DEBUG cic.cs.unb.ca.jnetpcap.FlowGenerator    FlagFIN current has 400 flow
2019-11-14 15:44:04 DEBUG cic.cs.unb.ca.jnetpcap.FlowGenerator    FlagFIN current has 402 flow
2019-11-14 15:44:04 DEBUG cic.cs.unb.ca.jnetpcap.FlowGenerator    FlagFIN current has 402 flow
2019-11-14 15:44:04 DEBUG cic.cs.unb.ca.jnetpcap.FlowGenerator    FlagFIN current has 405 flow
2019-11-14 15:44:08 DEBUG cic.cs.unb.ca.jnetpcap.FlowGenerator    FlagFIN current has 415 flow
2019-11-14 15:44:08 DEBUG cic.cs.unb.ca.jnetpcap.FlowGenerator    FlagFIN current has 415 flow
2019-11-14 15:44:56 DEBUG cic.cs.unb.ca.jnetpcap.FlowGenerator    FlagFIN current has 420 flow
2019-11-14 15:44:56 DEBUG cic.cs.unb.ca.jnetpcap.FlowGenerator    FlagFIN current has 420 flow
2019-11-14 15:44:56 DEBUG cic.cs.unb.ca.jnetpcap.FlowGenerator    FlagFIN current has 424 flow
2019-11-14 15:44:56 DEBUG cic.cs.unb.ca.jnetpcap.FlowGenerator    FlagFIN current has 424 flow
2019-11-14 15:44:56 DEBUG cic.cs.unb.ca.jnetpcap.FlowGenerator    FlagFIN current has 424 flow
2019-11-14 15:44:56 DEBUG cic.cs.unb.ca.jnetpcap.FlowGenerator    FlagFIN current has 423 flow
2019-11-14 15:44:56 DEBUG cic.cs.unb.ca.jnetpcap.FlowGenerator    FlagFIN current has 423 flow
2019-11-14 15:44:56 DEBUG cic.cs.unb.ca.jnetpcap.FlowGenerator    FlagFIN current has 422 flow
2019-11-14 15:44:56 DEBUG cic.cs.unb.ca.jnetpcap.FlowGenerator    FlagFIN current has 427 flow
2019-11-14 15:44:56 DEBUG cic.cs.unb.ca.jnetpcap.FlowGenerator    FlagFIN current has 440 flow
2019-11-14 15:44:56 DEBUG cic.cs.unb.ca.jnetpcap.FlowGenerator    FlagFIN current has 441 flow
2019-11-14 15:44:56 DEBUG cic.cs.unb.ca.jnetpcap.FlowGenerator    FlagFIN current has 445 flow
2019-11-14 15:44:56 DEBUG cic.cs.unb.ca.jnetpcap.FlowGenerator    FlagFIN current has 447 flow
2019-11-14 15:44:56 DEBUG cic.cs.unb.ca.jnetpcap.FlowGenerator    FlagFIN current has 448 flow
2019-11-14 15:44:56 DEBUG cic.cs.unb.ca.jnetpcap.FlowGenerator    FlagFIN current has 452 flow
2019-11-14 15:44:56 DEBUG cic.cs.unb.ca.jnetpcap.FlowGenerator    FlagFIN current has 451 flow
2019-11-14 15:44:56 DEBUG cic.cs.unb.ca.jnetpcap.FlowGenerator    FlagFIN current has 451 flow
2019-11-14 15:44:56 DEBUG cic.cs.unb.ca.jnetpcap.FlowGenerator    FlagFIN current has 451 flow
2019-11-14 15:44:56 DEBUG cic.cs.unb.ca.jnetpcap.FlowGenerator    FlagFIN current has 451 flow
2019-11-14 15:44:56 DEBUG cic.cs.unb.ca.jnetpcap.FlowGenerator    FlagFIN current has 459 flow
2019-11-14 15:44:56 DEBUG cic.cs.unb.ca.jnetpcap.FlowGenerator    FlagFIN current has 462 flow
2019-11-14 15:44:56 DEBUG cic.cs.unb.ca.jnetpcap.FlowGenerator    FlagFIN current has 471 flow
2019-11-14 15:45:46 INFO  cic.cs.unb.ca.flow.ui.FlowMonitorPane    path:/home/khizar/CICFlowMeter/data/daily/2019-11-14_Flow.csv
2019-11-14 15:45:46 INFO  cic.cs.unb.ca.flow.ui.FlowMonitorPane    Pcap stop listening
2019-11-14 15:45:57 DEBUG cic.cs.unb.ca.jnetpcap.worker.TrafficFlowWorker    break Packet loop
