2019-11-11 13:52:00 INFO  cic.cs.unb.ca.jnetpcap.worker.TrafficFlowWorker    Pcap is listening...
2019-11-11 13:52:17 DEBUG cic.cs.unb.ca.jnetpcap.FlowGenerator    FlagFIN current has 157 flow
2019-11-11 13:52:17 DEBUG cic.cs.unb.ca.jnetpcap.FlowGenerator    FlagFIN current has 158 flow
2019-11-11 13:52:18 DEBUG cic.cs.unb.ca.jnetpcap.FlowGenerator    FlagFIN current has 176 flow
2019-11-11 13:52:18 DEBUG cic.cs.unb.ca.jnetpcap.FlowGenerator    FlagFIN current has 177 flow
2019-11-11 13:53:22 DEBUG cic.cs.unb.ca.jnetpcap.FlowGenerator    FlagFIN current has 264 flow
2019-11-11 13:53:22 DEBUG cic.cs.unb.ca.jnetpcap.FlowGenerator    FlagFIN current has 265 flow
2019-11-11 13:53:22 DEBUG cic.cs.unb.ca.jnetpcap.FlowGenerator    FlagFIN current has 276 flow
2019-11-11 13:53:22 DEBUG cic.cs.unb.ca.jnetpcap.FlowGenerator    FlagFIN current has 276 flow
2019-11-11 13:53:22 DEBUG cic.cs.unb.ca.jnetpcap.FlowGenerator    FlagFIN current has 378 flow
2019-11-11 13:53:22 DEBUG cic.cs.unb.ca.jnetpcap.FlowGenerator    FlagFIN current has 678 flow
2019-11-11 13:53:22 DEBUG cic.cs.unb.ca.jnetpcap.FlowGenerator    FlagFIN current has 678 flow
2019-11-11 13:53:22 DEBUG cic.cs.unb.ca.jnetpcap.FlowGenerator    FlagFIN current has 677 flow
2019-11-11 13:53:22 DEBUG cic.cs.unb.ca.jnetpcap.FlowGenerator    FlagFIN current has 677 flow
2019-11-11 13:53:22 DEBUG cic.cs.unb.ca.jnetpcap.FlowGenerator    FlagFIN current has 681 flow
2019-11-11 13:53:22 DEBUG cic.cs.unb.ca.jnetpcap.FlowGenerator    FlagFIN current has 681 flow
2019-11-11 13:53:22 DEBUG cic.cs.unb.ca.jnetpcap.FlowGenerator    FlagFIN current has 686 flow
2019-11-11 13:53:38 DEBUG cic.cs.unb.ca.jnetpcap.FlowGenerator    FlagFIN current has 719 flow
2019-11-11 13:53:38 DEBUG cic.cs.unb.ca.jnetpcap.FlowGenerator    FlagFIN current has 722 flow
2019-11-11 13:53:38 DEBUG cic.cs.unb.ca.jnetpcap.FlowGenerator    FlagFIN current has 805 flow
2019-11-11 13:53:38 DEBUG cic.cs.unb.ca.jnetpcap.FlowGenerator    FlagFIN current has 851 flow
2019-11-11 13:53:38 DEBUG cic.cs.unb.ca.jnetpcap.FlowGenerator    FlagFIN current has 891 flow
2019-11-11 13:53:38 DEBUG cic.cs.unb.ca.jnetpcap.FlowGenerator    FlagFIN current has 896 flow
2019-11-11 13:53:38 DEBUG cic.cs.unb.ca.jnetpcap.FlowGenerator    FlagFIN current has 1006 flow
2019-11-11 13:53:38 DEBUG cic.cs.unb.ca.jnetpcap.FlowGenerator    FlagFIN current has 1013 flow
2019-11-11 13:53:38 DEBUG cic.cs.unb.ca.jnetpcap.FlowGenerator    FlagFIN current has 1014 flow
2019-11-11 13:53:57 DEBUG cic.cs.unb.ca.jnetpcap.FlowGenerator    FlagFIN current has 1087 flow
2019-11-11 13:54:59 DEBUG cic.cs.unb.ca.jnetpcap.FlowGenerator    FlagFIN current has 1465 flow
2019-11-11 13:54:59 DEBUG cic.cs.unb.ca.jnetpcap.FlowGenerator    FlagFIN current has 1466 flow
2019-11-11 13:54:59 DEBUG cic.cs.unb.ca.jnetpcap.FlowGenerator    FlagFIN current has 1579 flow
2019-11-11 13:54:59 DEBUG cic.cs.unb.ca.jnetpcap.FlowGenerator    FlagFIN current has 1578 flow
2019-11-11 13:54:59 DEBUG cic.cs.unb.ca.jnetpcap.FlowGenerator    FlagFIN current has 1579 flow
2019-11-11 13:54:59 DEBUG cic.cs.unb.ca.jnetpcap.FlowGenerator    FlagFIN current has 1580 flow
2019-11-11 13:54:59 DEBUG cic.cs.unb.ca.jnetpcap.FlowGenerator    FlagFIN current has 1860 flow
2019-11-11 13:54:59 DEBUG cic.cs.unb.ca.jnetpcap.FlowGenerator    FlagFIN current has 1862 flow
2019-11-11 13:55:00 DEBUG cic.cs.unb.ca.jnetpcap.FlowGenerator    FlagFIN current has 1919 flow
2019-11-11 13:55:00 DEBUG cic.cs.unb.ca.jnetpcap.FlowGenerator    FlagFIN current has 1920 flow
2019-11-11 13:55:00 DEBUG cic.cs.unb.ca.jnetpcap.FlowGenerator    FlagFIN current has 1953 flow
2019-11-11 13:55:00 DEBUG cic.cs.unb.ca.jnetpcap.FlowGenerator    FlagFIN current has 1952 flow
2019-11-11 13:55:00 DEBUG cic.cs.unb.ca.jnetpcap.FlowGenerator    FlagFIN current has 1951 flow
2019-11-11 13:55:00 DEBUG cic.cs.unb.ca.jnetpcap.FlowGenerator    FlagFIN current has 1950 flow
2019-11-11 13:55:00 DEBUG cic.cs.unb.ca.jnetpcap.FlowGenerator    FlagFIN current has 1949 flow
2019-11-11 13:55:00 DEBUG cic.cs.unb.ca.jnetpcap.FlowGenerator    FlagFIN current has 1948 flow
2019-11-11 13:55:00 DEBUG cic.cs.unb.ca.jnetpcap.FlowGenerator    FlagFIN current has 1953 flow
2019-11-11 13:55:00 DEBUG cic.cs.unb.ca.jnetpcap.FlowGenerator    FlagFIN current has 1953 flow
2019-11-11 13:55:02 DEBUG cic.cs.unb.ca.jnetpcap.FlowGenerator    FlagFIN current has 1952 flow
2019-11-11 13:55:02 DEBUG cic.cs.unb.ca.jnetpcap.FlowGenerator    FlagFIN current has 1952 flow
2019-11-11 13:55:02 DEBUG cic.cs.unb.ca.jnetpcap.FlowGenerator    FlagFIN current has 1952 flow
2019-11-11 13:55:02 DEBUG cic.cs.unb.ca.jnetpcap.FlowGenerator    FlagFIN current has 1952 flow
2019-11-11 13:55:02 DEBUG cic.cs.unb.ca.jnetpcap.FlowGenerator    FlagFIN current has 1953 flow
2019-11-11 13:55:02 DEBUG cic.cs.unb.ca.jnetpcap.FlowGenerator    FlagFIN current has 1955 flow
2019-11-11 13:55:03 DEBUG cic.cs.unb.ca.jnetpcap.FlowGenerator    FlagFIN current has 1996 flow
2019-11-11 13:55:03 DEBUG cic.cs.unb.ca.jnetpcap.FlowGenerator    FlagFIN current has 2002 flow
2019-11-11 13:55:03 DEBUG cic.cs.unb.ca.jnetpcap.FlowGenerator    FlagFIN current has 2004 flow
2019-11-11 13:55:03 DEBUG cic.cs.unb.ca.jnetpcap.FlowGenerator    FlagFIN current has 2003 flow
2019-11-11 13:55:03 DEBUG cic.cs.unb.ca.jnetpcap.FlowGenerator    FlagFIN current has 2003 flow
2019-11-11 13:55:03 DEBUG cic.cs.unb.ca.jnetpcap.FlowGenerator    FlagFIN current has 2005 flow
2019-11-11 13:56:02 DEBUG cic.cs.unb.ca.jnetpcap.FlowGenerator    FlagFIN current has 2013 flow
2019-11-11 13:56:02 DEBUG cic.cs.unb.ca.jnetpcap.FlowGenerator    FlagFIN current has 2013 flow
2019-11-11 13:56:02 DEBUG cic.cs.unb.ca.jnetpcap.FlowGenerator    FlagFIN current has 2062 flow
2019-11-11 13:56:02 DEBUG cic.cs.unb.ca.jnetpcap.FlowGenerator    FlagFIN current has 2065 flow
2019-11-11 13:56:02 DEBUG cic.cs.unb.ca.jnetpcap.FlowGenerator    FlagFIN current has 2073 flow
2019-11-11 13:56:02 DEBUG cic.cs.unb.ca.jnetpcap.FlowGenerator    FlagFIN current has 2073 flow
2019-11-11 13:56:02 DEBUG cic.cs.unb.ca.jnetpcap.FlowGenerator    FlagFIN current has 2076 flow
2019-11-11 13:56:02 DEBUG cic.cs.unb.ca.jnetpcap.FlowGenerator    FlagFIN current has 2076 flow
2019-11-11 13:56:02 DEBUG cic.cs.unb.ca.jnetpcap.FlowGenerator    FlagFIN current has 2076 flow
2019-11-11 13:56:02 DEBUG cic.cs.unb.ca.jnetpcap.FlowGenerator    FlagFIN current has 2077 flow
2019-11-11 13:56:02 DEBUG cic.cs.unb.ca.jnetpcap.FlowGenerator    FlagFIN current has 2088 flow
2019-11-11 13:56:02 DEBUG cic.cs.unb.ca.jnetpcap.FlowGenerator    FlagFIN current has 2088 flow
2019-11-11 13:56:02 DEBUG cic.cs.unb.ca.jnetpcap.FlowGenerator    FlagFIN current has 2096 flow
2019-11-11 13:56:02 DEBUG cic.cs.unb.ca.jnetpcap.FlowGenerator    FlagFIN current has 2096 flow
2019-11-11 13:56:02 DEBUG cic.cs.unb.ca.jnetpcap.FlowGenerator    FlagFIN current has 2108 flow
2019-11-11 13:56:02 DEBUG cic.cs.unb.ca.jnetpcap.FlowGenerator    FlagFIN current has 2109 flow
2019-11-11 13:56:02 DEBUG cic.cs.unb.ca.jnetpcap.FlowGenerator    FlagFIN current has 2156 flow
2019-11-11 13:56:02 DEBUG cic.cs.unb.ca.jnetpcap.FlowGenerator    FlagFIN current has 2156 flow
2019-11-11 13:56:02 DEBUG cic.cs.unb.ca.jnetpcap.FlowGenerator    FlagFIN current has 2349 flow
2019-11-11 13:56:54 DEBUG cic.cs.unb.ca.jnetpcap.FlowGenerator    FlagFIN current has 2747 flow
2019-11-11 13:56:54 DEBUG cic.cs.unb.ca.jnetpcap.FlowGenerator    FlagFIN current has 2747 flow
2019-11-11 13:57:01 INFO  cic.cs.unb.ca.flow.ui.FlowMonitorPane    Pcap stop listening
2019-11-11 13:57:02 INFO  cic.cs.unb.ca.flow.ui.FlowMonitorPane    path:/home/khizar/CICFlowMeter/data/daily/2019-11-11_Flow.csv
2019-11-11 13:57:55 DEBUG cic.cs.unb.ca.jnetpcap.worker.TrafficFlowWorker    break Packet loop
2019-11-11 14:51:03 INFO  cic.cs.unb.ca.flow.ui.FlowMonitorPane    path:/home/khizar/CICFlowMeter/data/daily/2019-11-11_Flow.csv
2019-11-11 14:51:09 INFO  cic.cs.unb.ca.flow.ui.FlowMonitorPane    path:/home/khizar/CICFlowMeter/data/daily/2019-11-11_Flow.csv
2019-11-11 14:51:21 INFO  cic.cs.unb.ca.jnetpcap.worker.TrafficFlowWorker    Pcap is listening...
2019-11-11 14:52:06 DEBUG cic.cs.unb.ca.jnetpcap.FlowGenerator    FlagFIN current has 373 flow
2019-11-11 14:52:06 DEBUG cic.cs.unb.ca.jnetpcap.FlowGenerator    FlagFIN current has 391 flow
2019-11-11 14:52:06 DEBUG cic.cs.unb.ca.jnetpcap.FlowGenerator    FlagFIN current has 392 flow
2019-11-11 14:52:56 DEBUG cic.cs.unb.ca.jnetpcap.FlowGenerator    FlagFIN current has 400 flow
2019-11-11 14:52:56 DEBUG cic.cs.unb.ca.jnetpcap.FlowGenerator    FlagFIN current has 400 flow
2019-11-11 14:52:56 DEBUG cic.cs.unb.ca.jnetpcap.FlowGenerator    FlagFIN current has 445 flow
2019-11-11 14:52:56 DEBUG cic.cs.unb.ca.jnetpcap.FlowGenerator    FlagFIN current has 448 flow
2019-11-11 14:52:56 DEBUG cic.cs.unb.ca.jnetpcap.FlowGenerator    FlagFIN current has 676 flow
2019-11-11 14:53:58 DEBUG cic.cs.unb.ca.jnetpcap.FlowGenerator    FlagFIN current has 848 flow
2019-11-11 14:53:58 DEBUG cic.cs.unb.ca.jnetpcap.FlowGenerator    FlagFIN current has 848 flow
2019-11-11 14:53:58 DEBUG cic.cs.unb.ca.jnetpcap.FlowGenerator    FlagFIN current has 850 flow
2019-11-11 14:53:58 DEBUG cic.cs.unb.ca.jnetpcap.FlowGenerator    FlagFIN current has 872 flow
2019-11-11 14:53:58 DEBUG cic.cs.unb.ca.jnetpcap.FlowGenerator    FlagFIN current has 872 flow
2019-11-11 14:53:58 DEBUG cic.cs.unb.ca.jnetpcap.FlowGenerator    FlagFIN current has 1116 flow
2019-11-11 14:53:58 DEBUG cic.cs.unb.ca.jnetpcap.FlowGenerator    FlagFIN current has 1116 flow
2019-11-11 14:54:17 DEBUG cic.cs.unb.ca.jnetpcap.FlowGenerator    FlagFIN current has 1286 flow
2019-11-11 14:54:17 DEBUG cic.cs.unb.ca.jnetpcap.FlowGenerator    FlagFIN current has 1287 flow
2019-11-11 14:54:17 DEBUG cic.cs.unb.ca.jnetpcap.FlowGenerator    FlagFIN current has 1429 flow
2019-11-11 14:54:17 DEBUG cic.cs.unb.ca.jnetpcap.FlowGenerator    FlagFIN current has 1429 flow
2019-11-11 14:54:45 DEBUG cic.cs.unb.ca.jnetpcap.FlowGenerator    FlagFIN current has 1659 flow
2019-11-11 14:54:45 DEBUG cic.cs.unb.ca.jnetpcap.FlowGenerator    FlagFIN current has 1661 flow
2019-11-11 14:55:04 DEBUG cic.cs.unb.ca.jnetpcap.FlowGenerator    FlagFIN current has 1726 flow
2019-11-11 14:55:04 DEBUG cic.cs.unb.ca.jnetpcap.FlowGenerator    FlagFIN current has 1726 flow
2019-11-11 14:55:04 DEBUG cic.cs.unb.ca.jnetpcap.FlowGenerator    FlagFIN current has 1742 flow
2019-11-11 14:55:04 DEBUG cic.cs.unb.ca.jnetpcap.FlowGenerator    FlagFIN current has 1741 flow
2019-11-11 14:55:04 DEBUG cic.cs.unb.ca.jnetpcap.FlowGenerator    FlagFIN current has 1741 flow
2019-11-11 14:55:04 DEBUG cic.cs.unb.ca.jnetpcap.FlowGenerator    FlagFIN current has 1741 flow
2019-11-11 14:55:04 DEBUG cic.cs.unb.ca.jnetpcap.FlowGenerator    FlagFIN current has 1742 flow
2019-11-11 14:55:04 DEBUG cic.cs.unb.ca.jnetpcap.FlowGenerator    FlagFIN current has 1744 flow
2019-11-11 14:55:04 DEBUG cic.cs.unb.ca.jnetpcap.FlowGenerator    Timeout current has 1750 flow
2019-11-11 14:55:04 DEBUG cic.cs.unb.ca.jnetpcap.FlowGenerator    FlagFIN current has 1750 flow
2019-11-11 14:55:04 DEBUG cic.cs.unb.ca.jnetpcap.FlowGenerator    FlagFIN current has 1749 flow
2019-11-11 14:55:04 DEBUG cic.cs.unb.ca.jnetpcap.FlowGenerator    FlagFIN current has 1749 flow
2019-11-11 14:55:04 DEBUG cic.cs.unb.ca.jnetpcap.FlowGenerator    FlagFIN current has 1750 flow
2019-11-11 14:55:04 DEBUG cic.cs.unb.ca.jnetpcap.FlowGenerator    FlagFIN current has 1754 flow
2019-11-11 14:55:04 DEBUG cic.cs.unb.ca.jnetpcap.FlowGenerator    FlagFIN current has 1754 flow
2019-11-11 14:55:04 DEBUG cic.cs.unb.ca.jnetpcap.FlowGenerator    FlagFIN current has 1756 flow
2019-11-11 14:55:04 DEBUG cic.cs.unb.ca.jnetpcap.FlowGenerator    FlagFIN current has 1755 flow
2019-11-11 14:55:04 DEBUG cic.cs.unb.ca.jnetpcap.FlowGenerator    FlagFIN current has 1754 flow
2019-11-11 14:55:04 DEBUG cic.cs.unb.ca.jnetpcap.FlowGenerator    FlagFIN current has 1754 flow
2019-11-11 14:55:04 DEBUG cic.cs.unb.ca.jnetpcap.FlowGenerator    FlagFIN current has 1756 flow
2019-11-11 14:55:04 DEBUG cic.cs.unb.ca.jnetpcap.FlowGenerator    FlagFIN current has 1757 flow
2019-11-11 14:55:04 DEBUG cic.cs.unb.ca.jnetpcap.FlowGenerator    FlagFIN current has 1767 flow
2019-11-11 14:55:04 DEBUG cic.cs.unb.ca.jnetpcap.FlowGenerator    FlagFIN current has 1768 flow
2019-11-11 14:55:04 DEBUG cic.cs.unb.ca.jnetpcap.FlowGenerator    FlagFIN current has 1776 flow
2019-11-11 14:55:04 DEBUG cic.cs.unb.ca.jnetpcap.FlowGenerator    FlagFIN current has 1775 flow
2019-11-11 14:55:04 DEBUG cic.cs.unb.ca.jnetpcap.FlowGenerator    FlagFIN current has 1774 flow
2019-11-11 14:55:04 DEBUG cic.cs.unb.ca.jnetpcap.FlowGenerator    FlagFIN current has 1773 flow
2019-11-11 14:55:04 DEBUG cic.cs.unb.ca.jnetpcap.FlowGenerator    FlagFIN current has 1772 flow
2019-11-11 14:55:04 DEBUG cic.cs.unb.ca.jnetpcap.FlowGenerator    FlagFIN current has 1771 flow
2019-11-11 14:55:04 DEBUG cic.cs.unb.ca.jnetpcap.FlowGenerator    FlagFIN current has 1771 flow
2019-11-11 14:55:04 DEBUG cic.cs.unb.ca.jnetpcap.FlowGenerator    FlagFIN current has 1772 flow
2019-11-11 14:55:04 DEBUG cic.cs.unb.ca.jnetpcap.FlowGenerator    FlagFIN current has 1773 flow
2019-11-11 14:55:04 DEBUG cic.cs.unb.ca.jnetpcap.FlowGenerator    FlagFIN current has 1774 flow
2019-11-11 14:55:04 DEBUG cic.cs.unb.ca.jnetpcap.FlowGenerator    FlagFIN current has 1775 flow
2019-11-11 14:55:04 DEBUG cic.cs.unb.ca.jnetpcap.FlowGenerator    FlagFIN current has 1776 flow
2019-11-11 14:55:04 DEBUG cic.cs.unb.ca.jnetpcap.FlowGenerator    FlagFIN current has 1785 flow
2019-11-11 14:55:04 DEBUG cic.cs.unb.ca.jnetpcap.FlowGenerator    FlagFIN current has 1785 flow
2019-11-11 14:56:05 DEBUG cic.cs.unb.ca.jnetpcap.FlowGenerator    FlagFIN current has 1885 flow
2019-11-11 14:56:05 DEBUG cic.cs.unb.ca.jnetpcap.FlowGenerator    FlagFIN current has 1914 flow
2019-11-11 14:56:05 DEBUG cic.cs.unb.ca.jnetpcap.FlowGenerator    FlagFIN current has 1913 flow
2019-11-11 14:56:05 DEBUG cic.cs.unb.ca.jnetpcap.FlowGenerator    FlagFIN current has 1914 flow
2019-11-11 14:56:05 DEBUG cic.cs.unb.ca.jnetpcap.FlowGenerator    Timeout current has 2050 flow
2019-11-11 14:56:05 DEBUG cic.cs.unb.ca.jnetpcap.FlowGenerator    FlagFIN current has 2148 flow
2019-11-11 14:56:31 DEBUG cic.cs.unb.ca.jnetpcap.FlowGenerator    FlagFIN current has 2329 flow
2019-11-11 14:56:41 DEBUG cic.cs.unb.ca.jnetpcap.FlowGenerator    FlagFIN current has 2433 flow
2019-11-11 14:56:41 DEBUG cic.cs.unb.ca.jnetpcap.FlowGenerator    FlagFIN current has 2432 flow
2019-11-11 14:56:41 DEBUG cic.cs.unb.ca.jnetpcap.FlowGenerator    FlagFIN current has 2442 flow
2019-11-11 14:56:41 DEBUG cic.cs.unb.ca.jnetpcap.FlowGenerator    FlagFIN current has 2442 flow
2019-11-11 14:56:43 DEBUG cic.cs.unb.ca.jnetpcap.FlowGenerator    FlagFIN current has 2473 flow
2019-11-11 14:56:43 DEBUG cic.cs.unb.ca.jnetpcap.FlowGenerator    FlagFIN current has 2485 flow
2019-11-11 14:56:43 DEBUG cic.cs.unb.ca.jnetpcap.FlowGenerator    FlagFIN current has 2485 flow
2019-11-11 14:56:43 DEBUG cic.cs.unb.ca.jnetpcap.FlowGenerator    FlagFIN current has 2488 flow
2019-11-11 14:56:45 DEBUG cic.cs.unb.ca.jnetpcap.FlowGenerator    FlagFIN current has 2548 flow
2019-11-11 14:56:45 DEBUG cic.cs.unb.ca.jnetpcap.FlowGenerator    FlagFIN current has 2548 flow
2019-11-11 14:57:18 DEBUG cic.cs.unb.ca.jnetpcap.FlowGenerator    FlagFIN current has 2584 flow
2019-11-11 14:57:18 DEBUG cic.cs.unb.ca.jnetpcap.FlowGenerator    FlagFIN current has 2584 flow
2019-11-11 14:57:18 DEBUG cic.cs.unb.ca.jnetpcap.FlowGenerator    FlagFIN current has 2584 flow
2019-11-11 14:57:18 DEBUG cic.cs.unb.ca.jnetpcap.FlowGenerator    FlagFIN current has 2585 flow
2019-11-11 14:57:18 DEBUG cic.cs.unb.ca.jnetpcap.FlowGenerator    FlagFIN current has 2584 flow
2019-11-11 14:57:18 DEBUG cic.cs.unb.ca.jnetpcap.FlowGenerator    FlagFIN current has 2584 flow
2019-11-11 14:57:18 DEBUG cic.cs.unb.ca.jnetpcap.FlowGenerator    FlagFIN current has 2584 flow
2019-11-11 14:57:18 DEBUG cic.cs.unb.ca.jnetpcap.FlowGenerator    FlagFIN current has 2593 flow
2019-11-11 14:57:18 DEBUG cic.cs.unb.ca.jnetpcap.FlowGenerator    FlagFIN current has 2592 flow
2019-11-11 14:57:18 DEBUG cic.cs.unb.ca.jnetpcap.FlowGenerator    FlagFIN current has 2592 flow
2019-11-11 14:57:18 DEBUG cic.cs.unb.ca.jnetpcap.FlowGenerator    FlagFIN current has 2603 flow
2019-11-11 14:57:18 DEBUG cic.cs.unb.ca.jnetpcap.FlowGenerator    FlagFIN current has 2603 flow
2019-11-11 14:57:18 DEBUG cic.cs.unb.ca.jnetpcap.FlowGenerator    FlagFIN current has 2610 flow
2019-11-11 14:57:18 DEBUG cic.cs.unb.ca.jnetpcap.FlowGenerator    FlagFIN current has 2611 flow
2019-11-11 14:57:18 DEBUG cic.cs.unb.ca.jnetpcap.FlowGenerator    FlagFIN current has 2614 flow
2019-11-11 14:57:18 DEBUG cic.cs.unb.ca.jnetpcap.FlowGenerator    FlagFIN current has 2617 flow
2019-11-11 14:57:18 DEBUG cic.cs.unb.ca.jnetpcap.FlowGenerator    FlagFIN current has 2622 flow
2019-11-11 14:57:18 DEBUG cic.cs.unb.ca.jnetpcap.FlowGenerator    FlagFIN current has 2630 flow
2019-11-11 14:57:18 DEBUG cic.cs.unb.ca.jnetpcap.FlowGenerator    FlagFIN current has 2630 flow
2019-11-11 14:57:18 DEBUG cic.cs.unb.ca.jnetpcap.FlowGenerator    FlagFIN current has 2630 flow
2019-11-11 14:57:18 DEBUG cic.cs.unb.ca.jnetpcap.FlowGenerator    FlagFIN current has 2630 flow
2019-11-11 14:57:18 DEBUG cic.cs.unb.ca.jnetpcap.FlowGenerator    FlagFIN current has 2629 flow
2019-11-11 14:57:18 DEBUG cic.cs.unb.ca.jnetpcap.FlowGenerator    FlagFIN current has 2629 flow
2019-11-11 14:57:18 DEBUG cic.cs.unb.ca.jnetpcap.FlowGenerator    FlagFIN current has 2710 flow
2019-11-11 14:57:18 DEBUG cic.cs.unb.ca.jnetpcap.FlowGenerator    FlagFIN current has 2710 flow
2019-11-11 14:57:18 DEBUG cic.cs.unb.ca.jnetpcap.FlowGenerator    FlagFIN current has 2713 flow
2019-11-11 14:57:18 DEBUG cic.cs.unb.ca.jnetpcap.FlowGenerator    FlagFIN current has 2713 flow
2019-11-11 14:57:18 DEBUG cic.cs.unb.ca.jnetpcap.FlowGenerator    FlagFIN current has 2718 flow
2019-11-11 14:57:18 DEBUG cic.cs.unb.ca.jnetpcap.FlowGenerator    FlagFIN current has 2719 flow
2019-11-11 14:58:18 DEBUG cic.cs.unb.ca.jnetpcap.FlowGenerator    FlagFIN current has 2875 flow
2019-11-11 14:58:18 DEBUG cic.cs.unb.ca.jnetpcap.FlowGenerator    FlagFIN current has 2874 flow
2019-11-11 14:58:18 DEBUG cic.cs.unb.ca.jnetpcap.FlowGenerator    FlagFIN current has 2875 flow
2019-11-11 14:58:18 DEBUG cic.cs.unb.ca.jnetpcap.FlowGenerator    FlagFIN current has 2924 flow
2019-11-11 14:58:18 DEBUG cic.cs.unb.ca.jnetpcap.FlowGenerator    FlagFIN current has 2943 flow
2019-11-11 14:58:18 DEBUG cic.cs.unb.ca.jnetpcap.FlowGenerator    FlagFIN current has 2949 flow
2019-11-11 14:58:18 DEBUG cic.cs.unb.ca.jnetpcap.FlowGenerator    FlagFIN current has 2949 flow
2019-11-11 14:58:18 DEBUG cic.cs.unb.ca.jnetpcap.FlowGenerator    FlagFIN current has 2980 flow
2019-11-11 14:59:09 DEBUG cic.cs.unb.ca.jnetpcap.FlowGenerator    FlagFIN current has 3207 flow
2019-11-11 14:59:09 DEBUG cic.cs.unb.ca.jnetpcap.FlowGenerator    FlagFIN current has 3206 flow
2019-11-11 14:59:09 DEBUG cic.cs.unb.ca.jnetpcap.FlowGenerator    FlagFIN current has 3221 flow
2019-11-11 14:59:09 DEBUG cic.cs.unb.ca.jnetpcap.FlowGenerator    FlagFIN current has 3222 flow
2019-11-11 14:59:09 DEBUG cic.cs.unb.ca.jnetpcap.FlowGenerator    FlagFIN current has 3230 flow
2019-11-11 14:59:09 DEBUG cic.cs.unb.ca.jnetpcap.FlowGenerator    FlagFIN current has 3229 flow
2019-11-11 14:59:10 DEBUG cic.cs.unb.ca.jnetpcap.FlowGenerator    FlagFIN current has 3312 flow
2019-11-11 14:59:10 DEBUG cic.cs.unb.ca.jnetpcap.FlowGenerator    FlagFIN current has 3320 flow
2019-11-11 14:59:10 DEBUG cic.cs.unb.ca.jnetpcap.FlowGenerator    FlagFIN current has 3348 flow
2019-11-11 14:59:46 DEBUG cic.cs.unb.ca.jnetpcap.FlowGenerator    FlagFIN current has 3519 flow
2019-11-11 14:59:46 DEBUG cic.cs.unb.ca.jnetpcap.FlowGenerator    FlagFIN current has 3540 flow
2019-11-11 14:59:46 DEBUG cic.cs.unb.ca.jnetpcap.FlowGenerator    FlagFIN current has 3540 flow
2019-11-11 14:59:46 DEBUG cic.cs.unb.ca.jnetpcap.FlowGenerator    FlagFIN current has 3542 flow
2019-11-11 14:59:46 DEBUG cic.cs.unb.ca.jnetpcap.FlowGenerator    FlagFIN current has 3542 flow
2019-11-11 14:59:46 DEBUG cic.cs.unb.ca.jnetpcap.FlowGenerator    FlagFIN current has 3590 flow
2019-11-11 14:59:46 DEBUG cic.cs.unb.ca.jnetpcap.FlowGenerator    FlagFIN current has 3590 flow
2019-11-11 14:59:46 DEBUG cic.cs.unb.ca.jnetpcap.FlowGenerator    FlagFIN current has 3610 flow
2019-11-11 14:59:46 DEBUG cic.cs.unb.ca.jnetpcap.FlowGenerator    FlagFIN current has 3610 flow
2019-11-11 14:59:46 DEBUG cic.cs.unb.ca.jnetpcap.FlowGenerator    FlagFIN current has 3611 flow
2019-11-11 14:59:46 DEBUG cic.cs.unb.ca.jnetpcap.FlowGenerator    FlagFIN current has 3610 flow
2019-11-11 14:59:46 DEBUG cic.cs.unb.ca.jnetpcap.FlowGenerator    FlagFIN current has 3611 flow
2019-11-11 14:59:46 DEBUG cic.cs.unb.ca.jnetpcap.FlowGenerator    FlagFIN current has 3612 flow
2019-11-11 14:59:46 DEBUG cic.cs.unb.ca.jnetpcap.FlowGenerator    FlagFIN current has 3612 flow
2019-11-11 14:59:46 DEBUG cic.cs.unb.ca.jnetpcap.FlowGenerator    FlagFIN current has 3613 flow
2019-11-11 14:59:46 DEBUG cic.cs.unb.ca.jnetpcap.FlowGenerator    FlagFIN current has 3614 flow
2019-11-11 14:59:46 DEBUG cic.cs.unb.ca.jnetpcap.FlowGenerator    FlagFIN current has 3613 flow
2019-11-11 14:59:46 DEBUG cic.cs.unb.ca.jnetpcap.FlowGenerator    FlagFIN current has 3612 flow
2019-11-11 14:59:46 DEBUG cic.cs.unb.ca.jnetpcap.FlowGenerator    FlagFIN current has 3611 flow
2019-11-11 14:59:46 DEBUG cic.cs.unb.ca.jnetpcap.FlowGenerator    FlagFIN current has 3610 flow
2019-11-11 14:59:46 DEBUG cic.cs.unb.ca.jnetpcap.FlowGenerator    FlagFIN current has 3609 flow
2019-11-11 14:59:46 DEBUG cic.cs.unb.ca.jnetpcap.FlowGenerator    FlagFIN current has 3608 flow
2019-11-11 14:59:46 DEBUG cic.cs.unb.ca.jnetpcap.FlowGenerator    FlagFIN current has 3607 flow
2019-11-11 14:59:46 DEBUG cic.cs.unb.ca.jnetpcap.FlowGenerator    FlagFIN current has 3607 flow
2019-11-11 14:59:46 DEBUG cic.cs.unb.ca.jnetpcap.FlowGenerator    FlagFIN current has 3608 flow
2019-11-11 14:59:46 DEBUG cic.cs.unb.ca.jnetpcap.FlowGenerator    FlagFIN current has 3609 flow
2019-11-11 14:59:46 DEBUG cic.cs.unb.ca.jnetpcap.FlowGenerator    FlagFIN current has 3611 flow
2019-11-11 14:59:46 DEBUG cic.cs.unb.ca.jnetpcap.FlowGenerator    FlagFIN current has 3612 flow
2019-11-11 14:59:46 DEBUG cic.cs.unb.ca.jnetpcap.FlowGenerator    FlagFIN current has 3613 flow
2019-11-11 14:59:46 DEBUG cic.cs.unb.ca.jnetpcap.FlowGenerator    FlagFIN current has 3614 flow
2019-11-11 14:59:46 DEBUG cic.cs.unb.ca.jnetpcap.FlowGenerator    FlagFIN current has 3617 flow
2019-11-11 14:59:46 DEBUG cic.cs.unb.ca.jnetpcap.FlowGenerator    FlagFIN current has 3616 flow
2019-11-11 14:59:46 DEBUG cic.cs.unb.ca.jnetpcap.FlowGenerator    FlagFIN current has 3616 flow
2019-11-11 14:59:46 DEBUG cic.cs.unb.ca.jnetpcap.FlowGenerator    FlagFIN current has 3617 flow
2019-11-11 14:59:46 DEBUG cic.cs.unb.ca.jnetpcap.FlowGenerator    FlagFIN current has 3619 flow
2019-11-11 14:59:46 DEBUG cic.cs.unb.ca.jnetpcap.FlowGenerator    FlagFIN current has 3619 flow
2019-11-11 14:59:46 DEBUG cic.cs.unb.ca.jnetpcap.FlowGenerator    FlagFIN current has 3618 flow
2019-11-11 14:59:46 DEBUG cic.cs.unb.ca.jnetpcap.FlowGenerator    FlagFIN current has 3617 flow
2019-11-11 14:59:46 DEBUG cic.cs.unb.ca.jnetpcap.FlowGenerator    FlagFIN current has 3616 flow
2019-11-11 14:59:46 DEBUG cic.cs.unb.ca.jnetpcap.FlowGenerator    FlagFIN current has 3615 flow
2019-11-11 14:59:46 DEBUG cic.cs.unb.ca.jnetpcap.FlowGenerator    FlagFIN current has 3615 flow
2019-11-11 14:59:46 DEBUG cic.cs.unb.ca.jnetpcap.FlowGenerator    FlagFIN current has 3616 flow
2019-11-11 14:59:46 DEBUG cic.cs.unb.ca.jnetpcap.FlowGenerator    FlagFIN current has 3618 flow
2019-11-11 14:59:46 DEBUG cic.cs.unb.ca.jnetpcap.FlowGenerator    FlagFIN current has 3618 flow
2019-11-11 14:59:46 DEBUG cic.cs.unb.ca.jnetpcap.FlowGenerator    FlagFIN current has 3619 flow
2019-11-11 14:59:46 DEBUG cic.cs.unb.ca.jnetpcap.FlowGenerator    FlagFIN current has 3627 flow
2019-11-11 14:59:46 DEBUG cic.cs.unb.ca.jnetpcap.FlowGenerator    FlagFIN current has 3627 flow
2019-11-11 14:59:46 DEBUG cic.cs.unb.ca.jnetpcap.FlowGenerator    FlagFIN current has 3639 flow
2019-11-11 14:59:46 DEBUG cic.cs.unb.ca.jnetpcap.FlowGenerator    FlagFIN current has 3647 flow
2019-11-11 14:59:56 DEBUG cic.cs.unb.ca.jnetpcap.FlowGenerator    FlagFIN current has 3684 flow
2019-11-11 14:59:56 DEBUG cic.cs.unb.ca.jnetpcap.FlowGenerator    FlagFIN current has 3684 flow
2019-11-11 14:59:56 DEBUG cic.cs.unb.ca.jnetpcap.FlowGenerator    FlagFIN current has 3727 flow
2019-11-11 14:59:57 DEBUG cic.cs.unb.ca.jnetpcap.FlowGenerator    FlagFIN current has 3762 flow
2019-11-11 15:00:00 DEBUG cic.cs.unb.ca.jnetpcap.FlowGenerator    FlagFIN current has 3796 flow
2019-11-11 15:00:03 DEBUG cic.cs.unb.ca.jnetpcap.FlowGenerator    FlagFIN current has 3841 flow
2019-11-11 15:00:03 DEBUG cic.cs.unb.ca.jnetpcap.FlowGenerator    FlagFIN current has 3841 flow
2019-11-11 15:00:03 DEBUG cic.cs.unb.ca.jnetpcap.FlowGenerator    FlagFIN current has 3843 flow
2019-11-11 15:00:03 DEBUG cic.cs.unb.ca.jnetpcap.FlowGenerator    FlagFIN current has 3846 flow
2019-11-11 15:00:03 DEBUG cic.cs.unb.ca.jnetpcap.FlowGenerator    FlagFIN current has 3860 flow
2019-11-11 15:00:03 DEBUG cic.cs.unb.ca.jnetpcap.FlowGenerator    FlagFIN current has 3860 flow
2019-11-11 15:00:04 DEBUG cic.cs.unb.ca.jnetpcap.FlowGenerator    FlagFIN current has 3870 flow
2019-11-11 15:00:07 DEBUG cic.cs.unb.ca.jnetpcap.FlowGenerator    FlagFIN current has 3901 flow
2019-11-11 15:00:07 DEBUG cic.cs.unb.ca.jnetpcap.FlowGenerator    FlagFIN current has 3906 flow
2019-11-11 15:00:32 DEBUG cic.cs.unb.ca.jnetpcap.FlowGenerator    FlagFIN current has 3944 flow
2019-11-11 15:00:32 DEBUG cic.cs.unb.ca.jnetpcap.FlowGenerator    FlagFIN current has 3946 flow
2019-11-11 15:00:32 DEBUG cic.cs.unb.ca.jnetpcap.FlowGenerator    FlagFIN current has 3948 flow
2019-11-11 15:00:32 DEBUG cic.cs.unb.ca.jnetpcap.FlowGenerator    FlagFIN current has 3960 flow
2019-11-11 15:00:32 DEBUG cic.cs.unb.ca.jnetpcap.FlowGenerator    FlagFIN current has 3960 flow
2019-11-11 15:00:32 DEBUG cic.cs.unb.ca.jnetpcap.FlowGenerator    FlagFIN current has 3964 flow
2019-11-11 15:00:32 DEBUG cic.cs.unb.ca.jnetpcap.FlowGenerator    FlagFIN current has 3964 flow
2019-11-11 15:00:32 DEBUG cic.cs.unb.ca.jnetpcap.FlowGenerator    FlagFIN current has 3964 flow
2019-11-11 15:00:32 DEBUG cic.cs.unb.ca.jnetpcap.FlowGenerator    FlagFIN current has 3963 flow
2019-11-11 15:00:32 DEBUG cic.cs.unb.ca.jnetpcap.FlowGenerator    FlagFIN current has 3962 flow
2019-11-11 15:00:32 DEBUG cic.cs.unb.ca.jnetpcap.FlowGenerator    FlagFIN current has 3961 flow
2019-11-11 15:00:32 DEBUG cic.cs.unb.ca.jnetpcap.FlowGenerator    FlagFIN current has 3965 flow
2019-11-11 15:00:32 DEBUG cic.cs.unb.ca.jnetpcap.FlowGenerator    FlagFIN current has 3966 flow
2019-11-11 15:00:32 DEBUG cic.cs.unb.ca.jnetpcap.FlowGenerator    FlagFIN current has 3967 flow
2019-11-11 15:00:32 DEBUG cic.cs.unb.ca.jnetpcap.FlowGenerator    FlagFIN current has 3978 flow
2019-11-11 15:00:32 DEBUG cic.cs.unb.ca.jnetpcap.FlowGenerator    FlagFIN current has 4048 flow
2019-11-11 15:00:32 DEBUG cic.cs.unb.ca.jnetpcap.FlowGenerator    FlagFIN current has 4049 flow
2019-11-11 15:00:32 DEBUG cic.cs.unb.ca.jnetpcap.FlowGenerator    FlagFIN current has 4055 flow
2019-11-11 15:00:32 DEBUG cic.cs.unb.ca.jnetpcap.FlowGenerator    FlagFIN current has 4093 flow
2019-11-11 15:00:32 DEBUG cic.cs.unb.ca.jnetpcap.FlowGenerator    FlagFIN current has 4094 flow
2019-11-11 15:00:33 DEBUG cic.cs.unb.ca.jnetpcap.FlowGenerator    FlagFIN current has 4100 flow
2019-11-11 15:00:33 DEBUG cic.cs.unb.ca.jnetpcap.FlowGenerator    FlagFIN current has 4102 flow
2019-11-11 15:00:33 DEBUG cic.cs.unb.ca.jnetpcap.FlowGenerator    FlagFIN current has 4102 flow
2019-11-11 15:00:33 DEBUG cic.cs.unb.ca.jnetpcap.FlowGenerator    FlagFIN current has 4102 flow
2019-11-11 15:00:33 DEBUG cic.cs.unb.ca.jnetpcap.FlowGenerator    FlagFIN current has 4124 flow
2019-11-11 15:00:33 DEBUG cic.cs.unb.ca.jnetpcap.FlowGenerator    FlagFIN current has 4125 flow
2019-11-11 15:00:50 DEBUG cic.cs.unb.ca.jnetpcap.FlowGenerator    FlagFIN current has 4156 flow
2019-11-11 15:00:50 DEBUG cic.cs.unb.ca.jnetpcap.FlowGenerator    FlagFIN current has 4158 flow
2019-11-11 15:00:50 DEBUG cic.cs.unb.ca.jnetpcap.FlowGenerator    FlagFIN current has 4159 flow
2019-11-11 15:00:50 DEBUG cic.cs.unb.ca.jnetpcap.FlowGenerator    FlagFIN current has 4160 flow
2019-11-11 15:00:50 DEBUG cic.cs.unb.ca.jnetpcap.FlowGenerator    FlagFIN current has 4161 flow
2019-11-11 15:00:50 DEBUG cic.cs.unb.ca.jnetpcap.FlowGenerator    FlagFIN current has 4161 flow
2019-11-11 15:00:50 DEBUG cic.cs.unb.ca.jnetpcap.FlowGenerator    FlagFIN current has 4163 flow
2019-11-11 15:00:50 DEBUG cic.cs.unb.ca.jnetpcap.FlowGenerator    FlagFIN current has 4163 flow
2019-11-11 15:00:50 DEBUG cic.cs.unb.ca.jnetpcap.FlowGenerator    FlagFIN current has 4164 flow
2019-11-11 15:00:50 DEBUG cic.cs.unb.ca.jnetpcap.FlowGenerator    FlagFIN current has 4172 flow
2019-11-11 15:00:50 DEBUG cic.cs.unb.ca.jnetpcap.FlowGenerator    FlagFIN current has 4182 flow
2019-11-11 15:00:50 DEBUG cic.cs.unb.ca.jnetpcap.FlowGenerator    FlagFIN current has 4184 flow
2019-11-11 15:00:50 DEBUG cic.cs.unb.ca.jnetpcap.FlowGenerator    FlagFIN current has 4197 flow
2019-11-11 15:00:50 DEBUG cic.cs.unb.ca.jnetpcap.FlowGenerator    FlagFIN current has 4197 flow
2019-11-11 15:00:50 DEBUG cic.cs.unb.ca.jnetpcap.FlowGenerator    FlagFIN current has 4201 flow
2019-11-11 15:00:50 DEBUG cic.cs.unb.ca.jnetpcap.FlowGenerator    FlagFIN current has 4212 flow
2019-11-11 15:00:50 DEBUG cic.cs.unb.ca.jnetpcap.FlowGenerator    FlagFIN current has 4213 flow
2019-11-11 15:00:50 DEBUG cic.cs.unb.ca.jnetpcap.FlowGenerator    FlagFIN current has 4213 flow
2019-11-11 15:00:50 DEBUG cic.cs.unb.ca.jnetpcap.FlowGenerator    FlagFIN current has 4215 flow
2019-11-11 15:00:50 DEBUG cic.cs.unb.ca.jnetpcap.FlowGenerator    FlagFIN current has 4228 flow
2019-11-11 15:00:50 DEBUG cic.cs.unb.ca.jnetpcap.FlowGenerator    FlagFIN current has 4235 flow
2019-11-11 15:00:50 DEBUG cic.cs.unb.ca.jnetpcap.FlowGenerator    FlagFIN current has 4238 flow
2019-11-11 15:00:50 DEBUG cic.cs.unb.ca.jnetpcap.FlowGenerator    FlagFIN current has 4245 flow
2019-11-11 15:00:50 DEBUG cic.cs.unb.ca.jnetpcap.FlowGenerator    Timeout current has 4250 flow
2019-11-11 15:00:50 DEBUG cic.cs.unb.ca.jnetpcap.FlowGenerator    FlagFIN current has 4260 flow
2019-11-11 15:00:50 DEBUG cic.cs.unb.ca.jnetpcap.FlowGenerator    FlagFIN current has 4261 flow
2019-11-11 15:00:50 DEBUG cic.cs.unb.ca.jnetpcap.FlowGenerator    FlagFIN current has 4261 flow
2019-11-11 15:00:50 DEBUG cic.cs.unb.ca.jnetpcap.FlowGenerator    FlagFIN current has 4262 flow
2019-11-11 15:00:50 DEBUG cic.cs.unb.ca.jnetpcap.FlowGenerator    FlagFIN current has 4263 flow
2019-11-11 15:00:50 DEBUG cic.cs.unb.ca.jnetpcap.FlowGenerator    FlagFIN current has 4265 flow
2019-11-11 15:00:50 DEBUG cic.cs.unb.ca.jnetpcap.FlowGenerator    FlagFIN current has 4265 flow
2019-11-11 15:00:50 DEBUG cic.cs.unb.ca.jnetpcap.FlowGenerator    FlagFIN current has 4265 flow
2019-11-11 15:00:50 DEBUG cic.cs.unb.ca.jnetpcap.FlowGenerator    FlagFIN current has 4286 flow
2019-11-11 15:00:50 DEBUG cic.cs.unb.ca.jnetpcap.FlowGenerator    FlagFIN current has 4289 flow
2019-11-11 15:00:50 DEBUG cic.cs.unb.ca.jnetpcap.FlowGenerator    FlagFIN current has 4291 flow
2019-11-11 15:00:50 DEBUG cic.cs.unb.ca.jnetpcap.FlowGenerator    FlagFIN current has 4291 flow
2019-11-11 15:00:50 DEBUG cic.cs.unb.ca.jnetpcap.FlowGenerator    FlagFIN current has 4292 flow
2019-11-11 15:00:50 DEBUG cic.cs.unb.ca.jnetpcap.FlowGenerator    FlagFIN current has 4300 flow
2019-11-11 15:00:50 DEBUG cic.cs.unb.ca.jnetpcap.FlowGenerator    FlagFIN current has 4302 flow
2019-11-11 15:00:50 DEBUG cic.cs.unb.ca.jnetpcap.FlowGenerator    FlagFIN current has 4330 flow
2019-11-11 15:00:50 DEBUG cic.cs.unb.ca.jnetpcap.FlowGenerator    FlagFIN current has 4331 flow
2019-11-11 15:00:50 DEBUG cic.cs.unb.ca.jnetpcap.FlowGenerator    FlagFIN current has 4354 flow
2019-11-11 15:00:50 DEBUG cic.cs.unb.ca.jnetpcap.FlowGenerator    FlagFIN current has 4387 flow
2019-11-11 15:00:50 DEBUG cic.cs.unb.ca.jnetpcap.FlowGenerator    FlagFIN current has 4395 flow
2019-11-11 15:00:50 DEBUG cic.cs.unb.ca.jnetpcap.FlowGenerator    FlagFIN current has 4394 flow
2019-11-11 15:00:50 DEBUG cic.cs.unb.ca.jnetpcap.FlowGenerator    FlagFIN current has 4428 flow
2019-11-11 15:01:21 DEBUG cic.cs.unb.ca.jnetpcap.FlowGenerator    FlagFIN current has 4479 flow
2019-11-11 15:01:21 DEBUG cic.cs.unb.ca.jnetpcap.FlowGenerator    FlagFIN current has 4482 flow
2019-11-11 15:01:21 DEBUG cic.cs.unb.ca.jnetpcap.FlowGenerator    FlagFIN current has 4483 flow
2019-11-11 15:01:21 DEBUG cic.cs.unb.ca.jnetpcap.FlowGenerator    FlagFIN current has 4483 flow
2019-11-11 15:01:21 DEBUG cic.cs.unb.ca.jnetpcap.FlowGenerator    FlagFIN current has 4504 flow
2019-11-11 15:01:21 DEBUG cic.cs.unb.ca.jnetpcap.FlowGenerator    FlagFIN current has 4533 flow
2019-11-11 15:01:21 DEBUG cic.cs.unb.ca.jnetpcap.FlowGenerator    FlagFIN current has 4540 flow
2019-11-11 15:01:21 DEBUG cic.cs.unb.ca.jnetpcap.FlowGenerator    FlagFIN current has 4543 flow
2019-11-11 15:01:21 DEBUG cic.cs.unb.ca.jnetpcap.FlowGenerator    FlagFIN current has 4549 flow
2019-11-11 15:01:21 DEBUG cic.cs.unb.ca.jnetpcap.FlowGenerator    FlagFIN current has 4553 flow
2019-11-11 15:01:21 DEBUG cic.cs.unb.ca.jnetpcap.FlowGenerator    FlagFIN current has 4561 flow
2019-11-11 15:01:21 DEBUG cic.cs.unb.ca.jnetpcap.FlowGenerator    FlagFIN current has 4562 flow
2019-11-11 15:01:21 DEBUG cic.cs.unb.ca.jnetpcap.FlowGenerator    FlagFIN current has 4569 flow
2019-11-11 15:01:21 DEBUG cic.cs.unb.ca.jnetpcap.FlowGenerator    FlagFIN current has 4574 flow
2019-11-11 15:01:22 DEBUG cic.cs.unb.ca.jnetpcap.FlowGenerator    FlagFIN current has 4603 flow
2019-11-11 15:01:22 DEBUG cic.cs.unb.ca.jnetpcap.FlowGenerator    FlagFIN current has 4603 flow
2019-11-11 15:01:22 DEBUG cic.cs.unb.ca.jnetpcap.FlowGenerator    FlagFIN current has 4604 flow
2019-11-11 15:01:22 DEBUG cic.cs.unb.ca.jnetpcap.FlowGenerator    FlagFIN current has 4604 flow
2019-11-11 15:01:22 DEBUG cic.cs.unb.ca.jnetpcap.FlowGenerator    FlagFIN current has 4629 flow
2019-11-11 15:01:22 DEBUG cic.cs.unb.ca.jnetpcap.FlowGenerator    FlagFIN current has 4628 flow
2019-11-11 15:01:22 DEBUG cic.cs.unb.ca.jnetpcap.FlowGenerator    FlagFIN current has 4627 flow
2019-11-11 15:01:22 DEBUG cic.cs.unb.ca.jnetpcap.FlowGenerator    FlagFIN current has 4627 flow
2019-11-11 15:01:22 DEBUG cic.cs.unb.ca.jnetpcap.FlowGenerator    FlagFIN current has 4627 flow
2019-11-11 15:01:22 DEBUG cic.cs.unb.ca.jnetpcap.FlowGenerator    FlagFIN current has 4626 flow
2019-11-11 15:01:22 DEBUG cic.cs.unb.ca.jnetpcap.FlowGenerator    FlagFIN current has 4628 flow
2019-11-11 15:01:22 DEBUG cic.cs.unb.ca.jnetpcap.FlowGenerator    FlagFIN current has 4628 flow
2019-11-11 15:01:22 DEBUG cic.cs.unb.ca.jnetpcap.FlowGenerator    FlagFIN current has 4628 flow
2019-11-11 15:01:22 DEBUG cic.cs.unb.ca.jnetpcap.FlowGenerator    FlagFIN current has 4628 flow
2019-11-11 15:01:22 DEBUG cic.cs.unb.ca.jnetpcap.FlowGenerator    FlagFIN current has 4629 flow
2019-11-11 15:01:22 DEBUG cic.cs.unb.ca.jnetpcap.FlowGenerator    FlagFIN current has 4629 flow
2019-11-11 15:01:22 DEBUG cic.cs.unb.ca.jnetpcap.FlowGenerator    FlagFIN current has 4633 flow
2019-11-11 15:01:22 DEBUG cic.cs.unb.ca.jnetpcap.FlowGenerator    FlagFIN current has 4647 flow
2019-11-11 15:01:22 DEBUG cic.cs.unb.ca.jnetpcap.FlowGenerator    FlagFIN current has 4646 flow
2019-11-11 15:01:22 DEBUG cic.cs.unb.ca.jnetpcap.FlowGenerator    FlagFIN current has 4656 flow
2019-11-11 15:01:22 DEBUG cic.cs.unb.ca.jnetpcap.FlowGenerator    FlagFIN current has 4656 flow
2019-11-11 15:01:22 DEBUG cic.cs.unb.ca.jnetpcap.FlowGenerator    FlagFIN current has 4695 flow
2019-11-11 15:01:22 DEBUG cic.cs.unb.ca.jnetpcap.FlowGenerator    FlagFIN current has 4698 flow
2019-11-11 15:01:22 DEBUG cic.cs.unb.ca.jnetpcap.FlowGenerator    FlagFIN current has 4709 flow
2019-11-11 15:01:22 DEBUG cic.cs.unb.ca.jnetpcap.FlowGenerator    FlagFIN current has 4709 flow
2019-11-11 15:01:22 DEBUG cic.cs.unb.ca.jnetpcap.FlowGenerator    FlagFIN current has 4711 flow
2019-11-11 15:01:22 DEBUG cic.cs.unb.ca.jnetpcap.FlowGenerator    FlagFIN current has 4714 flow
2019-11-11 15:01:22 DEBUG cic.cs.unb.ca.jnetpcap.FlowGenerator    FlagFIN current has 4714 flow
2019-11-11 15:01:22 DEBUG cic.cs.unb.ca.jnetpcap.FlowGenerator    FlagFIN current has 4715 flow
2019-11-11 15:01:22 DEBUG cic.cs.unb.ca.jnetpcap.FlowGenerator    FlagFIN current has 4723 flow
2019-11-11 15:01:22 DEBUG cic.cs.unb.ca.jnetpcap.FlowGenerator    FlagFIN current has 4732 flow
2019-11-11 15:01:22 DEBUG cic.cs.unb.ca.jnetpcap.FlowGenerator    FlagFIN current has 4738 flow
2019-11-11 15:01:22 DEBUG cic.cs.unb.ca.jnetpcap.FlowGenerator    FlagFIN current has 4742 flow
2019-11-11 15:01:22 DEBUG cic.cs.unb.ca.jnetpcap.FlowGenerator    FlagFIN current has 4743 flow
2019-11-11 15:01:22 DEBUG cic.cs.unb.ca.jnetpcap.FlowGenerator    FlagFIN current has 4747 flow
2019-11-11 15:01:22 DEBUG cic.cs.unb.ca.jnetpcap.FlowGenerator    FlagFIN current has 4750 flow
2019-11-11 15:01:22 DEBUG cic.cs.unb.ca.jnetpcap.FlowGenerator    FlagFIN current has 4751 flow
2019-11-11 15:01:22 DEBUG cic.cs.unb.ca.jnetpcap.FlowGenerator    FlagFIN current has 4776 flow
2019-11-11 15:01:22 DEBUG cic.cs.unb.ca.jnetpcap.FlowGenerator    FlagFIN current has 4777 flow
2019-11-11 15:01:22 DEBUG cic.cs.unb.ca.jnetpcap.FlowGenerator    FlagFIN current has 4777 flow
2019-11-11 15:02:15 DEBUG cic.cs.unb.ca.jnetpcap.FlowGenerator    FlagFIN current has 4789 flow
2019-11-11 15:02:15 DEBUG cic.cs.unb.ca.jnetpcap.FlowGenerator    FlagFIN current has 4789 flow
2019-11-11 15:02:15 DEBUG cic.cs.unb.ca.jnetpcap.FlowGenerator    FlagFIN current has 4792 flow
2019-11-11 15:02:15 DEBUG cic.cs.unb.ca.jnetpcap.FlowGenerator    FlagFIN current has 4796 flow
2019-11-11 15:02:15 DEBUG cic.cs.unb.ca.jnetpcap.FlowGenerator    FlagFIN current has 4800 flow
2019-11-11 15:02:15 DEBUG cic.cs.unb.ca.jnetpcap.FlowGenerator    FlagFIN current has 4807 flow
2019-11-11 15:02:15 DEBUG cic.cs.unb.ca.jnetpcap.FlowGenerator    FlagFIN current has 4808 flow
2019-11-11 15:02:15 DEBUG cic.cs.unb.ca.jnetpcap.FlowGenerator    FlagFIN current has 4812 flow
2019-11-11 15:02:15 DEBUG cic.cs.unb.ca.jnetpcap.FlowGenerator    FlagFIN current has 4812 flow
2019-11-11 15:02:15 DEBUG cic.cs.unb.ca.jnetpcap.FlowGenerator    FlagFIN current has 4814 flow
2019-11-11 15:02:15 DEBUG cic.cs.unb.ca.jnetpcap.FlowGenerator    FlagFIN current has 4822 flow
2019-11-11 15:02:15 DEBUG cic.cs.unb.ca.jnetpcap.FlowGenerator    FlagFIN current has 4824 flow
2019-11-11 15:02:15 DEBUG cic.cs.unb.ca.jnetpcap.FlowGenerator    FlagFIN current has 4840 flow
2019-11-11 15:02:15 DEBUG cic.cs.unb.ca.jnetpcap.FlowGenerator    FlagFIN current has 4841 flow
2019-11-11 15:02:15 DEBUG cic.cs.unb.ca.jnetpcap.FlowGenerator    FlagFIN current has 4841 flow
2019-11-11 15:02:15 DEBUG cic.cs.unb.ca.jnetpcap.FlowGenerator    FlagFIN current has 4844 flow
2019-11-11 15:02:15 DEBUG cic.cs.unb.ca.jnetpcap.FlowGenerator    FlagFIN current has 4849 flow
2019-11-11 15:02:15 DEBUG cic.cs.unb.ca.jnetpcap.FlowGenerator    FlagFIN current has 4861 flow
2019-11-11 15:02:15 DEBUG cic.cs.unb.ca.jnetpcap.FlowGenerator    FlagFIN current has 4864 flow
2019-11-11 15:02:15 DEBUG cic.cs.unb.ca.jnetpcap.FlowGenerator    FlagFIN current has 4868 flow
2019-11-11 15:02:15 DEBUG cic.cs.unb.ca.jnetpcap.FlowGenerator    FlagFIN current has 4869 flow
2019-11-11 15:02:15 DEBUG cic.cs.unb.ca.jnetpcap.FlowGenerator    FlagFIN current has 4872 flow
2019-11-11 15:02:15 DEBUG cic.cs.unb.ca.jnetpcap.FlowGenerator    FlagFIN current has 4873 flow
2019-11-11 15:02:15 DEBUG cic.cs.unb.ca.jnetpcap.FlowGenerator    FlagFIN current has 4875 flow
2019-11-11 15:02:15 DEBUG cic.cs.unb.ca.jnetpcap.FlowGenerator    FlagFIN current has 4898 flow
2019-11-11 15:02:15 DEBUG cic.cs.unb.ca.jnetpcap.FlowGenerator    FlagFIN current has 4901 flow
2019-11-11 15:02:15 DEBUG cic.cs.unb.ca.jnetpcap.FlowGenerator    FlagFIN current has 4905 flow
2019-11-11 15:02:15 DEBUG cic.cs.unb.ca.jnetpcap.FlowGenerator    FlagFIN current has 4908 flow
2019-11-11 15:02:15 DEBUG cic.cs.unb.ca.jnetpcap.FlowGenerator    FlagFIN current has 4910 flow
2019-11-11 15:02:15 DEBUG cic.cs.unb.ca.jnetpcap.FlowGenerator    FlagFIN current has 4910 flow
2019-11-11 15:02:15 DEBUG cic.cs.unb.ca.jnetpcap.FlowGenerator    FlagFIN current has 4917 flow
2019-11-11 15:02:15 DEBUG cic.cs.unb.ca.jnetpcap.FlowGenerator    FlagFIN current has 4928 flow
2019-11-11 15:02:15 DEBUG cic.cs.unb.ca.jnetpcap.FlowGenerator    FlagFIN current has 4929 flow
2019-11-11 15:02:15 DEBUG cic.cs.unb.ca.jnetpcap.FlowGenerator    FlagFIN current has 4929 flow
2019-11-11 15:02:15 DEBUG cic.cs.unb.ca.jnetpcap.FlowGenerator    FlagFIN current has 4929 flow
2019-11-11 15:02:15 DEBUG cic.cs.unb.ca.jnetpcap.FlowGenerator    FlagFIN current has 4929 flow
2019-11-11 15:02:15 DEBUG cic.cs.unb.ca.jnetpcap.FlowGenerator    FlagFIN current has 4937 flow
2019-11-11 15:02:15 DEBUG cic.cs.unb.ca.jnetpcap.FlowGenerator    FlagFIN current has 4944 flow
2019-11-11 15:02:15 DEBUG cic.cs.unb.ca.jnetpcap.FlowGenerator    FlagFIN current has 4950 flow
2019-11-11 15:02:15 DEBUG cic.cs.unb.ca.jnetpcap.FlowGenerator    FlagFIN current has 4957 flow
2019-11-11 15:02:16 DEBUG cic.cs.unb.ca.jnetpcap.FlowGenerator    FlagFIN current has 5052 flow
2019-11-11 15:02:16 DEBUG cic.cs.unb.ca.jnetpcap.FlowGenerator    FlagFIN current has 5052 flow
2019-11-11 15:02:16 DEBUG cic.cs.unb.ca.jnetpcap.FlowGenerator    FlagFIN current has 5064 flow
2019-11-11 15:02:16 DEBUG cic.cs.unb.ca.jnetpcap.FlowGenerator    FlagFIN current has 5072 flow
2019-11-11 15:02:16 DEBUG cic.cs.unb.ca.jnetpcap.FlowGenerator    FlagFIN current has 5074 flow
2019-11-11 15:02:16 DEBUG cic.cs.unb.ca.jnetpcap.FlowGenerator    FlagFIN current has 5076 flow
2019-11-11 15:02:16 DEBUG cic.cs.unb.ca.jnetpcap.FlowGenerator    FlagFIN current has 5083 flow
2019-11-11 15:02:16 DEBUG cic.cs.unb.ca.jnetpcap.FlowGenerator    FlagFIN current has 5084 flow
2019-11-11 15:02:16 DEBUG cic.cs.unb.ca.jnetpcap.FlowGenerator    FlagFIN current has 5089 flow
2019-11-11 15:02:16 DEBUG cic.cs.unb.ca.jnetpcap.FlowGenerator    FlagFIN current has 5088 flow
2019-11-11 15:02:16 DEBUG cic.cs.unb.ca.jnetpcap.FlowGenerator    FlagFIN current has 5092 flow
2019-11-11 15:02:16 DEBUG cic.cs.unb.ca.jnetpcap.FlowGenerator    FlagFIN current has 5093 flow
2019-11-11 15:02:16 DEBUG cic.cs.unb.ca.jnetpcap.FlowGenerator    FlagFIN current has 5093 flow
2019-11-11 15:02:16 DEBUG cic.cs.unb.ca.jnetpcap.FlowGenerator    FlagFIN current has 5101 flow
2019-11-11 15:02:16 DEBUG cic.cs.unb.ca.jnetpcap.FlowGenerator    FlagFIN current has 5100 flow
2019-11-11 15:02:16 DEBUG cic.cs.unb.ca.jnetpcap.FlowGenerator    FlagFIN current has 5099 flow
2019-11-11 15:02:16 DEBUG cic.cs.unb.ca.jnetpcap.FlowGenerator    FlagFIN current has 5098 flow
2019-11-11 15:02:16 DEBUG cic.cs.unb.ca.jnetpcap.FlowGenerator    FlagFIN current has 5105 flow
2019-11-11 15:02:16 DEBUG cic.cs.unb.ca.jnetpcap.FlowGenerator    FlagFIN current has 5104 flow
2019-11-11 15:02:16 DEBUG cic.cs.unb.ca.jnetpcap.FlowGenerator    FlagFIN current has 5105 flow
2019-11-11 15:02:16 DEBUG cic.cs.unb.ca.jnetpcap.FlowGenerator    FlagFIN current has 5107 flow
2019-11-11 15:02:16 DEBUG cic.cs.unb.ca.jnetpcap.FlowGenerator    FlagFIN current has 5107 flow
2019-11-11 15:03:17 DEBUG cic.cs.unb.ca.jnetpcap.FlowGenerator    FlagFIN current has 5302 flow
2019-11-11 15:03:17 DEBUG cic.cs.unb.ca.jnetpcap.FlowGenerator    FlagFIN current has 5322 flow
2019-11-11 15:03:17 DEBUG cic.cs.unb.ca.jnetpcap.FlowGenerator    FlagFIN current has 5322 flow
2019-11-11 15:03:17 DEBUG cic.cs.unb.ca.jnetpcap.FlowGenerator    FlagFIN current has 5332 flow
2019-11-11 15:03:17 DEBUG cic.cs.unb.ca.jnetpcap.FlowGenerator    FlagFIN current has 5332 flow
2019-11-11 15:03:17 DEBUG cic.cs.unb.ca.jnetpcap.FlowGenerator    FlagFIN current has 5341 flow
2019-11-11 15:03:17 DEBUG cic.cs.unb.ca.jnetpcap.FlowGenerator    FlagFIN current has 5340 flow
2019-11-11 15:03:17 DEBUG cic.cs.unb.ca.jnetpcap.FlowGenerator    FlagFIN current has 5340 flow
2019-11-11 15:03:17 DEBUG cic.cs.unb.ca.jnetpcap.FlowGenerator    FlagFIN current has 5341 flow
2019-11-11 15:03:17 DEBUG cic.cs.unb.ca.jnetpcap.FlowGenerator    FlagFIN current has 5367 flow
2019-11-11 15:03:17 DEBUG cic.cs.unb.ca.jnetpcap.FlowGenerator    FlagFIN current has 5368 flow
2019-11-11 15:03:17 DEBUG cic.cs.unb.ca.jnetpcap.FlowGenerator    FlagFIN current has 5372 flow
2019-11-11 15:03:17 DEBUG cic.cs.unb.ca.jnetpcap.FlowGenerator    FlagFIN current has 5371 flow
2019-11-11 15:03:17 DEBUG cic.cs.unb.ca.jnetpcap.FlowGenerator    FlagFIN current has 5370 flow
2019-11-11 15:03:17 DEBUG cic.cs.unb.ca.jnetpcap.FlowGenerator    FlagFIN current has 5369 flow
2019-11-11 15:03:17 DEBUG cic.cs.unb.ca.jnetpcap.FlowGenerator    FlagFIN current has 5369 flow
2019-11-11 15:03:17 DEBUG cic.cs.unb.ca.jnetpcap.FlowGenerator    FlagFIN current has 5370 flow
2019-11-11 15:03:17 DEBUG cic.cs.unb.ca.jnetpcap.FlowGenerator    FlagFIN current has 5371 flow
2019-11-11 15:03:17 DEBUG cic.cs.unb.ca.jnetpcap.FlowGenerator    FlagFIN current has 5372 flow
2019-11-11 15:03:17 DEBUG cic.cs.unb.ca.jnetpcap.FlowGenerator    FlagFIN current has 5377 flow
2019-11-11 15:03:17 DEBUG cic.cs.unb.ca.jnetpcap.FlowGenerator    FlagFIN current has 5376 flow
2019-11-11 15:03:17 DEBUG cic.cs.unb.ca.jnetpcap.FlowGenerator    FlagFIN current has 5375 flow
2019-11-11 15:03:17 DEBUG cic.cs.unb.ca.jnetpcap.FlowGenerator    FlagFIN current has 5374 flow
2019-11-11 15:03:17 DEBUG cic.cs.unb.ca.jnetpcap.FlowGenerator    FlagFIN current has 5373 flow
2019-11-11 15:03:17 DEBUG cic.cs.unb.ca.jnetpcap.FlowGenerator    FlagFIN current has 5373 flow
2019-11-11 15:03:17 DEBUG cic.cs.unb.ca.jnetpcap.FlowGenerator    FlagFIN current has 5374 flow
2019-11-11 15:03:17 DEBUG cic.cs.unb.ca.jnetpcap.FlowGenerator    FlagFIN current has 5375 flow
2019-11-11 15:03:17 DEBUG cic.cs.unb.ca.jnetpcap.FlowGenerator    FlagFIN current has 5378 flow
2019-11-11 15:03:17 DEBUG cic.cs.unb.ca.jnetpcap.FlowGenerator    FlagFIN current has 5379 flow
2019-11-11 15:03:17 DEBUG cic.cs.unb.ca.jnetpcap.FlowGenerator    FlagFIN current has 5383 flow
2019-11-11 15:03:17 DEBUG cic.cs.unb.ca.jnetpcap.FlowGenerator    FlagFIN current has 5383 flow
2019-11-11 15:04:18 DEBUG cic.cs.unb.ca.jnetpcap.FlowGenerator    FlagFIN current has 5620 flow
2019-11-11 15:04:18 DEBUG cic.cs.unb.ca.jnetpcap.FlowGenerator    FlagFIN current has 5621 flow
2019-11-11 15:04:18 DEBUG cic.cs.unb.ca.jnetpcap.FlowGenerator    FlagFIN current has 5656 flow
2019-11-11 15:04:18 DEBUG cic.cs.unb.ca.jnetpcap.FlowGenerator    FlagFIN current has 5655 flow
2019-11-11 15:04:18 DEBUG cic.cs.unb.ca.jnetpcap.FlowGenerator    FlagFIN current has 5655 flow
2019-11-11 15:04:18 DEBUG cic.cs.unb.ca.jnetpcap.FlowGenerator    FlagFIN current has 5656 flow
2019-11-11 15:05:20 DEBUG cic.cs.unb.ca.jnetpcap.FlowGenerator    Timeout current has 5800 flow
2019-11-11 15:05:20 DEBUG cic.cs.unb.ca.jnetpcap.FlowGenerator    FlagFIN current has 6066 flow
2019-11-11 15:05:20 DEBUG cic.cs.unb.ca.jnetpcap.FlowGenerator    FlagFIN current has 6066 flow
2019-11-11 15:07:51 DEBUG cic.cs.unb.ca.jnetpcap.FlowGenerator    FlagFIN current has 6979 flow
2019-11-11 15:09:54 DEBUG cic.cs.unb.ca.jnetpcap.FlowGenerator    Timeout current has 7700 flow
2019-11-11 15:11:47 DEBUG cic.cs.unb.ca.jnetpcap.FlowGenerator    FlagFIN current has 10827 flow
2019-11-11 15:11:58 DEBUG cic.cs.unb.ca.jnetpcap.FlowGenerator    FlagFIN current has 12019 flow
2019-11-11 15:11:58 DEBUG cic.cs.unb.ca.jnetpcap.FlowGenerator    FlagFIN current has 12020 flow
2019-11-11 15:11:58 DEBUG cic.cs.unb.ca.jnetpcap.FlowGenerator    FlagFIN current has 12021 flow
2019-11-11 15:11:58 DEBUG cic.cs.unb.ca.jnetpcap.FlowGenerator    FlagFIN current has 12022 flow
2019-11-11 15:11:58 DEBUG cic.cs.unb.ca.jnetpcap.FlowGenerator    FlagFIN current has 12024 flow
2019-11-11 15:11:58 DEBUG cic.cs.unb.ca.jnetpcap.FlowGenerator    FlagFIN current has 12036 flow
2019-11-11 15:11:58 DEBUG cic.cs.unb.ca.jnetpcap.FlowGenerator    FlagFIN current has 12039 flow
2019-11-11 15:11:58 DEBUG cic.cs.unb.ca.jnetpcap.FlowGenerator    FlagFIN current has 12040 flow
2019-11-11 15:11:58 DEBUG cic.cs.unb.ca.jnetpcap.FlowGenerator    FlagFIN current has 12045 flow
2019-11-11 15:12:53 DEBUG cic.cs.unb.ca.jnetpcap.FlowGenerator    FlagFIN current has 12268 flow
2019-11-11 15:12:53 DEBUG cic.cs.unb.ca.jnetpcap.FlowGenerator    FlagFIN current has 12646 flow
2019-11-11 15:15:44 DEBUG cic.cs.unb.ca.jnetpcap.FlowGenerator    Timeout current has 14250 flow
2019-11-11 15:15:44 DEBUG cic.cs.unb.ca.jnetpcap.FlowGenerator    FlagFIN current has 14273 flow
2019-11-11 15:16:25 DEBUG cic.cs.unb.ca.jnetpcap.FlowGenerator    FlagFIN current has 17254 flow
2019-11-11 15:16:25 DEBUG cic.cs.unb.ca.jnetpcap.FlowGenerator    FlagFIN current has 17260 flow
2019-11-11 15:16:25 DEBUG cic.cs.unb.ca.jnetpcap.FlowGenerator    FlagFIN current has 17260 flow
2019-11-11 15:16:25 DEBUG cic.cs.unb.ca.jnetpcap.FlowGenerator    FlagFIN current has 17262 flow
2019-11-11 15:16:25 DEBUG cic.cs.unb.ca.jnetpcap.FlowGenerator    FlagFIN current has 17279 flow
2019-11-11 15:16:25 DEBUG cic.cs.unb.ca.jnetpcap.FlowGenerator    FlagFIN current has 17284 flow
2019-11-11 15:16:25 DEBUG cic.cs.unb.ca.jnetpcap.FlowGenerator    FlagFIN current has 17287 flow
2019-11-11 15:16:25 DEBUG cic.cs.unb.ca.jnetpcap.FlowGenerator    FlagFIN current has 17292 flow
2019-11-11 15:16:25 DEBUG cic.cs.unb.ca.jnetpcap.FlowGenerator    FlagFIN current has 17294 flow
2019-11-11 15:16:30 DEBUG cic.cs.unb.ca.jnetpcap.FlowGenerator    FlagFIN current has 17741 flow
2019-11-11 15:16:30 DEBUG cic.cs.unb.ca.jnetpcap.FlowGenerator    FlagFIN current has 17742 flow
2019-11-11 15:16:30 DEBUG cic.cs.unb.ca.jnetpcap.FlowGenerator    FlagFIN current has 17751 flow
2019-11-11 15:16:30 DEBUG cic.cs.unb.ca.jnetpcap.FlowGenerator    FlagFIN current has 17757 flow
2019-11-11 15:16:30 DEBUG cic.cs.unb.ca.jnetpcap.FlowGenerator    FlagFIN current has 17767 flow
2019-11-11 15:16:30 DEBUG cic.cs.unb.ca.jnetpcap.FlowGenerator    FlagFIN current has 17767 flow
2019-11-11 15:16:30 DEBUG cic.cs.unb.ca.jnetpcap.FlowGenerator    FlagFIN current has 17773 flow
2019-11-11 15:16:30 DEBUG cic.cs.unb.ca.jnetpcap.FlowGenerator    FlagFIN current has 17774 flow
2019-11-11 15:16:30 DEBUG cic.cs.unb.ca.jnetpcap.FlowGenerator    FlagFIN current has 17775 flow
2019-11-11 15:16:30 DEBUG cic.cs.unb.ca.jnetpcap.FlowGenerator    FlagFIN current has 17777 flow
2019-11-11 15:16:30 DEBUG cic.cs.unb.ca.jnetpcap.FlowGenerator    FlagFIN current has 17777 flow
2019-11-11 15:16:30 DEBUG cic.cs.unb.ca.jnetpcap.FlowGenerator    FlagFIN current has 18201 flow
2019-11-11 15:16:34 DEBUG cic.cs.unb.ca.jnetpcap.FlowGenerator    FlagFIN current has 18660 flow
2019-11-11 15:16:34 DEBUG cic.cs.unb.ca.jnetpcap.FlowGenerator    FlagFIN current has 18663 flow
2019-11-11 15:16:34 DEBUG cic.cs.unb.ca.jnetpcap.FlowGenerator    FlagFIN current has 18670 flow
2019-11-11 15:16:34 DEBUG cic.cs.unb.ca.jnetpcap.FlowGenerator    FlagFIN current has 18677 flow
2019-11-11 15:16:34 DEBUG cic.cs.unb.ca.jnetpcap.FlowGenerator    FlagFIN current has 18683 flow
2019-11-11 15:16:34 DEBUG cic.cs.unb.ca.jnetpcap.FlowGenerator    FlagFIN current has 18686 flow
2019-11-11 15:16:34 DEBUG cic.cs.unb.ca.jnetpcap.FlowGenerator    Timeout current has 18750 flow
2019-11-11 15:16:35 DEBUG cic.cs.unb.ca.jnetpcap.FlowGenerator    FlagFIN current has 19146 flow
2019-11-11 15:16:35 DEBUG cic.cs.unb.ca.jnetpcap.FlowGenerator    FlagFIN current has 19146 flow
2019-11-11 15:16:35 DEBUG cic.cs.unb.ca.jnetpcap.FlowGenerator    FlagFIN current has 19154 flow
2019-11-11 15:16:35 DEBUG cic.cs.unb.ca.jnetpcap.FlowGenerator    FlagFIN current has 19154 flow
2019-11-11 15:16:35 DEBUG cic.cs.unb.ca.jnetpcap.FlowGenerator    FlagFIN current has 19155 flow
2019-11-11 15:16:35 DEBUG cic.cs.unb.ca.jnetpcap.FlowGenerator    FlagFIN current has 19157 flow
2019-11-11 15:16:35 DEBUG cic.cs.unb.ca.jnetpcap.FlowGenerator    FlagFIN current has 19161 flow
2019-11-11 15:16:35 DEBUG cic.cs.unb.ca.jnetpcap.FlowGenerator    FlagFIN current has 19161 flow
2019-11-11 15:16:35 DEBUG cic.cs.unb.ca.jnetpcap.FlowGenerator    FlagFIN current has 19173 flow
2019-11-11 15:16:35 DEBUG cic.cs.unb.ca.jnetpcap.FlowGenerator    FlagFIN current has 19621 flow
2019-11-11 15:16:35 DEBUG cic.cs.unb.ca.jnetpcap.FlowGenerator    FlagFIN current has 19623 flow
2019-11-11 15:16:42 DEBUG cic.cs.unb.ca.jnetpcap.FlowGenerator    FlagFIN current has 19627 flow
2019-11-11 15:16:42 DEBUG cic.cs.unb.ca.jnetpcap.FlowGenerator    FlagFIN current has 19626 flow
2019-11-11 15:16:42 DEBUG cic.cs.unb.ca.jnetpcap.FlowGenerator    FlagFIN current has 20059 flow
2019-11-11 15:16:42 DEBUG cic.cs.unb.ca.jnetpcap.FlowGenerator    FlagFIN current has 20068 flow
2019-11-11 15:16:42 DEBUG cic.cs.unb.ca.jnetpcap.FlowGenerator    FlagFIN current has 20070 flow
2019-11-11 15:16:42 DEBUG cic.cs.unb.ca.jnetpcap.FlowGenerator    FlagFIN current has 20071 flow
2019-11-11 15:16:42 DEBUG cic.cs.unb.ca.jnetpcap.FlowGenerator    FlagFIN current has 20074 flow
2019-11-11 15:16:43 DEBUG cic.cs.unb.ca.jnetpcap.FlowGenerator    FlagFIN current has 20498 flow
2019-11-11 15:16:43 DEBUG cic.cs.unb.ca.jnetpcap.FlowGenerator    FlagFIN current has 20753 flow
2019-11-11 15:16:43 DEBUG cic.cs.unb.ca.jnetpcap.FlowGenerator    FlagFIN current has 20754 flow
2019-11-11 15:16:43 DEBUG cic.cs.unb.ca.jnetpcap.FlowGenerator    FlagFIN current has 20758 flow
2019-11-11 15:16:43 DEBUG cic.cs.unb.ca.jnetpcap.FlowGenerator    FlagFIN current has 20763 flow
2019-11-11 15:16:43 DEBUG cic.cs.unb.ca.jnetpcap.FlowGenerator    FlagFIN current has 20766 flow
2019-11-11 15:16:43 DEBUG cic.cs.unb.ca.jnetpcap.FlowGenerator    FlagFIN current has 20771 flow
2019-11-11 15:16:43 DEBUG cic.cs.unb.ca.jnetpcap.FlowGenerator    FlagFIN current has 20771 flow
2019-11-11 15:16:43 DEBUG cic.cs.unb.ca.jnetpcap.FlowGenerator    FlagFIN current has 20774 flow
2019-11-11 15:17:43 DEBUG cic.cs.unb.ca.jnetpcap.FlowGenerator    FlagFIN current has 21392 flow
2019-11-11 15:22:50 DEBUG cic.cs.unb.ca.jnetpcap.FlowGenerator    FlagFIN current has 24318 flow
2019-11-11 15:23:52 DEBUG cic.cs.unb.ca.jnetpcap.FlowGenerator    FlagFIN current has 24675 flow
2019-11-11 15:23:52 DEBUG cic.cs.unb.ca.jnetpcap.FlowGenerator    FlagFIN current has 24675 flow
2019-11-11 15:23:52 DEBUG cic.cs.unb.ca.jnetpcap.FlowGenerator    Timeout current has 24700 flow
2019-11-11 15:25:55 DEBUG cic.cs.unb.ca.jnetpcap.FlowGenerator    Timeout current has 25800 flow
2019-11-11 15:26:56 DEBUG cic.cs.unb.ca.jnetpcap.FlowGenerator    FlagFIN current has 26269 flow
2019-11-11 15:26:56 DEBUG cic.cs.unb.ca.jnetpcap.FlowGenerator    FlagFIN current has 26276 flow
2019-11-11 15:27:51 DEBUG cic.cs.unb.ca.jnetpcap.FlowGenerator    FlagFIN current has 30286 flow
2019-11-11 15:27:51 DEBUG cic.cs.unb.ca.jnetpcap.FlowGenerator    FlagFIN current has 30396 flow
2019-11-11 15:28:39 DEBUG cic.cs.unb.ca.jnetpcap.FlowGenerator    FlagFIN current has 30662 flow
2019-11-11 15:28:39 DEBUG cic.cs.unb.ca.jnetpcap.FlowGenerator    Timeout current has 30950 flow
2019-11-11 15:28:39 DEBUG cic.cs.unb.ca.jnetpcap.FlowGenerator    Timeout current has 30950 flow
2019-11-11 15:28:39 DEBUG cic.cs.unb.ca.jnetpcap.FlowGenerator    Timeout current has 30950 flow
2019-11-11 15:31:25 DEBUG cic.cs.unb.ca.jnetpcap.FlowGenerator    FlagFIN current has 32406 flow
2019-11-11 15:31:25 DEBUG cic.cs.unb.ca.jnetpcap.FlowGenerator    FlagFIN current has 32406 flow
2019-11-11 15:31:25 DEBUG cic.cs.unb.ca.jnetpcap.FlowGenerator    FlagFIN current has 32435 flow
2019-11-11 15:31:25 DEBUG cic.cs.unb.ca.jnetpcap.FlowGenerator    FlagFIN current has 32439 flow
2019-11-11 15:31:25 DEBUG cic.cs.unb.ca.jnetpcap.FlowGenerator    FlagFIN current has 32442 flow
2019-11-11 15:31:25 DEBUG cic.cs.unb.ca.jnetpcap.FlowGenerator    FlagFIN current has 32445 flow
2019-11-11 15:31:25 DEBUG cic.cs.unb.ca.jnetpcap.FlowGenerator    FlagFIN current has 32448 flow
2019-11-11 15:31:25 DEBUG cic.cs.unb.ca.jnetpcap.FlowGenerator    FlagFIN current has 32454 flow
2019-11-11 15:31:25 DEBUG cic.cs.unb.ca.jnetpcap.FlowGenerator    FlagFIN current has 32455 flow
2019-11-11 15:31:25 DEBUG cic.cs.unb.ca.jnetpcap.FlowGenerator    FlagFIN current has 32455 flow
2019-11-11 15:31:25 DEBUG cic.cs.unb.ca.jnetpcap.FlowGenerator    FlagFIN current has 32459 flow
2019-11-11 15:31:25 DEBUG cic.cs.unb.ca.jnetpcap.FlowGenerator    FlagFIN current has 32489 flow
2019-11-11 15:31:25 DEBUG cic.cs.unb.ca.jnetpcap.FlowGenerator    FlagFIN current has 32493 flow
2019-11-11 15:31:25 DEBUG cic.cs.unb.ca.jnetpcap.FlowGenerator    FlagFIN current has 32495 flow
2019-11-11 15:31:25 DEBUG cic.cs.unb.ca.jnetpcap.FlowGenerator    FlagFIN current has 32515 flow
2019-11-11 15:31:36 DEBUG cic.cs.unb.ca.jnetpcap.FlowGenerator    FlagFIN current has 32518 flow
2019-11-11 15:31:36 DEBUG cic.cs.unb.ca.jnetpcap.FlowGenerator    FlagFIN current has 32521 flow
2019-11-11 15:31:36 DEBUG cic.cs.unb.ca.jnetpcap.FlowGenerator    FlagFIN current has 32575 flow
2019-11-11 15:31:36 DEBUG cic.cs.unb.ca.jnetpcap.FlowGenerator    FlagFIN current has 32575 flow
2019-11-11 15:31:36 DEBUG cic.cs.unb.ca.jnetpcap.FlowGenerator    FlagFIN current has 32579 flow
2019-11-11 15:31:36 DEBUG cic.cs.unb.ca.jnetpcap.FlowGenerator    FlagFIN current has 32580 flow
2019-11-11 15:31:36 DEBUG cic.cs.unb.ca.jnetpcap.FlowGenerator    FlagFIN current has 32616 flow
2019-11-11 15:31:36 DEBUG cic.cs.unb.ca.jnetpcap.FlowGenerator    FlagFIN current has 32619 flow
2019-11-11 15:31:36 DEBUG cic.cs.unb.ca.jnetpcap.FlowGenerator    FlagFIN current has 33032 flow
2019-11-11 15:31:36 DEBUG cic.cs.unb.ca.jnetpcap.FlowGenerator    FlagFIN current has 33042 flow
2019-11-11 15:31:36 DEBUG cic.cs.unb.ca.jnetpcap.FlowGenerator    FlagFIN current has 33045 flow
2019-11-11 15:31:41 DEBUG cic.cs.unb.ca.jnetpcap.FlowGenerator    FlagFIN current has 33501 flow
2019-11-11 15:31:41 DEBUG cic.cs.unb.ca.jnetpcap.FlowGenerator    FlagFIN current has 33505 flow
2019-11-11 15:31:42 DEBUG cic.cs.unb.ca.jnetpcap.FlowGenerator    FlagFIN current has 34330 flow
2019-11-11 15:31:42 DEBUG cic.cs.unb.ca.jnetpcap.FlowGenerator    FlagFIN current has 34333 flow
2019-11-11 15:31:42 DEBUG cic.cs.unb.ca.jnetpcap.FlowGenerator    FlagFIN current has 34339 flow
2019-11-11 15:31:42 DEBUG cic.cs.unb.ca.jnetpcap.FlowGenerator    FlagFIN current has 34352 flow
2019-11-11 15:31:42 DEBUG cic.cs.unb.ca.jnetpcap.FlowGenerator    FlagFIN current has 34355 flow
2019-11-11 15:31:48 DEBUG cic.cs.unb.ca.jnetpcap.FlowGenerator    FlagFIN current has 34776 flow
2019-11-11 15:31:48 DEBUG cic.cs.unb.ca.jnetpcap.FlowGenerator    FlagFIN current has 35198 flow
2019-11-11 15:31:48 DEBUG cic.cs.unb.ca.jnetpcap.FlowGenerator    FlagFIN current has 35202 flow
2019-11-11 15:31:48 DEBUG cic.cs.unb.ca.jnetpcap.FlowGenerator    FlagFIN current has 35203 flow
2019-11-11 15:31:48 DEBUG cic.cs.unb.ca.jnetpcap.FlowGenerator    FlagFIN current has 35205 flow
2019-11-11 15:31:53 DEBUG cic.cs.unb.ca.jnetpcap.FlowGenerator    FlagFIN current has 36114 flow
2019-11-11 15:31:53 DEBUG cic.cs.unb.ca.jnetpcap.FlowGenerator    FlagFIN current has 36113 flow
2019-11-11 15:31:53 DEBUG cic.cs.unb.ca.jnetpcap.FlowGenerator    FlagFIN current has 36114 flow
2019-11-11 15:31:53 DEBUG cic.cs.unb.ca.jnetpcap.FlowGenerator    FlagFIN current has 36125 flow
2019-11-11 15:31:53 DEBUG cic.cs.unb.ca.jnetpcap.FlowGenerator    FlagFIN current has 36580 flow
2019-11-11 15:31:53 DEBUG cic.cs.unb.ca.jnetpcap.FlowGenerator    FlagFIN current has 36580 flow
2019-11-11 15:31:53 DEBUG cic.cs.unb.ca.jnetpcap.FlowGenerator    FlagFIN current has 36582 flow
2019-11-11 15:31:53 DEBUG cic.cs.unb.ca.jnetpcap.FlowGenerator    FlagFIN current has 36585 flow
2019-11-11 15:32:27 DEBUG cic.cs.unb.ca.jnetpcap.FlowGenerator    Timeout current has 39400 flow
2019-11-11 15:32:27 DEBUG cic.cs.unb.ca.jnetpcap.FlowGenerator    Timeout current has 40000 flow
2019-11-11 15:33:27 DEBUG cic.cs.unb.ca.jnetpcap.FlowGenerator    FlagFIN current has 40140 flow
2019-11-11 15:34:09 DEBUG cic.cs.unb.ca.jnetpcap.FlowGenerator    FlagFIN current has 40787 flow
2019-11-11 15:34:09 DEBUG cic.cs.unb.ca.jnetpcap.FlowGenerator    FlagFIN current has 40800 flow
2019-11-11 15:34:09 DEBUG cic.cs.unb.ca.jnetpcap.FlowGenerator    FlagFIN current has 40800 flow
2019-11-11 15:34:37 DEBUG cic.cs.unb.ca.jnetpcap.FlowGenerator    FlagFIN current has 41165 flow
2019-11-11 15:34:37 DEBUG cic.cs.unb.ca.jnetpcap.FlowGenerator    FlagFIN current has 41177 flow
2019-11-11 15:34:37 DEBUG cic.cs.unb.ca.jnetpcap.FlowGenerator    FlagFIN current has 41177 flow
2019-11-11 15:34:37 DEBUG cic.cs.unb.ca.jnetpcap.FlowGenerator    FlagFIN current has 41181 flow
2019-11-11 15:34:37 DEBUG cic.cs.unb.ca.jnetpcap.FlowGenerator    FlagFIN current has 41181 flow
2019-11-11 15:34:37 DEBUG cic.cs.unb.ca.jnetpcap.FlowGenerator    FlagFIN current has 41182 flow
2019-11-11 15:34:37 DEBUG cic.cs.unb.ca.jnetpcap.FlowGenerator    FlagFIN current has 41183 flow
2019-11-11 15:34:37 DEBUG cic.cs.unb.ca.jnetpcap.FlowGenerator    FlagFIN current has 41191 flow
2019-11-11 15:34:37 DEBUG cic.cs.unb.ca.jnetpcap.FlowGenerator    Timeout current has 41200 flow
2019-11-11 15:34:37 DEBUG cic.cs.unb.ca.jnetpcap.FlowGenerator    FlagFIN current has 41217 flow
2019-11-11 15:34:48 DEBUG cic.cs.unb.ca.jnetpcap.FlowGenerator    FlagFIN current has 41253 flow
2019-11-11 15:34:48 DEBUG cic.cs.unb.ca.jnetpcap.FlowGenerator    FlagFIN current has 41253 flow
2019-11-11 15:34:48 DEBUG cic.cs.unb.ca.jnetpcap.FlowGenerator    FlagFIN current has 41300 flow
2019-11-11 15:34:48 DEBUG cic.cs.unb.ca.jnetpcap.FlowGenerator    FlagFIN current has 41300 flow
2019-11-11 15:34:48 DEBUG cic.cs.unb.ca.jnetpcap.FlowGenerator    FlagFIN current has 41302 flow
2019-11-11 15:34:48 DEBUG cic.cs.unb.ca.jnetpcap.FlowGenerator    FlagFIN current has 41319 flow
2019-11-11 15:34:48 DEBUG cic.cs.unb.ca.jnetpcap.FlowGenerator    FlagFIN current has 41320 flow
2019-11-11 15:34:48 DEBUG cic.cs.unb.ca.jnetpcap.FlowGenerator    FlagFIN current has 41326 flow
2019-11-11 15:34:48 DEBUG cic.cs.unb.ca.jnetpcap.FlowGenerator    FlagFIN current has 41325 flow
2019-11-11 15:34:48 DEBUG cic.cs.unb.ca.jnetpcap.FlowGenerator    FlagFIN current has 41327 flow
2019-11-11 15:34:48 DEBUG cic.cs.unb.ca.jnetpcap.FlowGenerator    FlagFIN current has 41335 flow
2019-11-11 15:34:48 DEBUG cic.cs.unb.ca.jnetpcap.FlowGenerator    FlagFIN current has 41341 flow
2019-11-11 15:34:48 DEBUG cic.cs.unb.ca.jnetpcap.FlowGenerator    FlagFIN current has 41348 flow
2019-11-11 15:34:48 DEBUG cic.cs.unb.ca.jnetpcap.FlowGenerator    FlagFIN current has 41379 flow
2019-11-11 15:34:48 DEBUG cic.cs.unb.ca.jnetpcap.FlowGenerator    FlagFIN current has 41379 flow
2019-11-11 15:34:48 DEBUG cic.cs.unb.ca.jnetpcap.FlowGenerator    FlagFIN current has 41380 flow
2019-11-11 15:34:48 DEBUG cic.cs.unb.ca.jnetpcap.FlowGenerator    FlagFIN current has 41381 flow
2019-11-11 15:34:48 DEBUG cic.cs.unb.ca.jnetpcap.FlowGenerator    FlagFIN current has 41381 flow
2019-11-11 15:34:48 DEBUG cic.cs.unb.ca.jnetpcap.FlowGenerator    FlagFIN current has 41412 flow
2019-11-11 15:34:48 DEBUG cic.cs.unb.ca.jnetpcap.FlowGenerator    FlagFIN current has 41417 flow
2019-11-11 15:34:48 DEBUG cic.cs.unb.ca.jnetpcap.FlowGenerator    FlagFIN current has 41420 flow
2019-11-11 15:34:48 DEBUG cic.cs.unb.ca.jnetpcap.FlowGenerator    FlagFIN current has 41420 flow
2019-11-11 15:34:48 DEBUG cic.cs.unb.ca.jnetpcap.FlowGenerator    FlagFIN current has 41430 flow
2019-11-11 15:35:28 DEBUG cic.cs.unb.ca.jnetpcap.FlowGenerator    FlagFIN current has 41446 flow
2019-11-11 15:35:28 DEBUG cic.cs.unb.ca.jnetpcap.FlowGenerator    FlagFIN current has 41493 flow
2019-11-11 15:35:28 DEBUG cic.cs.unb.ca.jnetpcap.FlowGenerator    FlagFIN current has 41498 flow
2019-11-11 15:35:28 DEBUG cic.cs.unb.ca.jnetpcap.FlowGenerator    FlagFIN current has 41504 flow
2019-11-11 15:35:28 DEBUG cic.cs.unb.ca.jnetpcap.FlowGenerator    FlagFIN current has 41735 flow
2019-11-11 15:35:28 DEBUG cic.cs.unb.ca.jnetpcap.FlowGenerator    FlagFIN current has 41735 flow
2019-11-11 15:35:28 DEBUG cic.cs.unb.ca.jnetpcap.FlowGenerator    FlagFIN current has 41735 flow
2019-11-11 15:35:28 DEBUG cic.cs.unb.ca.jnetpcap.FlowGenerator    FlagFIN current has 41736 flow
2019-11-11 15:35:28 DEBUG cic.cs.unb.ca.jnetpcap.FlowGenerator    FlagFIN current has 41752 flow
2019-11-11 15:35:28 DEBUG cic.cs.unb.ca.jnetpcap.FlowGenerator    FlagFIN current has 41752 flow
2019-11-11 15:35:28 DEBUG cic.cs.unb.ca.jnetpcap.FlowGenerator    FlagFIN current has 41765 flow
2019-11-11 15:35:28 DEBUG cic.cs.unb.ca.jnetpcap.FlowGenerator    FlagFIN current has 41765 flow
2019-11-11 15:35:28 DEBUG cic.cs.unb.ca.jnetpcap.FlowGenerator    FlagFIN current has 41766 flow
2019-11-11 15:35:59 DEBUG cic.cs.unb.ca.jnetpcap.FlowGenerator    FlagFIN current has 41863 flow
2019-11-11 15:35:59 DEBUG cic.cs.unb.ca.jnetpcap.FlowGenerator    FlagFIN current has 41870 flow
2019-11-11 15:35:59 DEBUG cic.cs.unb.ca.jnetpcap.FlowGenerator    FlagFIN current has 41878 flow
2019-11-11 15:35:59 DEBUG cic.cs.unb.ca.jnetpcap.FlowGenerator    FlagFIN current has 41900 flow
2019-11-11 15:35:59 DEBUG cic.cs.unb.ca.jnetpcap.FlowGenerator    FlagFIN current has 41902 flow
2019-11-11 15:35:59 DEBUG cic.cs.unb.ca.jnetpcap.FlowGenerator    FlagFIN current has 41907 flow
2019-11-11 15:35:59 DEBUG cic.cs.unb.ca.jnetpcap.FlowGenerator    FlagFIN current has 41907 flow
2019-11-11 15:35:59 DEBUG cic.cs.unb.ca.jnetpcap.FlowGenerator    FlagFIN current has 41908 flow
2019-11-11 15:35:59 DEBUG cic.cs.unb.ca.jnetpcap.FlowGenerator    FlagFIN current has 41908 flow
2019-11-11 15:35:59 DEBUG cic.cs.unb.ca.jnetpcap.FlowGenerator    FlagFIN current has 41908 flow
2019-11-11 15:35:59 DEBUG cic.cs.unb.ca.jnetpcap.FlowGenerator    FlagFIN current has 41932 flow
2019-11-11 15:35:59 DEBUG cic.cs.unb.ca.jnetpcap.FlowGenerator    FlagFIN current has 41958 flow
2019-11-11 15:35:59 DEBUG cic.cs.unb.ca.jnetpcap.FlowGenerator    FlagFIN current has 41963 flow
2019-11-11 15:35:59 DEBUG cic.cs.unb.ca.jnetpcap.FlowGenerator    FlagFIN current has 41963 flow
2019-11-11 15:35:59 DEBUG cic.cs.unb.ca.jnetpcap.FlowGenerator    FlagFIN current has 41964 flow
2019-11-11 15:35:59 DEBUG cic.cs.unb.ca.jnetpcap.FlowGenerator    FlagFIN current has 41963 flow
2019-11-11 15:35:59 DEBUG cic.cs.unb.ca.jnetpcap.FlowGenerator    FlagFIN current has 41975 flow
2019-11-11 15:35:59 DEBUG cic.cs.unb.ca.jnetpcap.FlowGenerator    FlagFIN current has 41983 flow
2019-11-11 15:37:31 DEBUG cic.cs.unb.ca.jnetpcap.FlowGenerator    FlagFIN current has 42561 flow
2019-11-11 15:37:31 DEBUG cic.cs.unb.ca.jnetpcap.FlowGenerator    FlagFIN current has 42563 flow
2019-11-11 15:37:31 DEBUG cic.cs.unb.ca.jnetpcap.FlowGenerator    FlagFIN current has 42565 flow
2019-11-11 15:37:31 DEBUG cic.cs.unb.ca.jnetpcap.FlowGenerator    FlagFIN current has 42567 flow
2019-11-11 15:37:31 DEBUG cic.cs.unb.ca.jnetpcap.FlowGenerator    FlagFIN current has 42586 flow
2019-11-11 15:37:31 DEBUG cic.cs.unb.ca.jnetpcap.FlowGenerator    FlagFIN current has 42617 flow
2019-11-11 15:37:31 DEBUG cic.cs.unb.ca.jnetpcap.FlowGenerator    FlagFIN current has 42624 flow
2019-11-11 15:37:31 DEBUG cic.cs.unb.ca.jnetpcap.FlowGenerator    FlagFIN current has 42625 flow
2019-11-11 15:37:31 DEBUG cic.cs.unb.ca.jnetpcap.FlowGenerator    FlagFIN current has 42644 flow
2019-11-11 15:37:31 DEBUG cic.cs.unb.ca.jnetpcap.FlowGenerator    FlagFIN current has 42661 flow
2019-11-11 15:37:31 DEBUG cic.cs.unb.ca.jnetpcap.FlowGenerator    FlagFIN current has 42663 flow
2019-11-11 15:37:31 DEBUG cic.cs.unb.ca.jnetpcap.FlowGenerator    FlagFIN current has 42664 flow
2019-11-11 15:37:31 DEBUG cic.cs.unb.ca.jnetpcap.FlowGenerator    FlagFIN current has 42665 flow
2019-11-11 15:37:31 DEBUG cic.cs.unb.ca.jnetpcap.FlowGenerator    FlagFIN current has 42668 flow
2019-11-11 15:37:31 DEBUG cic.cs.unb.ca.jnetpcap.FlowGenerator    FlagFIN current has 42686 flow
2019-11-11 15:37:31 DEBUG cic.cs.unb.ca.jnetpcap.FlowGenerator    FlagFIN current has 42695 flow
2019-11-11 15:37:31 DEBUG cic.cs.unb.ca.jnetpcap.FlowGenerator    FlagFIN current has 42697 flow
2019-11-11 15:37:31 DEBUG cic.cs.unb.ca.jnetpcap.FlowGenerator    FlagFIN current has 42704 flow
2019-11-11 15:37:31 DEBUG cic.cs.unb.ca.jnetpcap.FlowGenerator    FlagFIN current has 42706 flow
2019-11-11 15:37:31 DEBUG cic.cs.unb.ca.jnetpcap.FlowGenerator    FlagFIN current has 42708 flow
2019-11-11 15:37:31 DEBUG cic.cs.unb.ca.jnetpcap.FlowGenerator    FlagFIN current has 42725 flow
2019-11-11 15:37:31 DEBUG cic.cs.unb.ca.jnetpcap.FlowGenerator    FlagFIN current has 42727 flow
2019-11-11 15:37:31 DEBUG cic.cs.unb.ca.jnetpcap.FlowGenerator    FlagFIN current has 42732 flow
2019-11-11 15:37:31 DEBUG cic.cs.unb.ca.jnetpcap.FlowGenerator    FlagFIN current has 42731 flow
2019-11-11 15:37:31 DEBUG cic.cs.unb.ca.jnetpcap.FlowGenerator    FlagFIN current has 42733 flow
2019-11-11 15:37:31 DEBUG cic.cs.unb.ca.jnetpcap.FlowGenerator    FlagFIN current has 42755 flow
2019-11-11 15:37:31 DEBUG cic.cs.unb.ca.jnetpcap.FlowGenerator    FlagFIN current has 42763 flow
2019-11-11 15:37:31 DEBUG cic.cs.unb.ca.jnetpcap.FlowGenerator    FlagFIN current has 42766 flow
2019-11-11 15:37:31 DEBUG cic.cs.unb.ca.jnetpcap.FlowGenerator    FlagFIN current has 42836 flow
2019-11-11 15:37:50 DEBUG cic.cs.unb.ca.jnetpcap.FlowGenerator    FlagFIN current has 42973 flow
2019-11-11 15:37:50 DEBUG cic.cs.unb.ca.jnetpcap.FlowGenerator    FlagFIN current has 42994 flow
2019-11-11 15:37:50 DEBUG cic.cs.unb.ca.jnetpcap.FlowGenerator    FlagFIN current has 42995 flow
2019-11-11 15:37:50 DEBUG cic.cs.unb.ca.jnetpcap.FlowGenerator    FlagFIN current has 43002 flow
2019-11-11 15:37:50 DEBUG cic.cs.unb.ca.jnetpcap.FlowGenerator    FlagFIN current has 43008 flow
2019-11-11 15:37:50 DEBUG cic.cs.unb.ca.jnetpcap.FlowGenerator    FlagFIN current has 43009 flow
2019-11-11 15:37:50 DEBUG cic.cs.unb.ca.jnetpcap.FlowGenerator    FlagFIN current has 43008 flow
2019-11-11 15:37:50 DEBUG cic.cs.unb.ca.jnetpcap.FlowGenerator    FlagFIN current has 43033 flow
2019-11-11 15:37:50 DEBUG cic.cs.unb.ca.jnetpcap.FlowGenerator    FlagFIN current has 43043 flow
2019-11-11 15:37:50 DEBUG cic.cs.unb.ca.jnetpcap.FlowGenerator    FlagFIN current has 43047 flow
2019-11-11 15:37:50 DEBUG cic.cs.unb.ca.jnetpcap.FlowGenerator    FlagFIN current has 43048 flow
2019-11-11 15:37:50 DEBUG cic.cs.unb.ca.jnetpcap.FlowGenerator    FlagFIN current has 43050 flow
2019-11-11 15:37:50 DEBUG cic.cs.unb.ca.jnetpcap.FlowGenerator    FlagFIN current has 43052 flow
2019-11-11 15:37:50 DEBUG cic.cs.unb.ca.jnetpcap.FlowGenerator    FlagFIN current has 43072 flow
2019-11-11 15:37:50 DEBUG cic.cs.unb.ca.jnetpcap.FlowGenerator    FlagFIN current has 43071 flow
2019-11-11 15:37:50 DEBUG cic.cs.unb.ca.jnetpcap.FlowGenerator    FlagFIN current has 43086 flow
2019-11-11 15:37:50 DEBUG cic.cs.unb.ca.jnetpcap.FlowGenerator    FlagFIN current has 43090 flow
2019-11-11 15:37:50 DEBUG cic.cs.unb.ca.jnetpcap.FlowGenerator    FlagFIN current has 43090 flow
2019-11-11 15:37:50 DEBUG cic.cs.unb.ca.jnetpcap.FlowGenerator    FlagFIN current has 43090 flow
2019-11-11 15:37:50 DEBUG cic.cs.unb.ca.jnetpcap.FlowGenerator    FlagFIN current has 43098 flow
2019-11-11 15:37:50 DEBUG cic.cs.unb.ca.jnetpcap.FlowGenerator    FlagFIN current has 43110 flow
2019-11-11 15:37:50 DEBUG cic.cs.unb.ca.jnetpcap.FlowGenerator    FlagFIN current has 43112 flow
2019-11-11 15:37:50 DEBUG cic.cs.unb.ca.jnetpcap.FlowGenerator    FlagFIN current has 43126 flow
2019-11-11 15:37:50 DEBUG cic.cs.unb.ca.jnetpcap.FlowGenerator    FlagFIN current has 43128 flow
2019-11-11 15:38:22 DEBUG cic.cs.unb.ca.jnetpcap.FlowGenerator    FlagFIN current has 43149 flow
2019-11-11 15:38:22 DEBUG cic.cs.unb.ca.jnetpcap.FlowGenerator    FlagFIN current has 43150 flow
2019-11-11 15:38:22 DEBUG cic.cs.unb.ca.jnetpcap.FlowGenerator    FlagFIN current has 43155 flow
2019-11-11 15:38:22 DEBUG cic.cs.unb.ca.jnetpcap.FlowGenerator    FlagFIN current has 43155 flow
2019-11-11 15:38:22 DEBUG cic.cs.unb.ca.jnetpcap.FlowGenerator    FlagFIN current has 43156 flow
2019-11-11 15:38:22 DEBUG cic.cs.unb.ca.jnetpcap.FlowGenerator    FlagFIN current has 43157 flow
2019-11-11 15:38:22 DEBUG cic.cs.unb.ca.jnetpcap.FlowGenerator    FlagFIN current has 43165 flow
2019-11-11 15:38:22 DEBUG cic.cs.unb.ca.jnetpcap.FlowGenerator    FlagFIN current has 43188 flow
2019-11-11 15:38:22 DEBUG cic.cs.unb.ca.jnetpcap.FlowGenerator    FlagFIN current has 43189 flow
2019-11-11 15:38:22 DEBUG cic.cs.unb.ca.jnetpcap.FlowGenerator    FlagFIN current has 43188 flow
2019-11-11 15:38:22 DEBUG cic.cs.unb.ca.jnetpcap.FlowGenerator    FlagFIN current has 43189 flow
2019-11-11 15:38:22 DEBUG cic.cs.unb.ca.jnetpcap.FlowGenerator    FlagFIN current has 43189 flow
2019-11-11 15:38:22 DEBUG cic.cs.unb.ca.jnetpcap.FlowGenerator    FlagFIN current has 43395 flow
2019-11-11 15:38:22 DEBUG cic.cs.unb.ca.jnetpcap.FlowGenerator    FlagFIN current has 43395 flow
2019-11-11 15:38:22 DEBUG cic.cs.unb.ca.jnetpcap.FlowGenerator    FlagFIN current has 43395 flow
2019-11-11 15:38:22 DEBUG cic.cs.unb.ca.jnetpcap.FlowGenerator    FlagFIN current has 43395 flow
2019-11-11 15:38:22 DEBUG cic.cs.unb.ca.jnetpcap.FlowGenerator    FlagFIN current has 43399 flow
2019-11-11 15:38:22 DEBUG cic.cs.unb.ca.jnetpcap.FlowGenerator    FlagFIN current has 43399 flow
2019-11-11 15:38:22 DEBUG cic.cs.unb.ca.jnetpcap.FlowGenerator    FlagFIN current has 43423 flow
2019-11-11 15:38:22 DEBUG cic.cs.unb.ca.jnetpcap.FlowGenerator    FlagFIN current has 43423 flow
2019-11-11 15:38:22 DEBUG cic.cs.unb.ca.jnetpcap.FlowGenerator    FlagFIN current has 43424 flow
2019-11-11 15:38:22 DEBUG cic.cs.unb.ca.jnetpcap.FlowGenerator    FlagFIN current has 43440 flow
2019-11-11 15:38:22 DEBUG cic.cs.unb.ca.jnetpcap.FlowGenerator    FlagFIN current has 43441 flow
2019-11-11 15:38:22 DEBUG cic.cs.unb.ca.jnetpcap.FlowGenerator    FlagFIN current has 43442 flow
2019-11-11 15:38:22 DEBUG cic.cs.unb.ca.jnetpcap.FlowGenerator    FlagFIN current has 43449 flow
2019-11-11 15:38:22 DEBUG cic.cs.unb.ca.jnetpcap.FlowGenerator    FlagFIN current has 43453 flow
2019-11-11 15:38:22 DEBUG cic.cs.unb.ca.jnetpcap.FlowGenerator    FlagFIN current has 43457 flow
2019-11-11 15:38:56 DEBUG cic.cs.unb.ca.jnetpcap.FlowGenerator    FlagFIN current has 43467 flow
2019-11-11 15:38:56 DEBUG cic.cs.unb.ca.jnetpcap.FlowGenerator    FlagFIN current has 43486 flow
2019-11-11 15:38:56 DEBUG cic.cs.unb.ca.jnetpcap.FlowGenerator    FlagFIN current has 43487 flow
2019-11-11 15:38:56 DEBUG cic.cs.unb.ca.jnetpcap.FlowGenerator    FlagFIN current has 43489 flow
2019-11-11 15:38:56 DEBUG cic.cs.unb.ca.jnetpcap.FlowGenerator    FlagFIN current has 43489 flow
2019-11-11 15:38:56 DEBUG cic.cs.unb.ca.jnetpcap.FlowGenerator    FlagFIN current has 43512 flow
2019-11-11 15:38:56 DEBUG cic.cs.unb.ca.jnetpcap.FlowGenerator    FlagFIN current has 43513 flow
2019-11-11 15:38:56 DEBUG cic.cs.unb.ca.jnetpcap.FlowGenerator    FlagFIN current has 43520 flow
2019-11-11 15:38:56 DEBUG cic.cs.unb.ca.jnetpcap.FlowGenerator    FlagFIN current has 43524 flow
2019-11-11 15:38:56 DEBUG cic.cs.unb.ca.jnetpcap.FlowGenerator    FlagFIN current has 43524 flow
2019-11-11 15:38:56 DEBUG cic.cs.unb.ca.jnetpcap.FlowGenerator    FlagFIN current has 43753 flow
2019-11-11 15:38:56 DEBUG cic.cs.unb.ca.jnetpcap.FlowGenerator    FlagFIN current has 43755 flow
2019-11-11 15:38:56 DEBUG cic.cs.unb.ca.jnetpcap.FlowGenerator    FlagFIN current has 43754 flow
2019-11-11 15:38:56 DEBUG cic.cs.unb.ca.jnetpcap.FlowGenerator    FlagFIN current has 43754 flow
2019-11-11 15:38:56 DEBUG cic.cs.unb.ca.jnetpcap.FlowGenerator    FlagFIN current has 43754 flow
2019-11-11 15:38:56 DEBUG cic.cs.unb.ca.jnetpcap.FlowGenerator    FlagFIN current has 43778 flow
2019-11-11 15:38:56 DEBUG cic.cs.unb.ca.jnetpcap.FlowGenerator    FlagFIN current has 43781 flow
2019-11-11 15:38:56 DEBUG cic.cs.unb.ca.jnetpcap.FlowGenerator    FlagFIN current has 43781 flow
2019-11-11 15:38:56 DEBUG cic.cs.unb.ca.jnetpcap.FlowGenerator    FlagFIN current has 43781 flow
2019-11-11 15:38:56 DEBUG cic.cs.unb.ca.jnetpcap.FlowGenerator    FlagFIN current has 43781 flow
2019-11-11 15:38:56 DEBUG cic.cs.unb.ca.jnetpcap.FlowGenerator    FlagFIN current has 43784 flow
2019-11-11 15:38:56 DEBUG cic.cs.unb.ca.jnetpcap.FlowGenerator    FlagFIN current has 43791 flow
2019-11-11 15:38:56 DEBUG cic.cs.unb.ca.jnetpcap.FlowGenerator    FlagFIN current has 43801 flow
2019-11-11 15:38:56 DEBUG cic.cs.unb.ca.jnetpcap.FlowGenerator    FlagFIN current has 43804 flow
2019-11-11 15:38:56 DEBUG cic.cs.unb.ca.jnetpcap.FlowGenerator    FlagFIN current has 43806 flow
2019-11-11 15:38:56 DEBUG cic.cs.unb.ca.jnetpcap.FlowGenerator    FlagFIN current has 43807 flow
2019-11-11 15:38:56 DEBUG cic.cs.unb.ca.jnetpcap.FlowGenerator    FlagFIN current has 43843 flow
2019-11-11 15:38:56 DEBUG cic.cs.unb.ca.jnetpcap.FlowGenerator    FlagFIN current has 43883 flow
2019-11-11 15:38:56 DEBUG cic.cs.unb.ca.jnetpcap.FlowGenerator    FlagFIN current has 43883 flow
2019-11-11 15:38:56 DEBUG cic.cs.unb.ca.jnetpcap.FlowGenerator    FlagFIN current has 43883 flow
2019-11-11 15:38:56 DEBUG cic.cs.unb.ca.jnetpcap.FlowGenerator    FlagFIN current has 43886 flow
2019-11-11 15:38:56 DEBUG cic.cs.unb.ca.jnetpcap.FlowGenerator    FlagFIN current has 43897 flow
2019-11-11 15:38:56 DEBUG cic.cs.unb.ca.jnetpcap.FlowGenerator    FlagFIN current has 43947 flow
2019-11-11 15:38:56 DEBUG cic.cs.unb.ca.jnetpcap.FlowGenerator    FlagFIN current has 43948 flow
2019-11-11 15:38:56 DEBUG cic.cs.unb.ca.jnetpcap.FlowGenerator    FlagFIN current has 43977 flow
2019-11-11 15:38:56 DEBUG cic.cs.unb.ca.jnetpcap.FlowGenerator    FlagFIN current has 43983 flow
2019-11-11 15:38:56 DEBUG cic.cs.unb.ca.jnetpcap.FlowGenerator    FlagFIN current has 43984 flow
2019-11-11 15:39:56 DEBUG cic.cs.unb.ca.jnetpcap.FlowGenerator    FlagFIN current has 43995 flow
2019-11-11 15:39:56 DEBUG cic.cs.unb.ca.jnetpcap.FlowGenerator    FlagFIN current has 43996 flow
2019-11-11 15:39:56 DEBUG cic.cs.unb.ca.jnetpcap.FlowGenerator    FlagFIN current has 43997 flow
2019-11-11 15:39:56 DEBUG cic.cs.unb.ca.jnetpcap.FlowGenerator    FlagFIN current has 43997 flow
2019-11-11 15:39:56 DEBUG cic.cs.unb.ca.jnetpcap.FlowGenerator    FlagFIN current has 44004 flow
2019-11-11 15:39:56 DEBUG cic.cs.unb.ca.jnetpcap.FlowGenerator    FlagFIN current has 44003 flow
2019-11-11 15:39:56 DEBUG cic.cs.unb.ca.jnetpcap.FlowGenerator    FlagFIN current has 44014 flow
2019-11-11 15:39:56 DEBUG cic.cs.unb.ca.jnetpcap.FlowGenerator    FlagFIN current has 44015 flow
2019-11-11 15:39:56 DEBUG cic.cs.unb.ca.jnetpcap.FlowGenerator    FlagFIN current has 44035 flow
2019-11-11 15:39:56 DEBUG cic.cs.unb.ca.jnetpcap.FlowGenerator    FlagFIN current has 44037 flow
2019-11-11 15:39:56 DEBUG cic.cs.unb.ca.jnetpcap.FlowGenerator    FlagFIN current has 44040 flow
2019-11-11 15:39:56 DEBUG cic.cs.unb.ca.jnetpcap.FlowGenerator    FlagFIN current has 44041 flow
2019-11-11 15:39:56 DEBUG cic.cs.unb.ca.jnetpcap.FlowGenerator    FlagFIN current has 44050 flow
2019-11-11 15:39:56 DEBUG cic.cs.unb.ca.jnetpcap.FlowGenerator    FlagFIN current has 44115 flow
2019-11-11 15:39:56 DEBUG cic.cs.unb.ca.jnetpcap.FlowGenerator    FlagFIN current has 44115 flow
2019-11-11 15:39:56 DEBUG cic.cs.unb.ca.jnetpcap.FlowGenerator    FlagFIN current has 44115 flow
2019-11-11 15:40:58 DEBUG cic.cs.unb.ca.jnetpcap.FlowGenerator    Timeout current has 44900 flow
2019-11-11 15:43:01 DEBUG cic.cs.unb.ca.jnetpcap.FlowGenerator    Timeout current has 45600 flow
2019-11-11 15:43:01 DEBUG cic.cs.unb.ca.jnetpcap.FlowGenerator    FlagFIN current has 45860 flow
2019-11-11 15:44:02 DEBUG cic.cs.unb.ca.jnetpcap.FlowGenerator    Timeout current has 46200 flow
2019-11-11 15:47:26 DEBUG cic.cs.unb.ca.jnetpcap.FlowGenerator    Timeout current has 48550 flow
2019-11-11 15:47:26 DEBUG cic.cs.unb.ca.jnetpcap.FlowGenerator    FlagFIN current has 48866 flow
2019-11-11 15:47:26 DEBUG cic.cs.unb.ca.jnetpcap.FlowGenerator    FlagFIN current has 48879 flow
2019-11-11 15:47:26 DEBUG cic.cs.unb.ca.jnetpcap.FlowGenerator    FlagFIN current has 48879 flow
2019-11-11 15:48:10 DEBUG cic.cs.unb.ca.jnetpcap.FlowGenerator    FlagFIN current has 48937 flow
2019-11-11 15:48:10 DEBUG cic.cs.unb.ca.jnetpcap.FlowGenerator    FlagFIN current has 48945 flow
2019-11-11 15:48:10 DEBUG cic.cs.unb.ca.jnetpcap.FlowGenerator    FlagFIN current has 48946 flow
2019-11-11 15:48:10 DEBUG cic.cs.unb.ca.jnetpcap.FlowGenerator    FlagFIN current has 48946 flow
2019-11-11 15:48:10 DEBUG cic.cs.unb.ca.jnetpcap.FlowGenerator    FlagFIN current has 48952 flow
2019-11-11 15:48:10 DEBUG cic.cs.unb.ca.jnetpcap.FlowGenerator    FlagFIN current has 48956 flow
2019-11-11 15:48:10 DEBUG cic.cs.unb.ca.jnetpcap.FlowGenerator    FlagFIN current has 48957 flow
2019-11-11 15:48:10 DEBUG cic.cs.unb.ca.jnetpcap.FlowGenerator    FlagFIN current has 48957 flow
2019-11-11 15:48:10 DEBUG cic.cs.unb.ca.jnetpcap.FlowGenerator    FlagFIN current has 48976 flow
2019-11-11 15:48:10 DEBUG cic.cs.unb.ca.jnetpcap.FlowGenerator    FlagFIN current has 48977 flow
2019-11-11 15:48:10 DEBUG cic.cs.unb.ca.jnetpcap.FlowGenerator    FlagFIN current has 48980 flow
2019-11-11 15:48:10 DEBUG cic.cs.unb.ca.jnetpcap.FlowGenerator    FlagFIN current has 48979 flow
2019-11-11 15:48:10 DEBUG cic.cs.unb.ca.jnetpcap.FlowGenerator    FlagFIN current has 48979 flow
2019-11-11 15:48:10 DEBUG cic.cs.unb.ca.jnetpcap.FlowGenerator    FlagFIN current has 49051 flow
2019-11-11 15:48:10 DEBUG cic.cs.unb.ca.jnetpcap.FlowGenerator    FlagFIN current has 49128 flow
2019-11-11 15:48:10 DEBUG cic.cs.unb.ca.jnetpcap.FlowGenerator    FlagFIN current has 49145 flow
2019-11-11 15:48:10 DEBUG cic.cs.unb.ca.jnetpcap.FlowGenerator    FlagFIN current has 49148 flow
2019-11-11 15:48:10 DEBUG cic.cs.unb.ca.jnetpcap.FlowGenerator    FlagFIN current has 49187 flow
2019-11-11 15:48:10 DEBUG cic.cs.unb.ca.jnetpcap.FlowGenerator    FlagFIN current has 49227 flow
2019-11-11 15:48:10 DEBUG cic.cs.unb.ca.jnetpcap.FlowGenerator    FlagFIN current has 49241 flow
2019-11-11 15:48:10 DEBUG cic.cs.unb.ca.jnetpcap.FlowGenerator    FlagFIN current has 49275 flow
2019-11-11 15:48:10 DEBUG cic.cs.unb.ca.jnetpcap.FlowGenerator    FlagFIN current has 49322 flow
2019-11-11 15:48:10 DEBUG cic.cs.unb.ca.jnetpcap.FlowGenerator    FlagFIN current has 49427 flow
2019-11-11 15:49:11 DEBUG cic.cs.unb.ca.jnetpcap.FlowGenerator    FlagFIN current has 49603 flow
2019-11-11 15:49:11 DEBUG cic.cs.unb.ca.jnetpcap.FlowGenerator    FlagFIN current has 49670 flow
2019-11-11 16:05:27 INFO  cic.cs.unb.ca.jnetpcap.worker.TrafficFlowWorker    Pcap is listening...
2019-11-11 16:19:07 INFO  cic.cs.unb.ca.jnetpcap.worker.TrafficFlowWorker    Pcap is listening...
2019-11-11 16:20:03 DEBUG cic.cs.unb.ca.jnetpcap.FlowGenerator    FlagFIN current has 531 flow
2019-11-11 16:20:03 DEBUG cic.cs.unb.ca.jnetpcap.FlowGenerator    FlagFIN current has 531 flow
2019-11-11 16:20:11 DEBUG cic.cs.unb.ca.jnetpcap.FlowGenerator    FlagFIN current has 602 flow
2019-11-11 16:20:11 DEBUG cic.cs.unb.ca.jnetpcap.FlowGenerator    FlagFIN current has 601 flow
2019-11-11 16:20:11 DEBUG cic.cs.unb.ca.jnetpcap.FlowGenerator    FlagFIN current has 606 flow
2019-11-11 16:20:11 DEBUG cic.cs.unb.ca.jnetpcap.FlowGenerator    FlagFIN current has 607 flow
2019-11-11 16:20:11 DEBUG cic.cs.unb.ca.jnetpcap.FlowGenerator    FlagFIN current has 677 flow
2019-11-11 16:21:00 DEBUG cic.cs.unb.ca.jnetpcap.FlowGenerator    FlagFIN current has 677 flow
2019-11-11 16:21:00 DEBUG cic.cs.unb.ca.jnetpcap.FlowGenerator    FlagFIN current has 936 flow
2019-11-11 16:21:00 DEBUG cic.cs.unb.ca.jnetpcap.FlowGenerator    FlagFIN current has 1004 flow
2019-11-11 16:22:01 DEBUG cic.cs.unb.ca.jnetpcap.FlowGenerator    FlagFIN current has 1229 flow
2019-11-11 16:22:01 DEBUG cic.cs.unb.ca.jnetpcap.FlowGenerator    FlagFIN current has 1229 flow
2019-11-11 16:22:01 DEBUG cic.cs.unb.ca.jnetpcap.FlowGenerator    FlagFIN current has 1237 flow
2019-11-11 16:22:01 DEBUG cic.cs.unb.ca.jnetpcap.FlowGenerator    FlagFIN current has 1256 flow
2019-11-11 16:22:01 DEBUG cic.cs.unb.ca.jnetpcap.FlowGenerator    FlagFIN current has 1256 flow
2019-11-11 16:22:01 DEBUG cic.cs.unb.ca.jnetpcap.FlowGenerator    FlagFIN current has 1263 flow
2019-11-11 16:22:01 DEBUG cic.cs.unb.ca.jnetpcap.FlowGenerator    FlagFIN current has 1263 flow
2019-11-11 16:22:02 DEBUG cic.cs.unb.ca.jnetpcap.FlowGenerator    FlagFIN current has 1548 flow
2019-11-11 16:22:02 DEBUG cic.cs.unb.ca.jnetpcap.FlowGenerator    FlagFIN current has 1548 flow
2019-11-11 16:22:02 DEBUG cic.cs.unb.ca.jnetpcap.FlowGenerator    FlagFIN current has 1551 flow
2019-11-11 16:22:02 DEBUG cic.cs.unb.ca.jnetpcap.FlowGenerator    FlagFIN current has 1550 flow
2019-11-11 16:22:02 DEBUG cic.cs.unb.ca.jnetpcap.FlowGenerator    FlagFIN current has 1550 flow
2019-11-11 16:22:53 DEBUG cic.cs.unb.ca.jnetpcap.FlowGenerator    FlagFIN current has 1814 flow
2019-11-11 16:22:53 DEBUG cic.cs.unb.ca.jnetpcap.FlowGenerator    FlagFIN current has 1887 flow
2019-11-11 16:22:53 DEBUG cic.cs.unb.ca.jnetpcap.FlowGenerator    FlagFIN current has 1886 flow
2019-11-11 16:22:53 DEBUG cic.cs.unb.ca.jnetpcap.FlowGenerator    FlagFIN current has 1885 flow
2019-11-11 16:22:53 DEBUG cic.cs.unb.ca.jnetpcap.FlowGenerator    FlagFIN current has 1885 flow
2019-11-11 16:22:53 DEBUG cic.cs.unb.ca.jnetpcap.FlowGenerator    FlagFIN current has 1886 flow
2019-11-11 16:22:53 DEBUG cic.cs.unb.ca.jnetpcap.FlowGenerator    FlagFIN current has 1887 flow
2019-11-11 16:23:21 DEBUG cic.cs.unb.ca.jnetpcap.FlowGenerator    FlagFIN current has 1904 flow
2019-11-11 16:23:21 DEBUG cic.cs.unb.ca.jnetpcap.FlowGenerator    FlagFIN current has 1904 flow
2019-11-11 16:23:21 DEBUG cic.cs.unb.ca.jnetpcap.FlowGenerator    FlagFIN current has 1905 flow
2019-11-11 16:23:21 DEBUG cic.cs.unb.ca.jnetpcap.FlowGenerator    FlagFIN current has 1905 flow
2019-11-11 16:23:21 DEBUG cic.cs.unb.ca.jnetpcap.FlowGenerator    FlagFIN current has 1906 flow
2019-11-11 16:23:21 DEBUG cic.cs.unb.ca.jnetpcap.FlowGenerator    FlagFIN current has 1905 flow
2019-11-11 16:23:21 DEBUG cic.cs.unb.ca.jnetpcap.FlowGenerator    FlagFIN current has 1905 flow
2019-11-11 16:23:21 DEBUG cic.cs.unb.ca.jnetpcap.FlowGenerator    FlagFIN current has 1906 flow
2019-11-11 16:23:21 DEBUG cic.cs.unb.ca.jnetpcap.FlowGenerator    FlagFIN current has 1920 flow
2019-11-11 16:23:21 DEBUG cic.cs.unb.ca.jnetpcap.FlowGenerator    FlagFIN current has 1920 flow
2019-11-11 16:23:21 DEBUG cic.cs.unb.ca.jnetpcap.FlowGenerator    FlagFIN current has 1934 flow
2019-11-11 16:23:21 DEBUG cic.cs.unb.ca.jnetpcap.FlowGenerator    FlagFIN current has 1933 flow
2019-11-11 16:23:21 DEBUG cic.cs.unb.ca.jnetpcap.FlowGenerator    FlagFIN current has 1932 flow
2019-11-11 16:23:21 DEBUG cic.cs.unb.ca.jnetpcap.FlowGenerator    FlagFIN current has 1932 flow
2019-11-11 16:23:21 DEBUG cic.cs.unb.ca.jnetpcap.FlowGenerator    FlagFIN current has 1933 flow
2019-11-11 16:23:21 DEBUG cic.cs.unb.ca.jnetpcap.FlowGenerator    FlagFIN current has 1935 flow
2019-11-11 16:23:21 DEBUG cic.cs.unb.ca.jnetpcap.FlowGenerator    FlagFIN current has 1945 flow
2019-11-11 16:23:21 DEBUG cic.cs.unb.ca.jnetpcap.FlowGenerator    FlagFIN current has 1944 flow
2019-11-11 16:23:21 DEBUG cic.cs.unb.ca.jnetpcap.FlowGenerator    FlagFIN current has 1944 flow
2019-11-11 16:23:21 DEBUG cic.cs.unb.ca.jnetpcap.FlowGenerator    FlagFIN current has 1945 flow
2019-11-11 16:23:21 DEBUG cic.cs.unb.ca.jnetpcap.FlowGenerator    FlagFIN current has 1983 flow
2019-11-11 16:23:21 DEBUG cic.cs.unb.ca.jnetpcap.FlowGenerator    FlagFIN current has 1983 flow
2019-11-11 16:23:21 DEBUG cic.cs.unb.ca.jnetpcap.FlowGenerator    FlagFIN current has 2007 flow
2019-11-11 16:23:21 DEBUG cic.cs.unb.ca.jnetpcap.FlowGenerator    FlagFIN current has 2007 flow
2019-11-11 16:23:44 DEBUG cic.cs.unb.ca.jnetpcap.FlowGenerator    FlagFIN current has 4269 flow
2019-11-11 16:23:44 DEBUG cic.cs.unb.ca.jnetpcap.FlowGenerator    FlagFIN current has 4269 flow
2019-11-11 16:23:44 DEBUG cic.cs.unb.ca.jnetpcap.FlowGenerator    FlagFIN current has 4279 flow
2019-11-11 16:23:44 DEBUG cic.cs.unb.ca.jnetpcap.FlowGenerator    FlagFIN current has 4281 flow
2019-11-11 16:24:20 DEBUG cic.cs.unb.ca.jnetpcap.FlowGenerator    FlagFIN current has 4300 flow
2019-11-11 16:24:20 DEBUG cic.cs.unb.ca.jnetpcap.FlowGenerator    FlagFIN current has 4300 flow
2019-11-11 16:24:20 DEBUG cic.cs.unb.ca.jnetpcap.FlowGenerator    FlagFIN current has 4302 flow
2019-11-11 16:24:20 DEBUG cic.cs.unb.ca.jnetpcap.FlowGenerator    FlagFIN current has 4303 flow
2019-11-11 16:24:20 DEBUG cic.cs.unb.ca.jnetpcap.FlowGenerator    FlagFIN current has 4307 flow
2019-11-11 16:24:20 DEBUG cic.cs.unb.ca.jnetpcap.FlowGenerator    FlagFIN current has 4310 flow
2019-11-11 16:24:20 DEBUG cic.cs.unb.ca.jnetpcap.FlowGenerator    FlagFIN current has 4309 flow
2019-11-11 16:24:20 DEBUG cic.cs.unb.ca.jnetpcap.FlowGenerator    FlagFIN current has 4331 flow
2019-11-11 16:24:20 DEBUG cic.cs.unb.ca.jnetpcap.FlowGenerator    FlagFIN current has 4333 flow
2019-11-11 16:24:20 DEBUG cic.cs.unb.ca.jnetpcap.FlowGenerator    FlagFIN current has 4338 flow
2019-11-11 16:24:20 DEBUG cic.cs.unb.ca.jnetpcap.FlowGenerator    FlagFIN current has 4339 flow
2019-11-11 16:24:20 DEBUG cic.cs.unb.ca.jnetpcap.FlowGenerator    FlagFIN current has 4347 flow
2019-11-11 16:24:20 DEBUG cic.cs.unb.ca.jnetpcap.FlowGenerator    FlagFIN current has 4352 flow
2019-11-11 16:24:20 DEBUG cic.cs.unb.ca.jnetpcap.FlowGenerator    FlagFIN current has 4377 flow
2019-11-11 16:24:20 DEBUG cic.cs.unb.ca.jnetpcap.FlowGenerator    FlagFIN current has 4394 flow
2019-11-11 16:24:20 DEBUG cic.cs.unb.ca.jnetpcap.FlowGenerator    FlagFIN current has 4396 flow
2019-11-11 16:24:20 DEBUG cic.cs.unb.ca.jnetpcap.FlowGenerator    FlagFIN current has 4410 flow
2019-11-11 16:24:20 DEBUG cic.cs.unb.ca.jnetpcap.FlowGenerator    FlagFIN current has 4440 flow
2019-11-11 16:24:20 DEBUG cic.cs.unb.ca.jnetpcap.FlowGenerator    FlagFIN current has 4460 flow
2019-11-11 16:24:20 DEBUG cic.cs.unb.ca.jnetpcap.FlowGenerator    FlagFIN current has 4462 flow
2019-11-11 16:25:16 DEBUG cic.cs.unb.ca.jnetpcap.FlowGenerator    FlagFIN current has 5027 flow
2019-11-11 16:25:16 DEBUG cic.cs.unb.ca.jnetpcap.FlowGenerator    FlagFIN current has 5027 flow
2019-11-11 16:25:16 DEBUG cic.cs.unb.ca.jnetpcap.FlowGenerator    FlagFIN current has 5032 flow
2019-11-11 16:25:16 DEBUG cic.cs.unb.ca.jnetpcap.FlowGenerator    FlagFIN current has 5037 flow
2019-11-11 16:25:16 DEBUG cic.cs.unb.ca.jnetpcap.FlowGenerator    FlagFIN current has 5061 flow
2019-11-11 16:25:53 DEBUG cic.cs.unb.ca.jnetpcap.FlowGenerator    FlagFIN current has 5104 flow
2019-11-11 16:25:53 DEBUG cic.cs.unb.ca.jnetpcap.FlowGenerator    FlagFIN current has 5110 flow
2019-11-11 16:25:53 DEBUG cic.cs.unb.ca.jnetpcap.FlowGenerator    FlagFIN current has 5112 flow
2019-11-11 16:25:53 DEBUG cic.cs.unb.ca.jnetpcap.FlowGenerator    FlagFIN current has 5113 flow
2019-11-11 16:25:53 DEBUG cic.cs.unb.ca.jnetpcap.FlowGenerator    FlagFIN current has 5113 flow
2019-11-11 16:25:53 DEBUG cic.cs.unb.ca.jnetpcap.FlowGenerator    FlagFIN current has 5113 flow
2019-11-11 16:25:53 DEBUG cic.cs.unb.ca.jnetpcap.FlowGenerator    FlagFIN current has 5131 flow
2019-11-11 16:25:53 DEBUG cic.cs.unb.ca.jnetpcap.FlowGenerator    FlagFIN current has 5159 flow
2019-11-11 16:25:53 DEBUG cic.cs.unb.ca.jnetpcap.FlowGenerator    FlagFIN current has 5159 flow
2019-11-11 16:25:53 DEBUG cic.cs.unb.ca.jnetpcap.FlowGenerator    FlagFIN current has 5197 flow
2019-11-11 16:25:53 DEBUG cic.cs.unb.ca.jnetpcap.FlowGenerator    FlagFIN current has 5197 flow
2019-11-11 16:25:53 DEBUG cic.cs.unb.ca.jnetpcap.FlowGenerator    FlagFIN current has 5200 flow
2019-11-11 16:25:53 DEBUG cic.cs.unb.ca.jnetpcap.FlowGenerator    FlagFIN current has 5199 flow
2019-11-11 16:25:53 DEBUG cic.cs.unb.ca.jnetpcap.FlowGenerator    FlagFIN current has 5200 flow
2019-11-11 16:25:53 DEBUG cic.cs.unb.ca.jnetpcap.FlowGenerator    FlagFIN current has 5209 flow
2019-11-11 16:25:53 DEBUG cic.cs.unb.ca.jnetpcap.FlowGenerator    FlagFIN current has 5212 flow
2019-11-11 16:25:53 DEBUG cic.cs.unb.ca.jnetpcap.FlowGenerator    FlagFIN current has 5213 flow
2019-11-11 16:25:53 DEBUG cic.cs.unb.ca.jnetpcap.FlowGenerator    FlagFIN current has 5341 flow
2019-11-11 16:25:53 DEBUG cic.cs.unb.ca.jnetpcap.FlowGenerator    Timeout current has 5350 flow
2019-11-11 16:26:54 DEBUG cic.cs.unb.ca.jnetpcap.FlowGenerator    FlagFIN current has 5475 flow
2019-11-11 16:26:54 DEBUG cic.cs.unb.ca.jnetpcap.FlowGenerator    FlagFIN current has 5660 flow
2019-11-11 16:26:54 DEBUG cic.cs.unb.ca.jnetpcap.FlowGenerator    FlagFIN current has 5686 flow
2019-11-11 16:26:54 DEBUG cic.cs.unb.ca.jnetpcap.FlowGenerator    FlagFIN current has 5689 flow
2019-11-11 16:26:54 DEBUG cic.cs.unb.ca.jnetpcap.FlowGenerator    FlagFIN current has 5711 flow
2019-11-11 16:27:56 DEBUG cic.cs.unb.ca.jnetpcap.FlowGenerator    FlagFIN current has 5797 flow
2019-11-11 16:27:56 DEBUG cic.cs.unb.ca.jnetpcap.FlowGenerator    FlagFIN current has 5833 flow
2019-11-11 16:27:56 DEBUG cic.cs.unb.ca.jnetpcap.FlowGenerator    FlagFIN current has 5847 flow
2019-11-11 16:27:56 DEBUG cic.cs.unb.ca.jnetpcap.FlowGenerator    FlagFIN current has 5847 flow
2019-11-11 16:27:56 DEBUG cic.cs.unb.ca.jnetpcap.FlowGenerator    FlagFIN current has 5850 flow
2019-11-11 16:27:56 DEBUG cic.cs.unb.ca.jnetpcap.FlowGenerator    FlagFIN current has 5870 flow
2019-11-11 17:04:14 INFO  cic.cs.unb.ca.jnetpcap.worker.TrafficFlowWorker    Pcap is listening...
